Traceback (most recent call last):
  File "/home/hooniegit/git/fastapi-load/main.py", line 2, in <module>
    from routers import update_data_router, remove_data_router, update_parquet_router
  File "/home/hooniegit/git/fastapi-load/routers/update_parquet_router.py", line 10
    location_id = 
                  ^
SyntaxError: invalid syntax
INFO:     Started server process [287405]
INFO:     Waiting for application startup.
INFO:     Application startup complete.
INFO:     Uvicorn running on http://0.0.0.0:9000 (Press CTRL+C to quit)
INFO:     Shutting down
INFO:     Waiting for application shutdown.
INFO:     Application shutdown complete.
INFO:     Finished server process [287405]
Traceback (most recent call last):
  File "main.py", line 1, in <module>
    from fastapi import FastAPI
ModuleNotFoundError: No module named 'fastapi'
INFO:     Started server process [653621]
INFO:     Waiting for application startup.
INFO:     Application startup complete.
ERROR:    [Errno 98] error while attempting to bind on address ('0.0.0.0', 9000): address already in use
INFO:     Waiting for application shutdown.
INFO:     Application shutdown complete.
INFO:     Started server process [605690]
INFO:     Waiting for application startup.
INFO:     Application startup complete.
INFO:     Uvicorn running on http://0.0.0.0:8000 (Press CTRL+C to quit)
INFO:     127.0.0.1:52612 - "POST /update/100 HTTP/1.1" 200 OK
Folder Exists
INFO:     127.0.0.1:52614 - "POST /update/100 HTTP/1.1" 200 OK
Folder Exists
INFO:     127.0.0.1:52616 - "POST /update/100 HTTP/1.1" 200 OK
Folder Exists
INFO:     127.0.0.1:52626 - "POST /update/100 HTTP/1.1" 200 OK
Folder Exists
INFO:     127.0.0.1:52640 - "POST /update/100 HTTP/1.1" 200 OK
Folder Exists
INFO:     127.0.0.1:52648 - "POST /update/100 HTTP/1.1" 200 OK
Folder Exists
INFO:     127.0.0.1:52658 - "POST /update/500 HTTP/1.1" 200 OK
Folder Exists
INFO:     127.0.0.1:52662 - "POST /update/100 HTTP/1.1" 200 OK
Folder Exists
INFO:     127.0.0.1:47160 - "POST /update/500 HTTP/1.1" 200 OK
Folder Exists
INFO:     127.0.0.1:47168 - "POST /update/100 HTTP/1.1" 200 OK
Folder Exists
INFO:     127.0.0.1:47172 - "POST /update/500 HTTP/1.1" 200 OK
Folder Exists
INFO:     127.0.0.1:47184 - "POST /update/100 HTTP/1.1" 200 OK
Folder Exists
INFO:     127.0.0.1:47200 - "POST /update/500 HTTP/1.1" 200 OK
Folder Exists
INFO:     127.0.0.1:47208 - "POST /update/100 HTTP/1.1" 200 OK
Folder Exists
INFO:     127.0.0.1:47218 - "POST /update/500 HTTP/1.1" 200 OK
Folder Exists
INFO:     127.0.0.1:47230 - "POST /update/100 HTTP/1.1" 200 OK
Folder Exists
INFO:     127.0.0.1:47236 - "POST /update/500 HTTP/1.1" 200 OK
Folder Exists
INFO:     127.0.0.1:47238 - "POST /update/100 HTTP/1.1" 200 OK
Folder Exists
INFO:     127.0.0.1:47248 - "POST /update/500 HTTP/1.1" 200 OK
Folder Exists
INFO:     127.0.0.1:47262 - "POST /update/100 HTTP/1.1" 200 OK
Folder Exists
INFO:     127.0.0.1:47276 - "POST /update/500 HTTP/1.1" 200 OK
Folder Exists
INFO:     127.0.0.1:47282 - "POST /update/100 HTTP/1.1" 200 OK
Folder Exists
INFO:     127.0.0.1:47296 - "POST /update/500 HTTP/1.1" 200 OK
Folder Exists
INFO:     127.0.0.1:47302 - "POST /update/100 HTTP/1.1" 200 OK
Folder Exists
INFO:     127.0.0.1:47316 - "POST /update/500 HTTP/1.1" 200 OK
Folder Exists
INFO:     127.0.0.1:47320 - "POST /update/100 HTTP/1.1" 200 OK
Folder Exists
INFO:     127.0.0.1:47332 - "POST /update/500 HTTP/1.1" 200 OK
Folder Exists
INFO:     127.0.0.1:47348 - "POST /update/100 HTTP/1.1" 200 OK
Folder Exists
INFO:     127.0.0.1:53288 - "POST /update/500 HTTP/1.1" 200 OK
Folder Exists
INFO:     127.0.0.1:53294 - "POST /update/100 HTTP/1.1" 200 OK
Folder Exists
INFO:     127.0.0.1:53298 - "POST /update/500 HTTP/1.1" 200 OK
Folder Exists
INFO:     127.0.0.1:53306 - "POST /update/100 HTTP/1.1" 200 OK
Folder Exists
INFO:     127.0.0.1:53310 - "POST /update/500 HTTP/1.1" 200 OK
Folder Exists
INFO:     127.0.0.1:53324 - "POST /update/100 HTTP/1.1" 200 OK
Folder Exists
INFO:     127.0.0.1:53334 - "POST /update/500 HTTP/1.1" 200 OK
Folder Exists
INFO:     127.0.0.1:53350 - "POST /update/100 HTTP/1.1" 200 OK
Folder Exists
INFO:     127.0.0.1:53362 - "POST /update/500 HTTP/1.1" 200 OK
Folder Exists
INFO:     127.0.0.1:53368 - "POST /update/100 HTTP/1.1" 200 OK
Folder Exists
INFO:     127.0.0.1:53380 - "POST /update/500 HTTP/1.1" 200 OK
Folder Exists
INFO:     127.0.0.1:53396 - "POST /update/100 HTTP/1.1" 200 OK
Folder Exists
INFO:     127.0.0.1:53406 - "POST /update/500 HTTP/1.1" 200 OK
Folder Exists
INFO:     127.0.0.1:53410 - "POST /update/100 HTTP/1.1" 200 OK
Folder Exists
INFO:     127.0.0.1:53426 - "POST /update/500 HTTP/1.1" 200 OK
Folder Exists
INFO:     127.0.0.1:53428 - "POST /update/100 HTTP/1.1" 200 OK
Folder Exists
INFO:     127.0.0.1:53436 - "POST /update/500 HTTP/1.1" 200 OK
Folder Exists
INFO:     127.0.0.1:53444 - "POST /update/100 HTTP/1.1" 200 OK
Folder Exists
INFO:     127.0.0.1:53450 - "POST /update/500 HTTP/1.1" 200 OK
Folder Exists
INFO:     127.0.0.1:53452 - "POST /update/100 HTTP/1.1" 200 OK
Folder Exists
INFO:     127.0.0.1:50772 - "POST /update/500 HTTP/1.1" 200 OK
Folder Exists
INFO:     127.0.0.1:50778 - "POST /update/100 HTTP/1.1" 200 OK
Folder Exists
INFO:     127.0.0.1:50786 - "POST /update/500 HTTP/1.1" 200 OK
Folder Exists
INFO:     127.0.0.1:50796 - "POST /update/100 HTTP/1.1" 200 OK
Folder Exists
INFO:     127.0.0.1:50806 - "POST /update/500 HTTP/1.1" 200 OK
Folder Exists
INFO:     127.0.0.1:50820 - "POST /update/100 HTTP/1.1" 200 OK
INFO:     127.0.0.1:50834 - "POST /update/400 HTTP/1.1" 200 OK
Folder Exists
INFO:     127.0.0.1:50848 - "POST /update/500 HTTP/1.1" 200 OK
Folder Exists
INFO:     127.0.0.1:50852 - "POST /update/100 HTTP/1.1" 200 OK
Folder Exists
INFO:     127.0.0.1:50858 - "POST /update/400 HTTP/1.1" 200 OK
Folder Exists
INFO:     127.0.0.1:50864 - "POST /update/500 HTTP/1.1" 200 OK
Folder Exists
INFO:     127.0.0.1:50880 - "POST /update/100 HTTP/1.1" 200 OK
Folder Exists
INFO:     127.0.0.1:50886 - "POST /update/400 HTTP/1.1" 200 OK
Folder Exists
INFO:     127.0.0.1:50902 - "POST /update/500 HTTP/1.1" 200 OK
Folder Exists
INFO:     127.0.0.1:50908 - "POST /update/100 HTTP/1.1" 200 OK
Folder Exists
INFO:     127.0.0.1:50914 - "POST /update/400 HTTP/1.1" 200 OK
Folder Exists
INFO:     127.0.0.1:50916 - "POST /update/500 HTTP/1.1" 200 OK
Folder Exists
INFO:     127.0.0.1:50922 - "POST /update/100 HTTP/1.1" 200 OK
Folder Exists
INFO:     127.0.0.1:50932 - "POST /update/400 HTTP/1.1" 200 OK
Folder Exists
INFO:     127.0.0.1:50948 - "POST /update/500 HTTP/1.1" 200 OK
Folder Exists
INFO:     127.0.0.1:50958 - "POST /update/100 HTTP/1.1" 200 OK
Folder Exists
INFO:     127.0.0.1:50962 - "POST /update/400 HTTP/1.1" 200 OK
Folder Exists
INFO:     127.0.0.1:50970 - "POST /update/500 HTTP/1.1" 200 OK
Folder Exists
INFO:     127.0.0.1:50982 - "POST /update/100 HTTP/1.1" 200 OK
Folder Exists
INFO:     127.0.0.1:50998 - "POST /update/400 HTTP/1.1" 200 OK
Folder Exists
INFO:     127.0.0.1:51006 - "POST /update/500 HTTP/1.1" 200 OK
Folder Exists
INFO:     127.0.0.1:51018 - "POST /update/100 HTTP/1.1" 200 OK
Folder Exists
INFO:     127.0.0.1:51034 - "POST /update/400 HTTP/1.1" 200 OK
Folder Exists
INFO:     127.0.0.1:38662 - "POST /update/500 HTTP/1.1" 200 OK
Folder Exists
INFO:     127.0.0.1:38674 - "POST /update/100 HTTP/1.1" 200 OK
Folder Exists
INFO:     127.0.0.1:38680 - "POST /update/400 HTTP/1.1" 200 OK
Folder Exists
INFO:     127.0.0.1:38690 - "POST /update/500 HTTP/1.1" 200 OK
Folder Exists
INFO:     127.0.0.1:38696 - "POST /update/100 HTTP/1.1" 200 OK
Folder Exists
INFO:     127.0.0.1:38704 - "POST /update/400 HTTP/1.1" 200 OK
Folder Exists
INFO:     127.0.0.1:38720 - "POST /update/500 HTTP/1.1" 200 OK
Folder Exists
INFO:     127.0.0.1:38726 - "POST /update/100 HTTP/1.1" 200 OK
Folder Exists
INFO:     127.0.0.1:38730 - "POST /update/400 HTTP/1.1" 200 OK
Folder Exists
INFO:     127.0.0.1:38742 - "POST /update/500 HTTP/1.1" 200 OK
Folder Exists
INFO:     127.0.0.1:38752 - "POST /update/100 HTTP/1.1" 200 OK
Folder Exists
INFO:     127.0.0.1:38758 - "POST /update/400 HTTP/1.1" 200 OK
Folder Exists
INFO:     127.0.0.1:38762 - "POST /update/500 HTTP/1.1" 200 OK
Folder Exists
INFO:     127.0.0.1:38770 - "POST /update/100 HTTP/1.1" 200 OK
Folder Exists
INFO:     127.0.0.1:38774 - "POST /update/400 HTTP/1.1" 200 OK
Folder Exists
INFO:     127.0.0.1:38776 - "POST /update/500 HTTP/1.1" 200 OK
Folder Exists
INFO:     127.0.0.1:38782 - "POST /update/100 HTTP/1.1" 200 OK
Folder Exists
INFO:     127.0.0.1:38796 - "POST /update/400 HTTP/1.1" 200 OK
Folder Exists
INFO:     127.0.0.1:38800 - "POST /update/500 HTTP/1.1" 200 OK
Folder Exists
INFO:     127.0.0.1:38808 - "POST /update/100 HTTP/1.1" 200 OK
Folder Exists
INFO:     127.0.0.1:38822 - "POST /update/400 HTTP/1.1" 200 OK
Folder Exists
INFO:     127.0.0.1:38836 - "POST /update/500 HTTP/1.1" 200 OK
Folder Exists
INFO:     127.0.0.1:38844 - "POST /update/100 HTTP/1.1" 200 OK
Folder Exists
INFO:     127.0.0.1:38860 - "POST /update/400 HTTP/1.1" 200 OK
Folder Exists
INFO:     127.0.0.1:38870 - "POST /update/500 HTTP/1.1" 200 OK
Folder Exists
INFO:     127.0.0.1:38880 - "POST /update/100 HTTP/1.1" 200 OK
Folder Exists
INFO:     127.0.0.1:38888 - "POST /update/400 HTTP/1.1" 200 OK
Folder Exists
INFO:     127.0.0.1:38900 - "POST /update/500 HTTP/1.1" 200 OK
Folder Exists
INFO:     127.0.0.1:38908 - "POST /update/100 HTTP/1.1" 200 OK
Folder Exists
INFO:     127.0.0.1:38912 - "POST /update/400 HTTP/1.1" 200 OK
Folder Exists
INFO:     127.0.0.1:52432 - "POST /update/500 HTTP/1.1" 200 OK
Folder Exists
INFO:     127.0.0.1:52440 - "POST /update/100 HTTP/1.1" 200 OK
Folder Exists
INFO:     127.0.0.1:52450 - "POST /update/400 HTTP/1.1" 200 OK
Folder Exists
INFO:     127.0.0.1:52454 - "POST /update/500 HTTP/1.1" 200 OK
Folder Exists
INFO:     127.0.0.1:52462 - "POST /update/100 HTTP/1.1" 200 OK
Folder Exists
INFO:     127.0.0.1:52466 - "POST /update/400 HTTP/1.1" 200 OK
Folder Exists
INFO:     127.0.0.1:52478 - "POST /update/500 HTTP/1.1" 200 OK
Folder Exists
INFO:     127.0.0.1:52486 - "POST /update/100 HTTP/1.1" 200 OK
Folder Exists
INFO:     127.0.0.1:52488 - "POST /update/400 HTTP/1.1" 200 OK
Folder Exists
INFO:     127.0.0.1:52500 - "POST /update/500 HTTP/1.1" 200 OK
Folder Exists
INFO:     127.0.0.1:52506 - "POST /update/100 HTTP/1.1" 200 OK
Folder Exists
INFO:     127.0.0.1:52508 - "POST /update/400 HTTP/1.1" 200 OK
Folder Exists
INFO:     127.0.0.1:52510 - "POST /update/500 HTTP/1.1" 200 OK
Folder Exists
INFO:     127.0.0.1:52520 - "POST /update/100 HTTP/1.1" 200 OK
Folder Exists
INFO:     127.0.0.1:52532 - "POST /update/400 HTTP/1.1" 200 OK
Folder Exists
INFO:     127.0.0.1:52536 - "POST /update/500 HTTP/1.1" 200 OK
Folder Exists
INFO:     127.0.0.1:52550 - "POST /update/100 HTTP/1.1" 200 OK
Folder Exists
INFO:     127.0.0.1:52554 - "POST /update/400 HTTP/1.1" 200 OK
Folder Exists
INFO:     127.0.0.1:52566 - "POST /update/500 HTTP/1.1" 200 OK
Folder Exists
INFO:     127.0.0.1:52578 - "POST /update/100 HTTP/1.1" 200 OK
Folder Exists
INFO:     127.0.0.1:52594 - "POST /update/400 HTTP/1.1" 200 OK
Folder Exists
INFO:     127.0.0.1:52596 - "POST /update/500 HTTP/1.1" 200 OK
Folder Exists
INFO:     127.0.0.1:52610 - "POST /update/100 HTTP/1.1" 200 OK
Folder Exists
INFO:     127.0.0.1:52612 - "POST /update/400 HTTP/1.1" 200 OK
Folder Exists
INFO:     127.0.0.1:52624 - "POST /update/500 HTTP/1.1" 200 OK
Folder Exists
INFO:     127.0.0.1:52640 - "POST /update/100 HTTP/1.1" 200 OK
Folder Exists
INFO:     127.0.0.1:52646 - "POST /update/400 HTTP/1.1" 200 OK
Folder Exists
INFO:     127.0.0.1:52652 - "POST /update/500 HTTP/1.1" 200 OK
Folder Exists
INFO:     127.0.0.1:52668 - "POST /update/100 HTTP/1.1" 200 OK
Folder Exists
INFO:     127.0.0.1:52672 - "POST /update/400 HTTP/1.1" 200 OK
Folder Exists
INFO:     127.0.0.1:53614 - "POST /update/500 HTTP/1.1" 200 OK
Folder Exists
INFO:     127.0.0.1:53616 - "POST /update/100 HTTP/1.1" 200 OK
Folder Exists
INFO:     127.0.0.1:53624 - "POST /update/400 HTTP/1.1" 200 OK
Folder Exists
INFO:     127.0.0.1:53636 - "POST /update/500 HTTP/1.1" 200 OK
Folder Exists
INFO:     127.0.0.1:53652 - "POST /update/100 HTTP/1.1" 200 OK
Folder Exists
INFO:     127.0.0.1:53664 - "POST /update/400 HTTP/1.1" 200 OK
Folder Exists
INFO:     127.0.0.1:53668 - "POST /update/500 HTTP/1.1" 200 OK
Folder Exists
INFO:     127.0.0.1:53682 - "POST /update/100 HTTP/1.1" 200 OK
Folder Exists
INFO:     127.0.0.1:53698 - "POST /update/400 HTTP/1.1" 200 OK
Folder Exists
INFO:     127.0.0.1:53702 - "POST /update/500 HTTP/1.1" 200 OK
Folder Exists
INFO:     127.0.0.1:53718 - "POST /update/100 HTTP/1.1" 200 OK
Folder Exists
INFO:     127.0.0.1:53724 - "POST /update/400 HTTP/1.1" 200 OK
Folder Exists
INFO:     127.0.0.1:53730 - "POST /update/500 HTTP/1.1" 200 OK
Folder Exists
INFO:     127.0.0.1:53746 - "POST /update/100 HTTP/1.1" 200 OK
Folder Exists
INFO:     127.0.0.1:53750 - "POST /update/400 HTTP/1.1" 200 OK
Folder Exists
INFO:     127.0.0.1:53758 - "POST /update/500 HTTP/1.1" 200 OK
Folder Exists
INFO:     127.0.0.1:53762 - "POST /update/100 HTTP/1.1" 200 OK
Folder Exists
INFO:     127.0.0.1:53774 - "POST /update/400 HTTP/1.1" 200 OK
Folder Exists
INFO:     127.0.0.1:53776 - "POST /update/500 HTTP/1.1" 200 OK
Folder Exists
INFO:     127.0.0.1:53792 - "POST /update/100 HTTP/1.1" 200 OK
Folder Exists
INFO:     127.0.0.1:53804 - "POST /update/400 HTTP/1.1" 200 OK
Folder Exists
INFO:     127.0.0.1:53818 - "POST /update/500 HTTP/1.1" 200 OK
Folder Exists
INFO:     127.0.0.1:53832 - "POST /update/100 HTTP/1.1" 200 OK
Folder Exists
INFO:     127.0.0.1:53848 - "POST /update/400 HTTP/1.1" 200 OK
Folder Exists
INFO:     127.0.0.1:53852 - "POST /update/500 HTTP/1.1" 200 OK
Folder Exists
INFO:     127.0.0.1:53860 - "POST /update/100 HTTP/1.1" 200 OK
Folder Exists
INFO:     127.0.0.1:53876 - "POST /update/400 HTTP/1.1" 200 OK
Folder Exists
INFO:     127.0.0.1:53886 - "POST /update/500 HTTP/1.1" 200 OK
Folder Exists
INFO:     127.0.0.1:53894 - "POST /update/100 HTTP/1.1" 200 OK
Folder Exists
INFO:     127.0.0.1:53900 - "POST /update/400 HTTP/1.1" 200 OK
Folder Exists
INFO:     127.0.0.1:55148 - "POST /update/500 HTTP/1.1" 200 OK
Folder Exists
INFO:     127.0.0.1:55162 - "POST /update/100 HTTP/1.1" 200 OK
Folder Exists
INFO:     127.0.0.1:55170 - "POST /update/400 HTTP/1.1" 200 OK
Folder Exists
INFO:     127.0.0.1:55172 - "POST /update/500 HTTP/1.1" 200 OK
Folder Exists
INFO:     127.0.0.1:55186 - "POST /update/400 HTTP/1.1" 200 OK
Folder Exists
INFO:     127.0.0.1:55190 - "POST /update/100 HTTP/1.1" 200 OK
Folder Exists
INFO:     127.0.0.1:55206 - "POST /update/500 HTTP/1.1" 200 OK
Folder Exists
INFO:     127.0.0.1:55216 - "POST /update/100 HTTP/1.1" 200 OK
Folder Exists
INFO:     127.0.0.1:55222 - "POST /update/400 HTTP/1.1" 200 OK
Folder Exists
INFO:     127.0.0.1:55224 - "POST /update/500 HTTP/1.1" 200 OK
Folder Exists
INFO:     127.0.0.1:55238 - "POST /update/100 HTTP/1.1" 200 OK
Folder Exists
INFO:     127.0.0.1:55240 - "POST /update/400 HTTP/1.1" 200 OK
INFO:     127.0.0.1:55242 - "POST /update/200 HTTP/1.1" 200 OK
Folder Exists
INFO:     127.0.0.1:55244 - "POST /update/500 HTTP/1.1" 200 OK
Folder Exists
INFO:     127.0.0.1:55260 - "POST /update/100 HTTP/1.1" 200 OK
Folder Exists
INFO:     127.0.0.1:55268 - "POST /update/400 HTTP/1.1" 200 OK
Folder Exists
INFO:     127.0.0.1:55270 - "POST /update/200 HTTP/1.1" 200 OK
Folder Exists
INFO:     127.0.0.1:55276 - "POST /update/500 HTTP/1.1" 200 OK
Folder Exists
INFO:     127.0.0.1:55280 - "POST /update/100 HTTP/1.1" 200 OK
Folder Exists
INFO:     127.0.0.1:55284 - "POST /update/400 HTTP/1.1" 200 OK
Folder Exists
INFO:     127.0.0.1:55290 - "POST /update/200 HTTP/1.1" 200 OK
Folder Exists
INFO:     127.0.0.1:55294 - "POST /update/500 HTTP/1.1" 200 OK
Folder Exists
INFO:     127.0.0.1:55304 - "POST /update/100 HTTP/1.1" 200 OK
Folder Exists
INFO:     127.0.0.1:55312 - "POST /update/400 HTTP/1.1" 200 OK
Folder Exists
INFO:     127.0.0.1:55322 - "POST /update/200 HTTP/1.1" 200 OK
Folder Exists
INFO:     127.0.0.1:55330 - "POST /update/500 HTTP/1.1" 200 OK
Folder Exists
INFO:     127.0.0.1:55352 - "POST /update/400 HTTP/1.1" 200 OK
Folder Exists
INFO:     127.0.0.1:55344 - "POST /update/100 HTTP/1.1" 200 OK
Folder Exists
INFO:     127.0.0.1:55368 - "POST /update/200 HTTP/1.1" 200 OK
Folder Exists
INFO:     127.0.0.1:55384 - "POST /update/500 HTTP/1.1" 200 OK
Folder Exists
INFO:     127.0.0.1:55388 - "POST /update/100 HTTP/1.1" 200 OK
Folder Exists
INFO:     127.0.0.1:55398 - "POST /update/400 HTTP/1.1" 200 OK
Folder Exists
INFO:     127.0.0.1:55410 - "POST /update/200 HTTP/1.1" 200 OK
Folder Exists
INFO:     127.0.0.1:55420 - "POST /update/500 HTTP/1.1" 200 OK
Folder Exists
INFO:     127.0.0.1:55434 - "POST /update/100 HTTP/1.1" 200 OK
Folder Exists
INFO:     127.0.0.1:55448 - "POST /update/400 HTTP/1.1" 200 OK
Folder Exists
INFO:     127.0.0.1:37196 - "POST /update/200 HTTP/1.1" 200 OK
Folder Exists
INFO:     127.0.0.1:37198 - "POST /update/500 HTTP/1.1" 200 OK
Folder Exists
INFO:     127.0.0.1:37214 - "POST /update/100 HTTP/1.1" 200 OK
Folder Exists
INFO:     127.0.0.1:37228 - "POST /update/400 HTTP/1.1" 200 OK
Folder Exists
INFO:     127.0.0.1:37244 - "POST /update/200 HTTP/1.1" 200 OK
Folder Exists
INFO:     127.0.0.1:37254 - "POST /update/500 HTTP/1.1" 200 OK
Folder Exists
INFO:     127.0.0.1:37268 - "POST /update/400 HTTP/1.1" 200 OK
Folder Exists
INFO:     127.0.0.1:37276 - "POST /update/100 HTTP/1.1" 200 OK
Folder Exists
INFO:     127.0.0.1:37288 - "POST /update/200 HTTP/1.1" 200 OK
Folder Exists
INFO:     127.0.0.1:37300 - "POST /update/500 HTTP/1.1" 200 OK
Folder Exists
INFO:     127.0.0.1:37316 - "POST /update/400 HTTP/1.1" 200 OK
Folder Exists
INFO:     127.0.0.1:37326 - "POST /update/100 HTTP/1.1" 200 OK
Folder Exists
INFO:     127.0.0.1:37328 - "POST /update/200 HTTP/1.1" 200 OK
Folder Exists
INFO:     127.0.0.1:37344 - "POST /update/500 HTTP/1.1" 200 OK
Folder Exists
INFO:     127.0.0.1:37356 - "POST /update/100 HTTP/1.1" 200 OK
Folder Exists
INFO:     127.0.0.1:37362 - "POST /update/400 HTTP/1.1" 200 OK
Folder Exists
INFO:     127.0.0.1:37372 - "POST /update/200 HTTP/1.1" 200 OK
Folder Exists
INFO:     127.0.0.1:37380 - "POST /update/500 HTTP/1.1" 200 OK
Folder Exists
INFO:     127.0.0.1:37382 - "POST /update/400 HTTP/1.1" 200 OK
Folder Exists
INFO:     127.0.0.1:37398 - "POST /update/100 HTTP/1.1" 200 OK
INFO:     127.0.0.1:37406 - "POST /update/300 HTTP/1.1" 200 OK
Folder Exists
INFO:     127.0.0.1:37420 - "POST /update/200 HTTP/1.1" 200 OK
Folder Exists
INFO:     127.0.0.1:37436 - "POST /update/500 HTTP/1.1" 200 OK
Folder Exists
INFO:     127.0.0.1:37450 - "POST /update/400 HTTP/1.1" 200 OK
Folder Exists
INFO:     127.0.0.1:37466 - "POST /update/100 HTTP/1.1" 200 OK
Folder Exists
INFO:     127.0.0.1:37470 - "POST /update/300 HTTP/1.1" 200 OK
Folder Exists
INFO:     127.0.0.1:37480 - "POST /update/200 HTTP/1.1" 200 OK
Folder Exists
INFO:     127.0.0.1:37492 - "POST /update/500 HTTP/1.1" 200 OK
Folder Exists
INFO:     127.0.0.1:37496 - "POST /update/100 HTTP/1.1" 200 OK
Folder Exists
INFO:     127.0.0.1:37504 - "POST /update/400 HTTP/1.1" 200 OK
Folder Exists
INFO:     127.0.0.1:37514 - "POST /update/300 HTTP/1.1" 200 OK
Folder Exists
INFO:     127.0.0.1:37516 - "POST /update/200 HTTP/1.1" 200 OK
Folder Exists
INFO:     127.0.0.1:37518 - "POST /update/500 HTTP/1.1" 200 OK
Folder Exists
INFO:     127.0.0.1:37526 - "POST /update/100 HTTP/1.1" 200 OK
Folder Exists
INFO:     127.0.0.1:37542 - "POST /update/400 HTTP/1.1" 200 OK
Folder Exists
INFO:     127.0.0.1:37554 - "POST /update/300 HTTP/1.1" 200 OK
Folder Exists
INFO:     127.0.0.1:37556 - "POST /update/200 HTTP/1.1" 200 OK
Folder Exists
INFO:     127.0.0.1:37566 - "POST /update/500 HTTP/1.1" 200 OK
Folder Exists
INFO:     127.0.0.1:37580 - "POST /update/400 HTTP/1.1" 200 OK
Folder Exists
INFO:     127.0.0.1:37582 - "POST /update/100 HTTP/1.1" 200 OK
Folder Exists
INFO:     127.0.0.1:37608 - "POST /update/300 HTTP/1.1" 200 OK
Folder Exists
INFO:     127.0.0.1:37614 - "POST /update/200 HTTP/1.1" 200 OK
Folder Exists
INFO:     127.0.0.1:37628 - "POST /update/500 HTTP/1.1" 200 OK
Folder Exists
INFO:     127.0.0.1:37650 - "POST /update/400 HTTP/1.1" 200 OK
Folder Exists
INFO:     127.0.0.1:37644 - "POST /update/100 HTTP/1.1" 200 OK
Folder Exists
INFO:     127.0.0.1:59020 - "POST /update/300 HTTP/1.1" 200 OK
Folder Exists
INFO:     127.0.0.1:59032 - "POST /update/200 HTTP/1.1" 200 OK
Folder Exists
INFO:     127.0.0.1:59046 - "POST /update/500 HTTP/1.1" 200 OK
Folder Exists
INFO:     127.0.0.1:59048 - "POST /update/100 HTTP/1.1" 200 OK
Folder Exists
INFO:     127.0.0.1:59062 - "POST /update/400 HTTP/1.1" 200 OK
Folder Exists
INFO:     127.0.0.1:59072 - "POST /update/300 HTTP/1.1" 200 OK
Folder Exists
INFO:     127.0.0.1:59078 - "POST /update/200 HTTP/1.1" 200 OK
Folder Exists
INFO:     127.0.0.1:59086 - "POST /update/500 HTTP/1.1" 200 OK
Folder Exists
INFO:     127.0.0.1:59100 - "POST /update/100 HTTP/1.1" 200 OK
Folder Exists
INFO:     127.0.0.1:59106 - "POST /update/400 HTTP/1.1" 200 OK
Folder Exists
INFO:     127.0.0.1:59114 - "POST /update/300 HTTP/1.1" 200 OK
Folder Exists
INFO:     127.0.0.1:59124 - "POST /update/200 HTTP/1.1" 200 OK
Folder Exists
INFO:     127.0.0.1:59132 - "POST /update/500 HTTP/1.1" 200 OK
Folder Exists
INFO:     127.0.0.1:59142 - "POST /update/400 HTTP/1.1" 200 OK
Folder Exists
INFO:     127.0.0.1:59152 - "POST /update/100 HTTP/1.1" 200 OK
Folder Exists
INFO:     127.0.0.1:59158 - "POST /update/300 HTTP/1.1" 200 OK
Folder Exists
INFO:     127.0.0.1:59166 - "POST /update/200 HTTP/1.1" 200 OK
Folder Exists
INFO:     127.0.0.1:59176 - "POST /update/500 HTTP/1.1" 200 OK
Folder Exists
INFO:     127.0.0.1:59188 - "POST /update/400 HTTP/1.1" 200 OK
Folder Exists
INFO:     127.0.0.1:59192 - "POST /update/100 HTTP/1.1" 200 OK
Folder Exists
INFO:     127.0.0.1:59204 - "POST /update/300 HTTP/1.1" 200 OK
Folder Exists
INFO:     127.0.0.1:59216 - "POST /update/200 HTTP/1.1" 200 OK
Folder Exists
INFO:     127.0.0.1:59228 - "POST /update/500 HTTP/1.1" 200 OK
Folder Exists
INFO:     127.0.0.1:59242 - "POST /update/100 HTTP/1.1" 200 OK
Folder Exists
INFO:     127.0.0.1:59250 - "POST /update/400 HTTP/1.1" 200 OK
Folder Exists
INFO:     127.0.0.1:59256 - "POST /update/300 HTTP/1.1" 200 OK
Folder Exists
INFO:     127.0.0.1:59270 - "POST /update/200 HTTP/1.1" 200 OK
Folder Exists
INFO:     127.0.0.1:59284 - "POST /update/500 HTTP/1.1" 200 OK
Folder Exists
INFO:     127.0.0.1:59294 - "POST /update/100 HTTP/1.1" 200 OK
Folder Exists
INFO:     127.0.0.1:59310 - "POST /update/400 HTTP/1.1" 200 OK
Folder Exists
INFO:     127.0.0.1:59312 - "POST /update/300 HTTP/1.1" 200 OK
Folder Exists
INFO:     127.0.0.1:59320 - "POST /update/200 HTTP/1.1" 200 OK
Folder Exists
INFO:     127.0.0.1:59332 - "POST /update/500 HTTP/1.1" 200 OK
Folder Exists
INFO:     127.0.0.1:59348 - "POST /update/100 HTTP/1.1" 200 OK
Folder Exists
INFO:     127.0.0.1:59356 - "POST /update/400 HTTP/1.1" 200 OK
Folder Exists
INFO:     127.0.0.1:59372 - "POST /update/300 HTTP/1.1" 200 OK
Folder Exists
INFO:     127.0.0.1:59376 - "POST /update/200 HTTP/1.1" 200 OK
Folder Exists
INFO:     127.0.0.1:59382 - "POST /update/500 HTTP/1.1" 200 OK
Folder Exists
INFO:     127.0.0.1:59394 - "POST /update/100 HTTP/1.1" 200 OK
Folder Exists
INFO:     127.0.0.1:59406 - "POST /update/400 HTTP/1.1" 200 OK
Folder Exists
INFO:     127.0.0.1:59414 - "POST /update/300 HTTP/1.1" 200 OK
Folder Exists
INFO:     127.0.0.1:59420 - "POST /update/200 HTTP/1.1" 200 OK
Folder Exists
INFO:     127.0.0.1:59434 - "POST /update/500 HTTP/1.1" 200 OK
Folder Exists
INFO:     127.0.0.1:59438 - "POST /update/400 HTTP/1.1" 200 OK
Folder Exists
INFO:     127.0.0.1:59454 - "POST /update/100 HTTP/1.1" 200 OK
Folder Exists
INFO:     127.0.0.1:59458 - "POST /update/300 HTTP/1.1" 200 OK
Folder Exists
INFO:     127.0.0.1:59460 - "POST /update/200 HTTP/1.1" 200 OK
Folder Exists
INFO:     127.0.0.1:59462 - "POST /update/500 HTTP/1.1" 200 OK
Folder Exists
INFO:     127.0.0.1:59470 - "POST /update/100 HTTP/1.1" 200 OK
Folder Exists
INFO:     127.0.0.1:59484 - "POST /update/400 HTTP/1.1" 200 OK
Folder Exists
INFO:     127.0.0.1:33040 - "POST /update/300 HTTP/1.1" 200 OK
Folder Exists
INFO:     127.0.0.1:33050 - "POST /update/200 HTTP/1.1" 200 OK
Folder Exists
INFO:     127.0.0.1:33052 - "POST /update/500 HTTP/1.1" 200 OK
Folder Exists
INFO:     127.0.0.1:33054 - "POST /update/400 HTTP/1.1" 200 OK
Folder Exists
INFO:     127.0.0.1:33070 - "POST /update/100 HTTP/1.1" 200 OK
Folder Exists
INFO:     127.0.0.1:33086 - "POST /update/300 HTTP/1.1" 200 OK
Folder Exists
INFO:     127.0.0.1:33100 - "POST /update/200 HTTP/1.1" 200 OK
Folder Exists
INFO:     127.0.0.1:33110 - "POST /update/500 HTTP/1.1" 200 OK
Folder Exists
INFO:     127.0.0.1:33116 - "POST /update/100 HTTP/1.1" 200 OK
Folder Exists
INFO:     127.0.0.1:33112 - "POST /update/400 HTTP/1.1" 200 OK
Folder Exists
INFO:     127.0.0.1:33122 - "POST /update/300 HTTP/1.1" 200 OK
Folder Exists
INFO:     127.0.0.1:33132 - "POST /update/200 HTTP/1.1" 200 OK
Folder Exists
INFO:     127.0.0.1:33144 - "POST /update/500 HTTP/1.1" 200 OK
Folder Exists
INFO:     127.0.0.1:33152 - "POST /update/100 HTTP/1.1" 200 OK
Folder Exists
INFO:     127.0.0.1:33156 - "POST /update/400 HTTP/1.1" 200 OK
Folder Exists
INFO:     127.0.0.1:33172 - "POST /update/300 HTTP/1.1" 200 OK
Folder Exists
INFO:     127.0.0.1:33176 - "POST /update/200 HTTP/1.1" 200 OK
Folder Exists
INFO:     127.0.0.1:33190 - "POST /update/500 HTTP/1.1" 200 OK
Folder Exists
INFO:     127.0.0.1:33202 - "POST /update/100 HTTP/1.1" 200 OK
Folder Exists
INFO:     127.0.0.1:33204 - "POST /update/400 HTTP/1.1" 200 OK
Folder Exists
INFO:     127.0.0.1:33218 - "POST /update/300 HTTP/1.1" 200 OK
Folder Exists
INFO:     127.0.0.1:33230 - "POST /update/200 HTTP/1.1" 200 OK
Folder Exists
INFO:     127.0.0.1:33238 - "POST /update/500 HTTP/1.1" 200 OK
Folder Exists
INFO:     127.0.0.1:33248 - "POST /update/100 HTTP/1.1" 200 OK
Folder Exists
INFO:     127.0.0.1:33254 - "POST /update/400 HTTP/1.1" 200 OK
Folder Exists
INFO:     127.0.0.1:33264 - "POST /update/300 HTTP/1.1" 200 OK
Folder Exists
INFO:     127.0.0.1:33272 - "POST /update/200 HTTP/1.1" 200 OK
Folder Exists
INFO:     127.0.0.1:33280 - "POST /update/500 HTTP/1.1" 200 OK
Folder Exists
INFO:     127.0.0.1:33296 - "POST /update/100 HTTP/1.1" 200 OK
Folder Exists
INFO:     127.0.0.1:33298 - "POST /update/400 HTTP/1.1" 200 OK
Folder Exists
INFO:     127.0.0.1:33314 - "POST /update/300 HTTP/1.1" 200 OK
Folder Exists
INFO:     127.0.0.1:33330 - "POST /update/200 HTTP/1.1" 200 OK
Folder Exists
INFO:     127.0.0.1:33346 - "POST /update/500 HTTP/1.1" 200 OK
Folder Exists
INFO:     127.0.0.1:33354 - "POST /update/400 HTTP/1.1" 200 OK
Folder Exists
INFO:     127.0.0.1:33368 - "POST /update/100 HTTP/1.1" 200 OK
Folder Exists
INFO:     127.0.0.1:33378 - "POST /update/300 HTTP/1.1" 200 OK
Folder Exists
INFO:     127.0.0.1:33388 - "POST /update/200 HTTP/1.1" 200 OK
Folder Exists
INFO:     127.0.0.1:33400 - "POST /update/500 HTTP/1.1" 200 OK
Folder Exists
INFO:     127.0.0.1:33412 - "POST /update/400 HTTP/1.1" 200 OK
Folder Exists
INFO:     127.0.0.1:33422 - "POST /update/100 HTTP/1.1" 200 OK
Folder Exists
INFO:     127.0.0.1:33426 - "POST /update/300 HTTP/1.1" 200 OK
Folder Exists
INFO:     127.0.0.1:33428 - "POST /update/200 HTTP/1.1" 200 OK
Folder Exists
INFO:     127.0.0.1:33430 - "POST /update/500 HTTP/1.1" 200 OK
Folder Exists
INFO:     127.0.0.1:33442 - "POST /update/100 HTTP/1.1" 200 OK
Folder Exists
INFO:     127.0.0.1:33444 - "POST /update/400 HTTP/1.1" 200 OK
Folder Exists
INFO:     127.0.0.1:33446 - "POST /update/300 HTTP/1.1" 200 OK
Folder Exists
INFO:     127.0.0.1:33450 - "POST /update/200 HTTP/1.1" 200 OK
Folder Exists
INFO:     127.0.0.1:33466 - "POST /update/500 HTTP/1.1" 200 OK
Folder Exists
INFO:     127.0.0.1:42676 - "POST /update/100 HTTP/1.1" 200 OK
Folder Exists
INFO:     127.0.0.1:42690 - "POST /update/400 HTTP/1.1" 200 OK
Folder Exists
INFO:     127.0.0.1:42700 - "POST /update/300 HTTP/1.1" 200 OK
Folder Exists
INFO:     127.0.0.1:42706 - "POST /update/200 HTTP/1.1" 200 OK
Folder Exists
INFO:     127.0.0.1:42714 - "POST /update/500 HTTP/1.1" 200 OK
Folder Exists
INFO:     127.0.0.1:42718 - "POST /update/400 HTTP/1.1" 200 OK
Folder Exists
INFO:     127.0.0.1:42720 - "POST /update/100 HTTP/1.1" 200 OK
Folder Exists
INFO:     127.0.0.1:42726 - "POST /update/300 HTTP/1.1" 200 OK
Folder Exists
INFO:     127.0.0.1:42738 - "POST /update/200 HTTP/1.1" 200 OK
Folder Exists
INFO:     127.0.0.1:42754 - "POST /update/500 HTTP/1.1" 200 OK
Folder Exists
INFO:     127.0.0.1:42764 - "POST /update/400 HTTP/1.1" 200 OK
Folder Exists
INFO:     127.0.0.1:42776 - "POST /update/100 HTTP/1.1" 200 OK
Folder Exists
INFO:     127.0.0.1:42782 - "POST /update/300 HTTP/1.1" 200 OK
Folder Exists
INFO:     127.0.0.1:42788 - "POST /update/200 HTTP/1.1" 200 OK
Folder Exists
INFO:     127.0.0.1:42798 - "POST /update/500 HTTP/1.1" 200 OK
Folder Exists
INFO:     127.0.0.1:42810 - "POST /update/400 HTTP/1.1" 200 OK
Folder Exists
INFO:     127.0.0.1:42826 - "POST /update/100 HTTP/1.1" 200 OK
Folder Exists
INFO:     127.0.0.1:42838 - "POST /update/300 HTTP/1.1" 200 OK
Folder Exists
INFO:     127.0.0.1:42850 - "POST /update/200 HTTP/1.1" 200 OK
Folder Exists
INFO:     127.0.0.1:42864 - "POST /update/500 HTTP/1.1" 200 OK
Folder Exists
INFO:     127.0.0.1:42870 - "POST /update/400 HTTP/1.1" 200 OK
Folder Exists
INFO:     127.0.0.1:42872 - "POST /update/100 HTTP/1.1" 200 OK
Folder Exists
INFO:     127.0.0.1:42876 - "POST /update/300 HTTP/1.1" 200 OK
Folder Exists
INFO:     127.0.0.1:42878 - "POST /update/200 HTTP/1.1" 200 OK
Folder Exists
INFO:     127.0.0.1:42882 - "POST /update/500 HTTP/1.1" 200 OK
Folder Exists
INFO:     127.0.0.1:42884 - "POST /update/400 HTTP/1.1" 200 OK
Folder Exists
INFO:     127.0.0.1:42886 - "POST /update/100 HTTP/1.1" 200 OK
Folder Exists
INFO:     127.0.0.1:42894 - "POST /update/300 HTTP/1.1" 200 OK
Folder Exists
INFO:     127.0.0.1:42902 - "POST /update/200 HTTP/1.1" 200 OK
Folder Exists
INFO:     127.0.0.1:42910 - "POST /update/500 HTTP/1.1" 200 OK
Folder Exists
INFO:     127.0.0.1:42914 - "POST /update/100 HTTP/1.1" 200 OK
Folder Exists
INFO:     127.0.0.1:42920 - "POST /update/400 HTTP/1.1" 200 OK
Folder Exists
INFO:     127.0.0.1:42934 - "POST /update/300 HTTP/1.1" 200 OK
Folder Exists
INFO:     127.0.0.1:42946 - "POST /update/200 HTTP/1.1" 200 OK
Folder Exists
INFO:     127.0.0.1:42958 - "POST /update/500 HTTP/1.1" 200 OK
Folder Exists
INFO:     127.0.0.1:42962 - "POST /update/100 HTTP/1.1" 200 OK
Folder Exists
INFO:     127.0.0.1:42974 - "POST /update/400 HTTP/1.1" 200 OK
Folder Exists
INFO:     127.0.0.1:42986 - "POST /update/300 HTTP/1.1" 200 OK
Folder Exists
INFO:     127.0.0.1:42990 - "POST /update/200 HTTP/1.1" 200 OK
Folder Exists
INFO:     127.0.0.1:43004 - "POST /update/500 HTTP/1.1" 200 OK
Folder Exists
INFO:     127.0.0.1:43008 - "POST /update/100 HTTP/1.1" 200 OK
Folder Exists
INFO:     127.0.0.1:43018 - "POST /update/400 HTTP/1.1" 200 OK
Folder Exists
INFO:     127.0.0.1:43022 - "POST /update/300 HTTP/1.1" 200 OK
Folder Exists
INFO:     127.0.0.1:43030 - "POST /update/200 HTTP/1.1" 200 OK
Folder Exists
INFO:     127.0.0.1:43040 - "POST /update/500 HTTP/1.1" 200 OK
Folder Exists
INFO:     127.0.0.1:43054 - "POST /update/100 HTTP/1.1" 200 OK
Folder Exists
INFO:     127.0.0.1:43056 - "POST /update/400 HTTP/1.1" 200 OK
Folder Exists
INFO:     127.0.0.1:43058 - "POST /update/300 HTTP/1.1" 200 OK
Folder Exists
INFO:     127.0.0.1:43064 - "POST /update/200 HTTP/1.1" 200 OK
Folder Exists
INFO:     127.0.0.1:43078 - "POST /update/500 HTTP/1.1" 200 OK
Folder Exists
INFO:     127.0.0.1:41490 - "POST /update/100 HTTP/1.1" 200 OK
Folder Exists
INFO:     127.0.0.1:41494 - "POST /update/400 HTTP/1.1" 200 OK
Folder Exists
INFO:     127.0.0.1:41498 - "POST /update/300 HTTP/1.1" 200 OK
Folder Exists
INFO:     127.0.0.1:41500 - "POST /update/200 HTTP/1.1" 200 OK
Folder Exists
INFO:     127.0.0.1:41502 - "POST /update/500 HTTP/1.1" 200 OK
Folder Exists
INFO:     127.0.0.1:41506 - "POST /update/100 HTTP/1.1" 200 OK
Folder Exists
INFO:     127.0.0.1:41512 - "POST /update/400 HTTP/1.1" 200 OK
Folder Exists
INFO:     127.0.0.1:41526 - "POST /update/300 HTTP/1.1" 200 OK
Folder Exists
INFO:     127.0.0.1:41542 - "POST /update/200 HTTP/1.1" 200 OK
Folder Exists
INFO:     127.0.0.1:41550 - "POST /update/500 HTTP/1.1" 200 OK
Folder Exists
INFO:     127.0.0.1:41556 - "POST /update/100 HTTP/1.1" 200 OK
Folder Exists
INFO:     127.0.0.1:41562 - "POST /update/400 HTTP/1.1" 200 OK
Folder Exists
INFO:     127.0.0.1:41574 - "POST /update/300 HTTP/1.1" 200 OK
Folder Exists
INFO:     127.0.0.1:41590 - "POST /update/200 HTTP/1.1" 200 OK
Folder Exists
INFO:     127.0.0.1:41606 - "POST /update/500 HTTP/1.1" 200 OK
Folder Exists
INFO:     127.0.0.1:41614 - "POST /update/100 HTTP/1.1" 200 OK
Folder Exists
INFO:     127.0.0.1:41628 - "POST /update/400 HTTP/1.1" 200 OK
Folder Exists
INFO:     127.0.0.1:41638 - "POST /update/300 HTTP/1.1" 200 OK
Folder Exists
INFO:     127.0.0.1:41652 - "POST /update/200 HTTP/1.1" 200 OK
Folder Exists
INFO:     127.0.0.1:41664 - "POST /update/500 HTTP/1.1" 200 OK
Folder Exists
INFO:     127.0.0.1:41676 - "POST /update/400 HTTP/1.1" 200 OK
Folder Exists
INFO:     127.0.0.1:41680 - "POST /update/100 HTTP/1.1" 200 OK
Folder Exists
INFO:     127.0.0.1:41688 - "POST /update/300 HTTP/1.1" 200 OK
Folder Exists
INFO:     127.0.0.1:41698 - "POST /update/200 HTTP/1.1" 200 OK
Folder Exists
INFO:     127.0.0.1:41708 - "POST /update/500 HTTP/1.1" 200 OK
Folder Exists
INFO:     127.0.0.1:41722 - "POST /update/100 HTTP/1.1" 200 OK
Folder Exists
INFO:     127.0.0.1:41730 - "POST /update/400 HTTP/1.1" 200 OK
Folder Exists
INFO:     127.0.0.1:41736 - "POST /update/300 HTTP/1.1" 200 OK
Folder Exists
INFO:     127.0.0.1:41740 - "POST /update/200 HTTP/1.1" 200 OK
Folder Exists
INFO:     127.0.0.1:41742 - "POST /update/500 HTTP/1.1" 200 OK
Folder Exists
INFO:     127.0.0.1:41750 - "POST /update/100 HTTP/1.1" 200 OK
Folder Exists
INFO:     127.0.0.1:41752 - "POST /update/400 HTTP/1.1" 200 OK
Folder Exists
INFO:     127.0.0.1:41768 - "POST /update/300 HTTP/1.1" 200 OK
Folder Exists
INFO:     127.0.0.1:41780 - "POST /update/200 HTTP/1.1" 200 OK
Folder Exists
INFO:     127.0.0.1:41796 - "POST /update/500 HTTP/1.1" 200 OK
Folder Exists
INFO:     127.0.0.1:41806 - "POST /update/100 HTTP/1.1" 200 OK
Folder Exists
INFO:     127.0.0.1:41816 - "POST /update/400 HTTP/1.1" 200 OK
Folder Exists
INFO:     127.0.0.1:41828 - "POST /update/300 HTTP/1.1" 200 OK
Folder Exists
INFO:     127.0.0.1:41832 - "POST /update/200 HTTP/1.1" 200 OK
Folder Exists
INFO:     127.0.0.1:41836 - "POST /update/500 HTTP/1.1" 200 OK
Folder Exists
INFO:     127.0.0.1:41838 - "POST /update/400 HTTP/1.1" 200 OK
Folder Exists
INFO:     127.0.0.1:41840 - "POST /update/100 HTTP/1.1" 200 OK
Folder Exists
INFO:     127.0.0.1:41848 - "POST /update/300 HTTP/1.1" 200 OK
Folder Exists
INFO:     127.0.0.1:41850 - "POST /update/200 HTTP/1.1" 200 OK
Folder Exists
INFO:     127.0.0.1:41852 - "POST /update/500 HTTP/1.1" 200 OK
Folder Exists
INFO:     127.0.0.1:41856 - "POST /update/100 HTTP/1.1" 200 OK
Folder Exists
INFO:     127.0.0.1:41872 - "POST /update/400 HTTP/1.1" 200 OK
Folder Exists
INFO:     127.0.0.1:41876 - "POST /update/300 HTTP/1.1" 200 OK
Folder Exists
INFO:     127.0.0.1:41882 - "POST /update/200 HTTP/1.1" 200 OK
Folder Exists
INFO:     127.0.0.1:41884 - "POST /update/500 HTTP/1.1" 200 OK
Folder Exists
INFO:     127.0.0.1:57308 - "POST /update/100 HTTP/1.1" 200 OK
Folder Exists
INFO:     127.0.0.1:57320 - "POST /update/400 HTTP/1.1" 200 OK
Folder Exists
INFO:     127.0.0.1:57336 - "POST /update/300 HTTP/1.1" 200 OK
Folder Exists
INFO:     127.0.0.1:57348 - "POST /update/200 HTTP/1.1" 200 OK
Folder Exists
INFO:     127.0.0.1:57354 - "POST /update/500 HTTP/1.1" 200 OK
Folder Exists
INFO:     127.0.0.1:57370 - "POST /update/400 HTTP/1.1" 200 OK
Folder Exists
INFO:     127.0.0.1:57378 - "POST /update/100 HTTP/1.1" 200 OK
Folder Exists
INFO:     127.0.0.1:57384 - "POST /update/300 HTTP/1.1" 200 OK
Folder Exists
INFO:     127.0.0.1:57394 - "POST /update/200 HTTP/1.1" 200 OK
Folder Exists
INFO:     127.0.0.1:57402 - "POST /update/500 HTTP/1.1" 200 OK
Folder Exists
INFO:     127.0.0.1:57406 - "POST /update/100 HTTP/1.1" 200 OK
Folder Exists
INFO:     127.0.0.1:57412 - "POST /update/400 HTTP/1.1" 200 OK
Folder Exists
INFO:     127.0.0.1:57424 - "POST /update/300 HTTP/1.1" 200 OK
Folder Exists
INFO:     127.0.0.1:57432 - "POST /update/200 HTTP/1.1" 200 OK
Folder Exists
INFO:     127.0.0.1:57434 - "POST /update/500 HTTP/1.1" 200 OK
Folder Exists
INFO:     127.0.0.1:57436 - "POST /update/400 HTTP/1.1" 200 OK
Folder Exists
INFO:     127.0.0.1:57440 - "POST /update/100 HTTP/1.1" 200 OK
Folder Exists
INFO:     127.0.0.1:57448 - "POST /update/300 HTTP/1.1" 200 OK
Folder Exists
INFO:     127.0.0.1:57462 - "POST /update/200 HTTP/1.1" 200 OK
Folder Exists
INFO:     127.0.0.1:57466 - "POST /update/500 HTTP/1.1" 200 OK
Folder Exists
INFO:     127.0.0.1:57482 - "POST /update/400 HTTP/1.1" 200 OK
Folder Exists
INFO:     127.0.0.1:57494 - "POST /update/100 HTTP/1.1" 200 OK
Folder Exists
INFO:     127.0.0.1:57506 - "POST /update/300 HTTP/1.1" 200 OK
Folder Exists
INFO:     127.0.0.1:57508 - "POST /update/200 HTTP/1.1" 200 OK
Folder Exists
INFO:     127.0.0.1:57524 - "POST /update/500 HTTP/1.1" 200 OK
Folder Exists
INFO:     127.0.0.1:57532 - "POST /update/400 HTTP/1.1" 200 OK
Folder Exists
INFO:     127.0.0.1:57546 - "POST /update/100 HTTP/1.1" 200 OK
Folder Exists
INFO:     127.0.0.1:57550 - "POST /update/300 HTTP/1.1" 200 OK
Folder Exists
INFO:     127.0.0.1:57560 - "POST /update/200 HTTP/1.1" 200 OK
Folder Exists
INFO:     127.0.0.1:57566 - "POST /update/500 HTTP/1.1" 200 OK
Folder Exists
INFO:     127.0.0.1:57578 - "POST /update/100 HTTP/1.1" 200 OK
Folder Exists
INFO:     127.0.0.1:57592 - "POST /update/400 HTTP/1.1" 200 OK
Folder Exists
INFO:     127.0.0.1:57600 - "POST /update/300 HTTP/1.1" 200 OK
Folder Exists
INFO:     127.0.0.1:57604 - "POST /update/200 HTTP/1.1" 200 OK
Folder Exists
INFO:     127.0.0.1:57620 - "POST /update/500 HTTP/1.1" 200 OK
Folder Exists
INFO:     127.0.0.1:57630 - "POST /update/400 HTTP/1.1" 200 OK
Folder Exists
INFO:     127.0.0.1:57640 - "POST /update/100 HTTP/1.1" 200 OK
Folder Exists
INFO:     127.0.0.1:57652 - "POST /update/300 HTTP/1.1" 200 OK
Folder Exists
INFO:     127.0.0.1:57668 - "POST /update/200 HTTP/1.1" 200 OK
Folder Exists
INFO:     127.0.0.1:57684 - "POST /update/500 HTTP/1.1" 200 OK
Folder Exists
INFO:     127.0.0.1:57698 - "POST /update/100 HTTP/1.1" 200 OK
Folder Exists
INFO:     127.0.0.1:57708 - "POST /update/400 HTTP/1.1" 200 OK
Folder Exists
INFO:     127.0.0.1:57714 - "POST /update/300 HTTP/1.1" 200 OK
Folder Exists
INFO:     127.0.0.1:57730 - "POST /update/200 HTTP/1.1" 200 OK
Folder Exists
INFO:     127.0.0.1:57734 - "POST /update/500 HTTP/1.1" 200 OK
Folder Exists
INFO:     127.0.0.1:57738 - "POST /update/100 HTTP/1.1" 200 OK
Folder Exists
INFO:     127.0.0.1:57748 - "POST /update/400 HTTP/1.1" 200 OK
Folder Exists
INFO:     127.0.0.1:57760 - "POST /update/300 HTTP/1.1" 200 OK
Folder Exists
INFO:     127.0.0.1:57766 - "POST /update/200 HTTP/1.1" 200 OK
Folder Exists
INFO:     127.0.0.1:57770 - "POST /update/500 HTTP/1.1" 200 OK
Folder Exists
INFO:     127.0.0.1:50640 - "POST /update/400 HTTP/1.1" 200 OK
Folder Exists
INFO:     127.0.0.1:50642 - "POST /update/100 HTTP/1.1" 200 OK
Folder Exists
INFO:     127.0.0.1:50656 - "POST /update/300 HTTP/1.1" 200 OK
Folder Exists
INFO:     127.0.0.1:50660 - "POST /update/200 HTTP/1.1" 200 OK
Folder Exists
INFO:     127.0.0.1:50668 - "POST /update/500 HTTP/1.1" 200 OK
Folder Exists
INFO:     127.0.0.1:50684 - "POST /update/100 HTTP/1.1" 200 OK
Folder Exists
INFO:     127.0.0.1:50700 - "POST /update/400 HTTP/1.1" 200 OK
Folder Exists
INFO:     127.0.0.1:50714 - "POST /update/300 HTTP/1.1" 200 OK
Folder Exists
INFO:     127.0.0.1:50730 - "POST /update/200 HTTP/1.1" 200 OK
Folder Exists
INFO:     127.0.0.1:50740 - "POST /update/500 HTTP/1.1" 200 OK
Folder Exists
INFO:     127.0.0.1:50752 - "POST /update/400 HTTP/1.1" 200 OK
Folder Exists
INFO:     127.0.0.1:50758 - "POST /update/100 HTTP/1.1" 200 OK
Folder Exists
INFO:     127.0.0.1:50762 - "POST /update/300 HTTP/1.1" 200 OK
Folder Exists
INFO:     127.0.0.1:50776 - "POST /update/200 HTTP/1.1" 200 OK
Folder Exists
INFO:     127.0.0.1:50782 - "POST /update/500 HTTP/1.1" 200 OK
Folder Exists
INFO:     127.0.0.1:50784 - "POST /update/400 HTTP/1.1" 200 OK
Folder Exists
INFO:     127.0.0.1:50790 - "POST /update/100 HTTP/1.1" 200 OK
Folder Exists
INFO:     127.0.0.1:50804 - "POST /update/300 HTTP/1.1" 200 OK
Folder Exists
INFO:     127.0.0.1:50820 - "POST /update/200 HTTP/1.1" 200 OK
Folder Exists
INFO:     127.0.0.1:50828 - "POST /update/500 HTTP/1.1" 200 OK
Folder Exists
INFO:     127.0.0.1:50832 - "POST /update/100 HTTP/1.1" 200 OK
Folder Exists
INFO:     127.0.0.1:50840 - "POST /update/400 HTTP/1.1" 200 OK
Folder Exists
INFO:     127.0.0.1:50854 - "POST /update/300 HTTP/1.1" 200 OK
Folder Exists
INFO:     127.0.0.1:50856 - "POST /update/200 HTTP/1.1" 200 OK
Folder Exists
INFO:     127.0.0.1:50866 - "POST /update/500 HTTP/1.1" 200 OK
Folder Exists
INFO:     127.0.0.1:50870 - "POST /update/100 HTTP/1.1" 200 OK
Folder Exists
INFO:     127.0.0.1:50886 - "POST /update/400 HTTP/1.1" 200 OK
Folder Exists
INFO:     127.0.0.1:50894 - "POST /update/300 HTTP/1.1" 200 OK
Folder Exists
INFO:     127.0.0.1:50900 - "POST /update/200 HTTP/1.1" 200 OK
Folder Exists
INFO:     127.0.0.1:50906 - "POST /update/500 HTTP/1.1" 200 OK
Folder Exists
INFO:     127.0.0.1:50908 - "POST /update/100 HTTP/1.1" 200 OK
Folder Exists
INFO:     127.0.0.1:50918 - "POST /update/400 HTTP/1.1" 200 OK
Folder Exists
INFO:     127.0.0.1:50928 - "POST /update/300 HTTP/1.1" 200 OK
Folder Exists
INFO:     127.0.0.1:50930 - "POST /update/200 HTTP/1.1" 200 OK
Folder Exists
INFO:     127.0.0.1:50942 - "POST /update/500 HTTP/1.1" 200 OK
Folder Exists
INFO:     127.0.0.1:50952 - "POST /update/100 HTTP/1.1" 200 OK
Folder Exists
INFO:     127.0.0.1:50968 - "POST /update/400 HTTP/1.1" 200 OK
Folder Exists
INFO:     127.0.0.1:50972 - "POST /update/300 HTTP/1.1" 200 OK
Folder Exists
INFO:     127.0.0.1:50976 - "POST /update/200 HTTP/1.1" 200 OK
Folder Exists
INFO:     127.0.0.1:50988 - "POST /update/500 HTTP/1.1" 200 OK
Folder Exists
INFO:     127.0.0.1:50996 - "POST /update/100 HTTP/1.1" 200 OK
Folder Exists
INFO:     127.0.0.1:50998 - "POST /update/400 HTTP/1.1" 200 OK
Folder Exists
INFO:     127.0.0.1:51004 - "POST /update/300 HTTP/1.1" 200 OK
Folder Exists
INFO:     127.0.0.1:51014 - "POST /update/200 HTTP/1.1" 200 OK
Folder Exists
INFO:     127.0.0.1:51030 - "POST /update/500 HTTP/1.1" 200 OK
Folder Exists
INFO:     127.0.0.1:51040 - "POST /update/400 HTTP/1.1" 200 OK
Folder Exists
INFO:     127.0.0.1:51052 - "POST /update/100 HTTP/1.1" 200 OK
Folder Exists
INFO:     127.0.0.1:51058 - "POST /update/300 HTTP/1.1" 200 OK
Folder Exists
INFO:     127.0.0.1:51066 - "POST /update/200 HTTP/1.1" 200 OK
Folder Exists
INFO:     127.0.0.1:51082 - "POST /update/500 HTTP/1.1" 200 OK
Folder Exists
INFO:     127.0.0.1:34092 - "POST /update/100 HTTP/1.1" 200 OK
Folder Exists
INFO:     127.0.0.1:34102 - "POST /update/400 HTTP/1.1" 200 OK
Folder Exists
INFO:     127.0.0.1:34114 - "POST /update/300 HTTP/1.1" 200 OK
Folder Exists
INFO:     127.0.0.1:34130 - "POST /update/200 HTTP/1.1" 200 OK
Folder Exists
INFO:     127.0.0.1:34144 - "POST /update/500 HTTP/1.1" 200 OK
Folder Exists
INFO:     127.0.0.1:34152 - "POST /update/400 HTTP/1.1" 200 OK
Folder Exists
INFO:     127.0.0.1:34168 - "POST /update/100 HTTP/1.1" 200 OK
Folder Exists
INFO:     127.0.0.1:34174 - "POST /update/300 HTTP/1.1" 200 OK
Folder Exists
INFO:     127.0.0.1:34180 - "POST /update/200 HTTP/1.1" 200 OK
Folder Exists
INFO:     127.0.0.1:34188 - "POST /update/500 HTTP/1.1" 200 OK
Folder Exists
INFO:     127.0.0.1:34200 - "POST /update/100 HTTP/1.1" 200 OK
Folder Exists
INFO:     127.0.0.1:34212 - "POST /update/400 HTTP/1.1" 200 OK
Folder Exists
INFO:     127.0.0.1:34214 - "POST /update/300 HTTP/1.1" 200 OK
Folder Exists
INFO:     127.0.0.1:34230 - "POST /update/200 HTTP/1.1" 200 OK
Folder Exists
INFO:     127.0.0.1:34246 - "POST /update/500 HTTP/1.1" 200 OK
Folder Exists
INFO:     127.0.0.1:34262 - "POST /update/100 HTTP/1.1" 200 OK
Folder Exists
INFO:     127.0.0.1:34268 - "POST /update/400 HTTP/1.1" 200 OK
Folder Exists
INFO:     127.0.0.1:34284 - "POST /update/300 HTTP/1.1" 200 OK
Folder Exists
INFO:     127.0.0.1:34288 - "POST /update/200 HTTP/1.1" 200 OK
Folder Exists
INFO:     127.0.0.1:34304 - "POST /update/500 HTTP/1.1" 200 OK
Folder Exists
INFO:     127.0.0.1:34318 - "POST /update/400 HTTP/1.1" 200 OK
Folder Exists
INFO:     127.0.0.1:34332 - "POST /update/100 HTTP/1.1" 200 OK
Folder Exists
INFO:     127.0.0.1:34346 - "POST /update/300 HTTP/1.1" 200 OK
Folder Exists
INFO:     127.0.0.1:34356 - "POST /update/200 HTTP/1.1" 200 OK
Folder Exists
INFO:     127.0.0.1:34372 - "POST /update/500 HTTP/1.1" 200 OK
Folder Exists
INFO:     127.0.0.1:34386 - "POST /update/100 HTTP/1.1" 200 OK
Folder Exists
INFO:     127.0.0.1:34388 - "POST /update/400 HTTP/1.1" 200 OK
Folder Exists
INFO:     127.0.0.1:34390 - "POST /update/300 HTTP/1.1" 200 OK
Folder Exists
INFO:     127.0.0.1:34394 - "POST /update/200 HTTP/1.1" 200 OK
Folder Exists
INFO:     127.0.0.1:34408 - "POST /update/500 HTTP/1.1" 200 OK
Folder Exists
INFO:     127.0.0.1:34410 - "POST /update/400 HTTP/1.1" 200 OK
Folder Exists
INFO:     127.0.0.1:34412 - "POST /update/100 HTTP/1.1" 200 OK
Folder Exists
INFO:     127.0.0.1:34422 - "POST /update/300 HTTP/1.1" 200 OK
Folder Exists
INFO:     127.0.0.1:34438 - "POST /update/200 HTTP/1.1" 200 OK
Folder Exists
INFO:     127.0.0.1:34448 - "POST /update/500 HTTP/1.1" 200 OK
Folder Exists
INFO:     127.0.0.1:34458 - "POST /update/100 HTTP/1.1" 200 OK
Folder Exists
INFO:     127.0.0.1:34466 - "POST /update/400 HTTP/1.1" 200 OK
Folder Exists
INFO:     127.0.0.1:34470 - "POST /update/300 HTTP/1.1" 200 OK
Folder Exists
INFO:     127.0.0.1:34476 - "POST /update/200 HTTP/1.1" 200 OK
Folder Exists
INFO:     127.0.0.1:34480 - "POST /update/500 HTTP/1.1" 200 OK
Folder Exists
INFO:     127.0.0.1:34490 - "POST /update/100 HTTP/1.1" 200 OK
Folder Exists
INFO:     127.0.0.1:34494 - "POST /update/400 HTTP/1.1" 200 OK
Folder Exists
INFO:     127.0.0.1:34500 - "POST /update/300 HTTP/1.1" 200 OK
Folder Exists
INFO:     127.0.0.1:34512 - "POST /update/200 HTTP/1.1" 200 OK
Folder Exists
INFO:     127.0.0.1:34518 - "POST /update/500 HTTP/1.1" 200 OK
Folder Exists
INFO:     127.0.0.1:34528 - "POST /update/400 HTTP/1.1" 200 OK
Folder Exists
INFO:     127.0.0.1:34542 - "POST /update/100 HTTP/1.1" 200 OK
Folder Exists
INFO:     127.0.0.1:34546 - "POST /update/300 HTTP/1.1" 200 OK
Folder Exists
INFO:     127.0.0.1:34558 - "POST /update/200 HTTP/1.1" 200 OK
Folder Exists
INFO:     127.0.0.1:34574 - "POST /update/500 HTTP/1.1" 200 OK
Folder Exists
INFO:     127.0.0.1:53206 - "POST /update/100 HTTP/1.1" 200 OK
Folder Exists
INFO:     127.0.0.1:53212 - "POST /update/400 HTTP/1.1" 200 OK
Folder Exists
INFO:     127.0.0.1:53224 - "POST /update/300 HTTP/1.1" 200 OK
Folder Exists
INFO:     127.0.0.1:53230 - "POST /update/200 HTTP/1.1" 200 OK
Folder Exists
INFO:     127.0.0.1:53236 - "POST /update/500 HTTP/1.1" 200 OK
Folder Exists
INFO:     127.0.0.1:53240 - "POST /update/100 HTTP/1.1" 200 OK
Folder Exists
INFO:     127.0.0.1:53244 - "POST /update/400 HTTP/1.1" 200 OK
Folder Exists
INFO:     127.0.0.1:53254 - "POST /update/300 HTTP/1.1" 200 OK
Folder Exists
INFO:     127.0.0.1:53256 - "POST /update/200 HTTP/1.1" 200 OK
Folder Exists
INFO:     127.0.0.1:53266 - "POST /update/500 HTTP/1.1" 200 OK
Folder Exists
INFO:     127.0.0.1:53278 - "POST /update/100 HTTP/1.1" 200 OK
Folder Exists
INFO:     127.0.0.1:53292 - "POST /update/400 HTTP/1.1" 200 OK
Folder Exists
INFO:     127.0.0.1:53300 - "POST /update/300 HTTP/1.1" 200 OK
Folder Exists
INFO:     127.0.0.1:53308 - "POST /update/200 HTTP/1.1" 200 OK
Folder Exists
INFO:     127.0.0.1:53316 - "POST /update/500 HTTP/1.1" 200 OK
Folder Exists
INFO:     127.0.0.1:53320 - "POST /update/100 HTTP/1.1" 200 OK
Folder Exists
INFO:     127.0.0.1:53332 - "POST /update/400 HTTP/1.1" 200 OK
Folder Exists
INFO:     127.0.0.1:53348 - "POST /update/300 HTTP/1.1" 200 OK
Folder Exists
INFO:     127.0.0.1:53358 - "POST /update/200 HTTP/1.1" 200 OK
Folder Exists
INFO:     127.0.0.1:53362 - "POST /update/500 HTTP/1.1" 200 OK
Folder Exists
INFO:     127.0.0.1:53376 - "POST /update/100 HTTP/1.1" 200 OK
Folder Exists
INFO:     127.0.0.1:53392 - "POST /update/400 HTTP/1.1" 200 OK
Folder Exists
INFO:     127.0.0.1:53406 - "POST /update/300 HTTP/1.1" 200 OK
Folder Exists
INFO:     127.0.0.1:53416 - "POST /update/200 HTTP/1.1" 200 OK
Folder Exists
INFO:     127.0.0.1:53426 - "POST /update/500 HTTP/1.1" 200 OK
Folder Exists
INFO:     127.0.0.1:53442 - "POST /update/100 HTTP/1.1" 200 OK
Folder Exists
INFO:     127.0.0.1:53448 - "POST /update/400 HTTP/1.1" 200 OK
Folder Exists
INFO:     127.0.0.1:53452 - "POST /update/300 HTTP/1.1" 200 OK
Folder Exists
INFO:     127.0.0.1:53468 - "POST /update/200 HTTP/1.1" 200 OK
Folder Exists
INFO:     127.0.0.1:53474 - "POST /update/500 HTTP/1.1" 200 OK
Folder Exists
INFO:     127.0.0.1:53476 - "POST /update/100 HTTP/1.1" 200 OK
Folder Exists
INFO:     127.0.0.1:53490 - "POST /update/400 HTTP/1.1" 200 OK
Folder Exists
INFO:     127.0.0.1:53492 - "POST /update/300 HTTP/1.1" 200 OK
Folder Exists
INFO:     127.0.0.1:53494 - "POST /update/200 HTTP/1.1" 200 OK
Folder Exists
INFO:     127.0.0.1:53502 - "POST /update/500 HTTP/1.1" 200 OK
Folder Exists
INFO:     127.0.0.1:53506 - "POST /update/100 HTTP/1.1" 200 OK
Folder Exists
INFO:     127.0.0.1:53518 - "POST /update/400 HTTP/1.1" 200 OK
Folder Exists
INFO:     127.0.0.1:53528 - "POST /update/300 HTTP/1.1" 200 OK
Folder Exists
INFO:     127.0.0.1:53540 - "POST /update/200 HTTP/1.1" 200 OK
Folder Exists
INFO:     127.0.0.1:53542 - "POST /update/500 HTTP/1.1" 200 OK
Folder Exists
INFO:     127.0.0.1:53548 - "POST /update/100 HTTP/1.1" 200 OK
Folder Exists
INFO:     127.0.0.1:53556 - "POST /update/400 HTTP/1.1" 200 OK
Folder Exists
INFO:     127.0.0.1:53570 - "POST /update/300 HTTP/1.1" 200 OK
Folder Exists
INFO:     127.0.0.1:53584 - "POST /update/200 HTTP/1.1" 200 OK
Folder Exists
INFO:     127.0.0.1:53590 - "POST /update/500 HTTP/1.1" 200 OK
Folder Exists
INFO:     127.0.0.1:53606 - "POST /update/400 HTTP/1.1" 200 OK
Folder Exists
INFO:     127.0.0.1:53610 - "POST /update/100 HTTP/1.1" 200 OK
Folder Exists
INFO:     127.0.0.1:53618 - "POST /update/300 HTTP/1.1" 200 OK
Folder Exists
INFO:     127.0.0.1:53634 - "POST /update/200 HTTP/1.1" 200 OK
Folder Exists
INFO:     127.0.0.1:47362 - "POST /update/500 HTTP/1.1" 200 OK
Folder Exists
INFO:     127.0.0.1:47368 - "POST /update/100 HTTP/1.1" 200 OK
Folder Exists
INFO:     127.0.0.1:47370 - "POST /update/400 HTTP/1.1" 200 OK
Folder Exists
INFO:     127.0.0.1:47382 - "POST /update/300 HTTP/1.1" 200 OK
Folder Exists
INFO:     127.0.0.1:47398 - "POST /update/200 HTTP/1.1" 200 OK
Folder Exists
INFO:     127.0.0.1:47408 - "POST /update/500 HTTP/1.1" 200 OK
Folder Exists
INFO:     127.0.0.1:47412 - "POST /update/100 HTTP/1.1" 200 OK
Folder Exists
INFO:     127.0.0.1:47428 - "POST /update/400 HTTP/1.1" 200 OK
Folder Exists
INFO:     127.0.0.1:47430 - "POST /update/300 HTTP/1.1" 200 OK
Folder Exists
INFO:     127.0.0.1:47432 - "POST /update/200 HTTP/1.1" 200 OK
Folder Exists
INFO:     127.0.0.1:47434 - "POST /update/500 HTTP/1.1" 200 OK
Folder Exists
INFO:     127.0.0.1:47450 - "POST /update/100 HTTP/1.1" 200 OK
Folder Exists
INFO:     127.0.0.1:47458 - "POST /update/400 HTTP/1.1" 200 OK
Folder Exists
INFO:     127.0.0.1:47470 - "POST /update/300 HTTP/1.1" 200 OK
Folder Exists
INFO:     127.0.0.1:47484 - "POST /update/200 HTTP/1.1" 200 OK
Folder Exists
INFO:     127.0.0.1:47490 - "POST /update/500 HTTP/1.1" 200 OK
Folder Exists
INFO:     127.0.0.1:47498 - "POST /update/400 HTTP/1.1" 200 OK
Folder Exists
INFO:     127.0.0.1:47512 - "POST /update/100 HTTP/1.1" 200 OK
Folder Exists
INFO:     127.0.0.1:47528 - "POST /update/300 HTTP/1.1" 200 OK
Folder Exists
INFO:     127.0.0.1:47538 - "POST /update/200 HTTP/1.1" 200 OK
Folder Exists
INFO:     127.0.0.1:47552 - "POST /update/500 HTTP/1.1" 200 OK
Folder Exists
INFO:     127.0.0.1:47558 - "POST /update/100 HTTP/1.1" 200 OK
Folder Exists
INFO:     127.0.0.1:47562 - "POST /update/400 HTTP/1.1" 200 OK
Folder Exists
INFO:     127.0.0.1:47576 - "POST /update/300 HTTP/1.1" 200 OK
Folder Exists
INFO:     127.0.0.1:47580 - "POST /update/200 HTTP/1.1" 200 OK
Folder Exists
INFO:     127.0.0.1:47596 - "POST /update/500 HTTP/1.1" 200 OK
Folder Exists
INFO:     127.0.0.1:47602 - "POST /update/100 HTTP/1.1" 200 OK
Folder Exists
INFO:     127.0.0.1:47614 - "POST /update/400 HTTP/1.1" 200 OK
Folder Exists
INFO:     127.0.0.1:47626 - "POST /update/300 HTTP/1.1" 200 OK
Folder Exists
INFO:     127.0.0.1:47636 - "POST /update/200 HTTP/1.1" 200 OK
Folder Exists
INFO:     127.0.0.1:47640 - "POST /update/500 HTTP/1.1" 200 OK
Folder Exists
INFO:     127.0.0.1:47650 - "POST /update/400 HTTP/1.1" 200 OK
Folder Exists
INFO:     127.0.0.1:47660 - "POST /update/100 HTTP/1.1" 200 OK
Folder Exists
INFO:     127.0.0.1:47668 - "POST /update/300 HTTP/1.1" 200 OK
Folder Exists
INFO:     127.0.0.1:47680 - "POST /update/200 HTTP/1.1" 200 OK
Folder Exists
INFO:     127.0.0.1:47688 - "POST /update/500 HTTP/1.1" 200 OK
Folder Exists
INFO:     127.0.0.1:47696 - "POST /update/100 HTTP/1.1" 200 OK
Folder Exists
INFO:     127.0.0.1:47698 - "POST /update/400 HTTP/1.1" 200 OK
Folder Exists
INFO:     127.0.0.1:47712 - "POST /update/300 HTTP/1.1" 200 OK
Folder Exists
INFO:     127.0.0.1:47720 - "POST /update/200 HTTP/1.1" 200 OK
Folder Exists
INFO:     127.0.0.1:47726 - "POST /update/500 HTTP/1.1" 200 OK
Folder Exists
INFO:     127.0.0.1:47742 - "POST /update/400 HTTP/1.1" 200 OK
Folder Exists
INFO:     127.0.0.1:47740 - "POST /update/100 HTTP/1.1" 200 OK
Folder Exists
INFO:     127.0.0.1:47762 - "POST /update/300 HTTP/1.1" 200 OK
Folder Exists
INFO:     127.0.0.1:47772 - "POST /update/200 HTTP/1.1" 200 OK
Folder Exists
INFO:     127.0.0.1:47788 - "POST /update/500 HTTP/1.1" 200 OK
Folder Exists
INFO:     127.0.0.1:47794 - "POST /update/100 HTTP/1.1" 200 OK
Folder Exists
INFO:     127.0.0.1:47806 - "POST /update/400 HTTP/1.1" 200 OK
Folder Exists
INFO:     127.0.0.1:47812 - "POST /update/300 HTTP/1.1" 200 OK
Folder Exists
INFO:     127.0.0.1:47824 - "POST /update/200 HTTP/1.1" 200 OK
Folder Exists
INFO:     127.0.0.1:32834 - "POST /update/500 HTTP/1.1" 200 OK
Folder Exists
INFO:     127.0.0.1:32844 - "POST /update/100 HTTP/1.1" 200 OK
Folder Exists
INFO:     127.0.0.1:32856 - "POST /update/400 HTTP/1.1" 200 OK
Folder Exists
INFO:     127.0.0.1:32870 - "POST /update/300 HTTP/1.1" 200 OK
Folder Exists
INFO:     127.0.0.1:32874 - "POST /update/200 HTTP/1.1" 200 OK
Folder Exists
INFO:     127.0.0.1:32884 - "POST /update/500 HTTP/1.1" 200 OK
Folder Exists
INFO:     127.0.0.1:32886 - "POST /update/100 HTTP/1.1" 200 OK
Folder Exists
INFO:     127.0.0.1:32902 - "POST /update/400 HTTP/1.1" 200 OK
Folder Exists
INFO:     127.0.0.1:32908 - "POST /update/300 HTTP/1.1" 200 OK
Folder Exists
INFO:     127.0.0.1:32924 - "POST /update/200 HTTP/1.1" 200 OK
Folder Exists
INFO:     127.0.0.1:32932 - "POST /update/500 HTTP/1.1" 200 OK
Folder Exists
INFO:     127.0.0.1:32946 - "POST /update/100 HTTP/1.1" 200 OK
Folder Exists
INFO:     127.0.0.1:32948 - "POST /update/400 HTTP/1.1" 200 OK
Folder Exists
INFO:     127.0.0.1:32954 - "POST /update/300 HTTP/1.1" 200 OK
Folder Exists
INFO:     127.0.0.1:32960 - "POST /update/200 HTTP/1.1" 200 OK
Folder Exists
INFO:     127.0.0.1:32968 - "POST /update/500 HTTP/1.1" 200 OK
Folder Exists
INFO:     127.0.0.1:32978 - "POST /update/100 HTTP/1.1" 200 OK
Folder Exists
INFO:     127.0.0.1:32982 - "POST /update/400 HTTP/1.1" 200 OK
Folder Exists
INFO:     127.0.0.1:32986 - "POST /update/300 HTTP/1.1" 200 OK
Folder Exists
INFO:     127.0.0.1:32994 - "POST /update/200 HTTP/1.1" 200 OK
Folder Exists
INFO:     127.0.0.1:33008 - "POST /update/500 HTTP/1.1" 200 OK
Folder Exists
INFO:     127.0.0.1:33012 - "POST /update/100 HTTP/1.1" 200 OK
Folder Exists
INFO:     127.0.0.1:33028 - "POST /update/400 HTTP/1.1" 200 OK
Folder Exists
INFO:     127.0.0.1:33034 - "POST /update/300 HTTP/1.1" 200 OK
Folder Exists
INFO:     127.0.0.1:33038 - "POST /update/200 HTTP/1.1" 200 OK
Folder Exists
INFO:     127.0.0.1:33052 - "POST /update/500 HTTP/1.1" 200 OK
Folder Exists
INFO:     127.0.0.1:33066 - "POST /update/100 HTTP/1.1" 200 OK
Folder Exists
INFO:     127.0.0.1:33074 - "POST /update/400 HTTP/1.1" 200 OK
Folder Exists
INFO:     127.0.0.1:33078 - "POST /update/300 HTTP/1.1" 200 OK
Folder Exists
INFO:     127.0.0.1:33084 - "POST /update/200 HTTP/1.1" 200 OK
Folder Exists
INFO:     127.0.0.1:33098 - "POST /update/500 HTTP/1.1" 200 OK
Folder Exists
INFO:     127.0.0.1:33108 - "POST /update/100 HTTP/1.1" 200 OK
Folder Exists
INFO:     127.0.0.1:33116 - "POST /update/400 HTTP/1.1" 200 OK
Folder Exists
INFO:     127.0.0.1:33132 - "POST /update/300 HTTP/1.1" 200 OK
Folder Exists
INFO:     127.0.0.1:33144 - "POST /update/200 HTTP/1.1" 200 OK
Folder Exists
INFO:     127.0.0.1:33158 - "POST /update/500 HTTP/1.1" 200 OK
Folder Exists
INFO:     127.0.0.1:33168 - "POST /update/400 HTTP/1.1" 200 OK
Folder Exists
INFO:     127.0.0.1:33166 - "POST /update/100 HTTP/1.1" 200 OK
Folder Exists
INFO:     127.0.0.1:33176 - "POST /update/300 HTTP/1.1" 200 OK
Folder Exists
INFO:     127.0.0.1:33178 - "POST /update/200 HTTP/1.1" 200 OK
Folder Exists
INFO:     127.0.0.1:33194 - "POST /update/500 HTTP/1.1" 200 OK
Folder Exists
INFO:     127.0.0.1:33198 - "POST /update/100 HTTP/1.1" 200 OK
Folder Exists
INFO:     127.0.0.1:33214 - "POST /update/400 HTTP/1.1" 200 OK
Folder Exists
INFO:     127.0.0.1:33222 - "POST /update/300 HTTP/1.1" 200 OK
Folder Exists
INFO:     127.0.0.1:33236 - "POST /update/200 HTTP/1.1" 200 OK
Folder Exists
INFO:     127.0.0.1:33248 - "POST /update/500 HTTP/1.1" 200 OK
Folder Exists
INFO:     127.0.0.1:33258 - "POST /update/400 HTTP/1.1" 200 OK
Folder Exists
INFO:     127.0.0.1:33256 - "POST /update/100 HTTP/1.1" 200 OK
Folder Exists
INFO:     127.0.0.1:33278 - "POST /update/300 HTTP/1.1" 200 OK
Folder Exists
INFO:     127.0.0.1:33286 - "POST /update/200 HTTP/1.1" 200 OK
Folder Exists
INFO:     127.0.0.1:57460 - "POST /update/500 HTTP/1.1" 200 OK
Folder Exists
INFO:     127.0.0.1:57472 - "POST /update/100 HTTP/1.1" 200 OK
Folder Exists
INFO:     127.0.0.1:57474 - "POST /update/400 HTTP/1.1" 200 OK
Folder Exists
INFO:     127.0.0.1:57494 - "POST /update/300 HTTP/1.1" 200 OK
Folder Exists
INFO:     127.0.0.1:57506 - "POST /update/200 HTTP/1.1" 200 OK
Folder Exists
INFO:     127.0.0.1:57514 - "POST /update/500 HTTP/1.1" 200 OK
Folder Exists
INFO:     127.0.0.1:57522 - "POST /update/100 HTTP/1.1" 200 OK
Folder Exists
INFO:     127.0.0.1:57538 - "POST /update/400 HTTP/1.1" 200 OK
Folder Exists
INFO:     127.0.0.1:57552 - "POST /update/300 HTTP/1.1" 200 OK
Folder Exists
INFO:     127.0.0.1:57566 - "POST /update/200 HTTP/1.1" 200 OK
Folder Exists
INFO:     127.0.0.1:57574 - "POST /update/500 HTTP/1.1" 200 OK
Folder Exists
INFO:     127.0.0.1:57576 - "POST /update/100 HTTP/1.1" 200 OK
Folder Exists
INFO:     127.0.0.1:57590 - "POST /update/400 HTTP/1.1" 200 OK
Folder Exists
INFO:     127.0.0.1:57596 - "POST /update/300 HTTP/1.1" 200 OK
Folder Exists
INFO:     127.0.0.1:57602 - "POST /update/200 HTTP/1.1" 200 OK
Folder Exists
INFO:     127.0.0.1:57610 - "POST /update/500 HTTP/1.1" 200 OK
Folder Exists
INFO:     127.0.0.1:57622 - "POST /update/100 HTTP/1.1" 200 OK
Folder Exists
INFO:     127.0.0.1:57626 - "POST /update/400 HTTP/1.1" 200 OK
Folder Exists
INFO:     127.0.0.1:57632 - "POST /update/300 HTTP/1.1" 200 OK
Folder Exists
INFO:     127.0.0.1:57638 - "POST /update/200 HTTP/1.1" 200 OK
Folder Exists
INFO:     127.0.0.1:57652 - "POST /update/500 HTTP/1.1" 200 OK
Folder Exists
INFO:     127.0.0.1:57666 - "POST /update/100 HTTP/1.1" 200 OK
Folder Exists
INFO:     127.0.0.1:57682 - "POST /update/400 HTTP/1.1" 200 OK
Folder Exists
INFO:     127.0.0.1:57692 - "POST /update/300 HTTP/1.1" 200 OK
Folder Exists
INFO:     127.0.0.1:57700 - "POST /update/200 HTTP/1.1" 200 OK
Folder Exists
INFO:     127.0.0.1:57704 - "POST /update/500 HTTP/1.1" 200 OK
Folder Exists
INFO:     127.0.0.1:57712 - "POST /update/100 HTTP/1.1" 200 OK
Folder Exists
INFO:     127.0.0.1:57722 - "POST /update/400 HTTP/1.1" 200 OK
Folder Exists
INFO:     127.0.0.1:57728 - "POST /update/300 HTTP/1.1" 200 OK
Folder Exists
INFO:     127.0.0.1:57742 - "POST /update/200 HTTP/1.1" 200 OK
Folder Exists
INFO:     127.0.0.1:57744 - "POST /update/500 HTTP/1.1" 200 OK
Folder Exists
INFO:     127.0.0.1:57748 - "POST /update/100 HTTP/1.1" 200 OK
Folder Exists
INFO:     127.0.0.1:57758 - "POST /update/400 HTTP/1.1" 200 OK
Folder Exists
INFO:     127.0.0.1:57772 - "POST /update/300 HTTP/1.1" 200 OK
Folder Exists
INFO:     127.0.0.1:57788 - "POST /update/200 HTTP/1.1" 200 OK
Folder Exists
INFO:     127.0.0.1:57796 - "POST /update/500 HTTP/1.1" 200 OK
Folder Exists
INFO:     127.0.0.1:57804 - "POST /update/100 HTTP/1.1" 200 OK
Folder Exists
INFO:     127.0.0.1:57814 - "POST /update/400 HTTP/1.1" 200 OK
Folder Exists
INFO:     127.0.0.1:57816 - "POST /update/300 HTTP/1.1" 200 OK
Folder Exists
INFO:     127.0.0.1:57824 - "POST /update/200 HTTP/1.1" 200 OK
Folder Exists
INFO:     127.0.0.1:57832 - "POST /update/500 HTTP/1.1" 200 OK
Folder Exists
INFO:     127.0.0.1:57840 - "POST /update/400 HTTP/1.1" 200 OK
Folder Exists
INFO:     127.0.0.1:57850 - "POST /update/100 HTTP/1.1" 200 OK
Folder Exists
INFO:     127.0.0.1:57858 - "POST /update/300 HTTP/1.1" 200 OK
Folder Exists
INFO:     127.0.0.1:57868 - "POST /update/200 HTTP/1.1" 200 OK
Folder Exists
INFO:     127.0.0.1:57874 - "POST /update/500 HTTP/1.1" 200 OK
Folder Exists
INFO:     127.0.0.1:57888 - "POST /update/400 HTTP/1.1" 200 OK
Folder Exists
INFO:     127.0.0.1:57904 - "POST /update/100 HTTP/1.1" 200 OK
Folder Exists
INFO:     127.0.0.1:57912 - "POST /update/300 HTTP/1.1" 200 OK
Folder Exists
INFO:     127.0.0.1:57926 - "POST /update/200 HTTP/1.1" 200 OK
Folder Exists
INFO:     127.0.0.1:50316 - "POST /update/500 HTTP/1.1" 200 OK
Folder Exists
INFO:     127.0.0.1:50320 - "POST /update/100 HTTP/1.1" 200 OK
Folder Exists
INFO:     127.0.0.1:50324 - "POST /update/400 HTTP/1.1" 200 OK
Folder Exists
INFO:     127.0.0.1:50332 - "POST /update/300 HTTP/1.1" 200 OK
Folder Exists
INFO:     127.0.0.1:50346 - "POST /update/200 HTTP/1.1" 200 OK
Folder Exists
INFO:     127.0.0.1:50354 - "POST /update/500 HTTP/1.1" 200 OK
Folder Exists
INFO:     127.0.0.1:50366 - "POST /update/100 HTTP/1.1" 200 OK
Folder Exists
INFO:     127.0.0.1:50372 - "POST /update/400 HTTP/1.1" 200 OK
Folder Exists
INFO:     127.0.0.1:50382 - "POST /update/300 HTTP/1.1" 200 OK
Folder Exists
INFO:     127.0.0.1:50392 - "POST /update/200 HTTP/1.1" 200 OK
Folder Exists
INFO:     127.0.0.1:50398 - "POST /update/500 HTTP/1.1" 200 OK
Folder Exists
INFO:     127.0.0.1:50412 - "POST /update/100 HTTP/1.1" 200 OK
Folder Exists
INFO:     127.0.0.1:50414 - "POST /update/400 HTTP/1.1" 200 OK
Folder Exists
INFO:     127.0.0.1:50430 - "POST /update/300 HTTP/1.1" 200 OK
Folder Exists
INFO:     127.0.0.1:50432 - "POST /update/200 HTTP/1.1" 200 OK
Folder Exists
INFO:     127.0.0.1:50446 - "POST /update/500 HTTP/1.1" 200 OK
Folder Exists
INFO:     127.0.0.1:50460 - "POST /update/100 HTTP/1.1" 200 OK
Folder Exists
INFO:     127.0.0.1:50474 - "POST /update/400 HTTP/1.1" 200 OK
Folder Exists
INFO:     127.0.0.1:50488 - "POST /update/300 HTTP/1.1" 200 OK
Folder Exists
INFO:     127.0.0.1:50496 - "POST /update/200 HTTP/1.1" 200 OK
Folder Exists
INFO:     127.0.0.1:50510 - "POST /update/500 HTTP/1.1" 200 OK
Folder Exists
INFO:     127.0.0.1:50522 - "POST /update/100 HTTP/1.1" 200 OK
Folder Exists
INFO:     127.0.0.1:50524 - "POST /update/400 HTTP/1.1" 200 OK
Folder Exists
INFO:     127.0.0.1:50534 - "POST /update/300 HTTP/1.1" 200 OK
Folder Exists
INFO:     127.0.0.1:50536 - "POST /update/200 HTTP/1.1" 200 OK
Folder Exists
INFO:     127.0.0.1:50552 - "POST /update/500 HTTP/1.1" 200 OK
Folder Exists
INFO:     127.0.0.1:50558 - "POST /update/100 HTTP/1.1" 200 OK
Folder Exists
INFO:     127.0.0.1:50574 - "POST /update/400 HTTP/1.1" 200 OK
Folder Exists
INFO:     127.0.0.1:50584 - "POST /update/300 HTTP/1.1" 200 OK
Folder Exists
INFO:     127.0.0.1:50592 - "POST /update/200 HTTP/1.1" 200 OK
Folder Exists
INFO:     127.0.0.1:50596 - "POST /update/500 HTTP/1.1" 200 OK
Folder Exists
INFO:     127.0.0.1:50604 - "POST /update/100 HTTP/1.1" 200 OK
Folder Exists
INFO:     127.0.0.1:50602 - "POST /update/400 HTTP/1.1" 200 OK
Folder Exists
INFO:     127.0.0.1:50632 - "POST /update/300 HTTP/1.1" 200 OK
Folder Exists
INFO:     127.0.0.1:50640 - "POST /update/200 HTTP/1.1" 200 OK
Folder Exists
INFO:     127.0.0.1:50644 - "POST /update/500 HTTP/1.1" 200 OK
Folder Exists
INFO:     127.0.0.1:50656 - "POST /update/100 HTTP/1.1" 200 OK
Folder Exists
INFO:     127.0.0.1:50650 - "POST /update/400 HTTP/1.1" 200 OK
Folder Exists
INFO:     127.0.0.1:50666 - "POST /update/300 HTTP/1.1" 200 OK
Folder Exists
INFO:     127.0.0.1:50676 - "POST /update/200 HTTP/1.1" 200 OK
Folder Exists
INFO:     127.0.0.1:50692 - "POST /update/500 HTTP/1.1" 200 OK
Folder Exists
INFO:     127.0.0.1:50704 - "POST /update/400 HTTP/1.1" 200 OK
Folder Exists
INFO:     127.0.0.1:50706 - "POST /update/100 HTTP/1.1" 200 OK
Folder Exists
INFO:     127.0.0.1:50714 - "POST /update/300 HTTP/1.1" 200 OK
Folder Exists
INFO:     127.0.0.1:50722 - "POST /update/200 HTTP/1.1" 200 OK
Folder Exists
INFO:     127.0.0.1:50728 - "POST /update/500 HTTP/1.1" 200 OK
Folder Exists
INFO:     127.0.0.1:50730 - "POST /update/400 HTTP/1.1" 200 OK
Folder Exists
INFO:     127.0.0.1:50746 - "POST /update/100 HTTP/1.1" 200 OK
Folder Exists
INFO:     127.0.0.1:50752 - "POST /update/300 HTTP/1.1" 200 OK
Folder Exists
INFO:     127.0.0.1:50762 - "POST /update/200 HTTP/1.1" 200 OK
Folder Exists
INFO:     127.0.0.1:55194 - "POST /update/500 HTTP/1.1" 200 OK
Folder Exists
INFO:     127.0.0.1:55202 - "POST /update/400 HTTP/1.1" 200 OK
Folder Exists
INFO:     127.0.0.1:55210 - "POST /update/100 HTTP/1.1" 200 OK
Folder Exists
INFO:     127.0.0.1:55224 - "POST /update/300 HTTP/1.1" 200 OK
Folder Exists
INFO:     127.0.0.1:55230 - "POST /update/200 HTTP/1.1" 200 OK
Folder Exists
INFO:     127.0.0.1:55232 - "POST /update/500 HTTP/1.1" 200 OK
Folder Exists
INFO:     127.0.0.1:55244 - "POST /update/400 HTTP/1.1" 200 OK
Folder Exists
INFO:     127.0.0.1:55254 - "POST /update/100 HTTP/1.1" 200 OK
Folder Exists
INFO:     127.0.0.1:55260 - "POST /update/300 HTTP/1.1" 200 OK
Folder Exists
INFO:     127.0.0.1:55262 - "POST /update/200 HTTP/1.1" 200 OK
Folder Exists
INFO:     127.0.0.1:55276 - "POST /update/500 HTTP/1.1" 200 OK
Folder Exists
INFO:     127.0.0.1:55280 - "POST /update/100 HTTP/1.1" 200 OK
Folder Exists
INFO:     127.0.0.1:55294 - "POST /update/400 HTTP/1.1" 200 OK
Folder Exists
INFO:     127.0.0.1:55298 - "POST /update/300 HTTP/1.1" 200 OK
Folder Exists
INFO:     127.0.0.1:55304 - "POST /update/200 HTTP/1.1" 200 OK
Folder Exists
INFO:     127.0.0.1:55312 - "POST /update/500 HTTP/1.1" 200 OK
Folder Exists
INFO:     127.0.0.1:55338 - "POST /update/400 HTTP/1.1" 200 OK
Folder Exists
INFO:     127.0.0.1:55322 - "POST /update/100 HTTP/1.1" 200 OK
Folder Exists
INFO:     127.0.0.1:55350 - "POST /update/300 HTTP/1.1" 200 OK
Folder Exists
INFO:     127.0.0.1:55366 - "POST /update/200 HTTP/1.1" 200 OK
Folder Exists
INFO:     127.0.0.1:55374 - "POST /update/500 HTTP/1.1" 200 OK
Folder Exists
INFO:     127.0.0.1:55388 - "POST /update/400 HTTP/1.1" 200 OK
Folder Exists
INFO:     127.0.0.1:55404 - "POST /update/100 HTTP/1.1" 200 OK
Folder Exists
INFO:     127.0.0.1:55416 - "POST /update/300 HTTP/1.1" 200 OK
Folder Exists
INFO:     127.0.0.1:55426 - "POST /update/200 HTTP/1.1" 200 OK
Folder Exists
INFO:     127.0.0.1:55434 - "POST /update/500 HTTP/1.1" 200 OK
Folder Exists
INFO:     127.0.0.1:55444 - "POST /update/400 HTTP/1.1" 200 OK
Folder Exists
INFO:     127.0.0.1:55452 - "POST /update/100 HTTP/1.1" 200 OK
Folder Exists
INFO:     127.0.0.1:55466 - "POST /update/300 HTTP/1.1" 200 OK
Folder Exists
INFO:     127.0.0.1:55480 - "POST /update/200 HTTP/1.1" 200 OK
Folder Exists
INFO:     127.0.0.1:55484 - "POST /update/500 HTTP/1.1" 200 OK
Folder Exists
INFO:     127.0.0.1:55486 - "POST /update/400 HTTP/1.1" 200 OK
Folder Exists
INFO:     127.0.0.1:55488 - "POST /update/100 HTTP/1.1" 200 OK
Folder Exists
INFO:     127.0.0.1:55500 - "POST /update/300 HTTP/1.1" 200 OK
Folder Exists
INFO:     127.0.0.1:55512 - "POST /update/200 HTTP/1.1" 200 OK
Folder Exists
INFO:     127.0.0.1:55528 - "POST /update/500 HTTP/1.1" 200 OK
Folder Exists
INFO:     127.0.0.1:55538 - "POST /update/100 HTTP/1.1" 200 OK
Folder Exists
INFO:     127.0.0.1:55546 - "POST /update/400 HTTP/1.1" 200 OK
Folder Exists
INFO:     127.0.0.1:55548 - "POST /update/300 HTTP/1.1" 200 OK
Folder Exists
INFO:     127.0.0.1:55552 - "POST /update/200 HTTP/1.1" 200 OK
Folder Exists
INFO:     127.0.0.1:55568 - "POST /update/500 HTTP/1.1" 200 OK
Folder Exists
INFO:     127.0.0.1:55578 - "POST /update/400 HTTP/1.1" 200 OK
Folder Exists
INFO:     127.0.0.1:55580 - "POST /update/100 HTTP/1.1" 200 OK
Folder Exists
INFO:     127.0.0.1:55586 - "POST /update/300 HTTP/1.1" 200 OK
Folder Exists
INFO:     127.0.0.1:55600 - "POST /update/200 HTTP/1.1" 200 OK
Folder Exists
INFO:     127.0.0.1:55608 - "POST /update/500 HTTP/1.1" 200 OK
Folder Exists
INFO:     127.0.0.1:55620 - "POST /update/100 HTTP/1.1" 200 OK
Folder Exists
INFO:     127.0.0.1:55628 - "POST /update/400 HTTP/1.1" 200 OK
Folder Exists
INFO:     127.0.0.1:55644 - "POST /update/300 HTTP/1.1" 200 OK
Folder Exists
INFO:     127.0.0.1:55652 - "POST /update/200 HTTP/1.1" 200 OK
Folder Exists
INFO:     127.0.0.1:54390 - "POST /update/500 HTTP/1.1" 200 OK
Folder Exists
INFO:     127.0.0.1:54406 - "POST /update/100 HTTP/1.1" 200 OK
Folder Exists
INFO:     127.0.0.1:54410 - "POST /update/400 HTTP/1.1" 200 OK
Folder Exists
INFO:     127.0.0.1:54412 - "POST /update/300 HTTP/1.1" 200 OK
Folder Exists
INFO:     127.0.0.1:54420 - "POST /update/200 HTTP/1.1" 200 OK
Folder Exists
INFO:     127.0.0.1:54426 - "POST /update/500 HTTP/1.1" 200 OK
Folder Exists
INFO:     127.0.0.1:54432 - "POST /update/400 HTTP/1.1" 200 OK
Folder Exists
INFO:     127.0.0.1:54446 - "POST /update/100 HTTP/1.1" 200 OK
Folder Exists
INFO:     127.0.0.1:54458 - "POST /update/300 HTTP/1.1" 200 OK
Folder Exists
INFO:     127.0.0.1:54472 - "POST /update/200 HTTP/1.1" 200 OK
Folder Exists
INFO:     127.0.0.1:54486 - "POST /update/500 HTTP/1.1" 200 OK
Folder Exists
INFO:     127.0.0.1:54490 - "POST /update/400 HTTP/1.1" 200 OK
Folder Exists
INFO:     127.0.0.1:54502 - "POST /update/100 HTTP/1.1" 200 OK
Folder Exists
INFO:     127.0.0.1:54516 - "POST /update/300 HTTP/1.1" 200 OK
Folder Exists
INFO:     127.0.0.1:54520 - "POST /update/200 HTTP/1.1" 200 OK
Folder Exists
INFO:     127.0.0.1:54532 - "POST /update/500 HTTP/1.1" 200 OK
Folder Exists
INFO:     127.0.0.1:54536 - "POST /update/400 HTTP/1.1" 200 OK
Folder Exists
INFO:     127.0.0.1:54544 - "POST /update/100 HTTP/1.1" 200 OK
Folder Exists
INFO:     127.0.0.1:54556 - "POST /update/300 HTTP/1.1" 200 OK
Folder Exists
INFO:     127.0.0.1:54562 - "POST /update/200 HTTP/1.1" 200 OK
Folder Exists
INFO:     127.0.0.1:54564 - "POST /update/500 HTTP/1.1" 200 OK
Folder Exists
INFO:     127.0.0.1:54580 - "POST /update/400 HTTP/1.1" 200 OK
Folder Exists
INFO:     127.0.0.1:54586 - "POST /update/100 HTTP/1.1" 200 OK
Folder Exists
INFO:     127.0.0.1:54598 - "POST /update/300 HTTP/1.1" 200 OK
Folder Exists
INFO:     127.0.0.1:54600 - "POST /update/200 HTTP/1.1" 200 OK
Folder Exists
INFO:     127.0.0.1:54616 - "POST /update/500 HTTP/1.1" 200 OK
Folder Exists
INFO:     127.0.0.1:54628 - "POST /update/400 HTTP/1.1" 200 OK
Folder Exists
INFO:     127.0.0.1:54638 - "POST /update/100 HTTP/1.1" 200 OK
Folder Exists
INFO:     127.0.0.1:54644 - "POST /update/300 HTTP/1.1" 200 OK
Folder Exists
INFO:     127.0.0.1:54654 - "POST /update/200 HTTP/1.1" 200 OK
Folder Exists
INFO:     127.0.0.1:54670 - "POST /update/500 HTTP/1.1" 200 OK
Folder Exists
INFO:     127.0.0.1:54686 - "POST /update/400 HTTP/1.1" 200 OK
Folder Exists
INFO:     127.0.0.1:54690 - "POST /update/100 HTTP/1.1" 200 OK
Folder Exists
INFO:     127.0.0.1:54694 - "POST /update/300 HTTP/1.1" 200 OK
Folder Exists
INFO:     127.0.0.1:54700 - "POST /update/200 HTTP/1.1" 200 OK
Folder Exists
INFO:     127.0.0.1:54708 - "POST /update/500 HTTP/1.1" 200 OK
Folder Exists
INFO:     127.0.0.1:54710 - "POST /update/400 HTTP/1.1" 200 OK
Folder Exists
INFO:     127.0.0.1:54726 - "POST /update/100 HTTP/1.1" 200 OK
Folder Exists
INFO:     127.0.0.1:54742 - "POST /update/300 HTTP/1.1" 200 OK
Folder Exists
INFO:     127.0.0.1:54754 - "POST /update/200 HTTP/1.1" 200 OK
Folder Exists
INFO:     127.0.0.1:54770 - "POST /update/500 HTTP/1.1" 200 OK
Folder Exists
INFO:     127.0.0.1:54780 - "POST /update/400 HTTP/1.1" 200 OK
Folder Exists
INFO:     127.0.0.1:54788 - "POST /update/100 HTTP/1.1" 200 OK
Folder Exists
INFO:     127.0.0.1:54804 - "POST /update/300 HTTP/1.1" 200 OK
Folder Exists
INFO:     127.0.0.1:54812 - "POST /update/200 HTTP/1.1" 200 OK
Folder Exists
INFO:     127.0.0.1:54828 - "POST /update/500 HTTP/1.1" 200 OK
Folder Exists
INFO:     127.0.0.1:54842 - "POST /update/400 HTTP/1.1" 200 OK
Folder Exists
INFO:     127.0.0.1:54854 - "POST /update/100 HTTP/1.1" 200 OK
Folder Exists
INFO:     127.0.0.1:54868 - "POST /update/300 HTTP/1.1" 200 OK
Folder Exists
INFO:     127.0.0.1:54882 - "POST /update/200 HTTP/1.1" 200 OK
Folder Exists
INFO:     127.0.0.1:39618 - "POST /update/500 HTTP/1.1" 200 OK
Folder Exists
INFO:     127.0.0.1:39620 - "POST /update/400 HTTP/1.1" 200 OK
Folder Exists
INFO:     127.0.0.1:39628 - "POST /update/100 HTTP/1.1" 200 OK
Folder Exists
INFO:     127.0.0.1:39638 - "POST /update/300 HTTP/1.1" 200 OK
Folder Exists
INFO:     127.0.0.1:39640 - "POST /update/200 HTTP/1.1" 200 OK
Folder Exists
INFO:     127.0.0.1:39656 - "POST /update/500 HTTP/1.1" 200 OK
Folder Exists
INFO:     127.0.0.1:39660 - "POST /update/400 HTTP/1.1" 200 OK
Folder Exists
INFO:     127.0.0.1:39672 - "POST /update/100 HTTP/1.1" 200 OK
Folder Exists
INFO:     127.0.0.1:39674 - "POST /update/300 HTTP/1.1" 200 OK
Folder Exists
INFO:     127.0.0.1:39688 - "POST /update/200 HTTP/1.1" 200 OK
Folder Exists
INFO:     127.0.0.1:39704 - "POST /update/500 HTTP/1.1" 200 OK
Folder Exists
INFO:     127.0.0.1:39710 - "POST /update/400 HTTP/1.1" 200 OK
Folder Exists
INFO:     127.0.0.1:39720 - "POST /update/100 HTTP/1.1" 200 OK
Folder Exists
INFO:     127.0.0.1:39736 - "POST /update/300 HTTP/1.1" 200 OK
Folder Exists
INFO:     127.0.0.1:39752 - "POST /update/200 HTTP/1.1" 200 OK
Folder Exists
INFO:     127.0.0.1:39762 - "POST /update/500 HTTP/1.1" 200 OK
Folder Exists
INFO:     127.0.0.1:39770 - "POST /update/400 HTTP/1.1" 200 OK
Folder Exists
INFO:     127.0.0.1:39776 - "POST /update/100 HTTP/1.1" 200 OK
Folder Exists
INFO:     127.0.0.1:39778 - "POST /update/300 HTTP/1.1" 200 OK
Folder Exists
INFO:     127.0.0.1:39788 - "POST /update/200 HTTP/1.1" 200 OK
Folder Exists
INFO:     127.0.0.1:39796 - "POST /update/500 HTTP/1.1" 200 OK
Folder Exists
INFO:     127.0.0.1:39808 - "POST /update/400 HTTP/1.1" 200 OK
Folder Exists
INFO:     127.0.0.1:39810 - "POST /update/100 HTTP/1.1" 200 OK
Folder Exists
INFO:     127.0.0.1:39812 - "POST /update/300 HTTP/1.1" 200 OK
Folder Exists
INFO:     127.0.0.1:39814 - "POST /update/200 HTTP/1.1" 200 OK
Folder Exists
INFO:     127.0.0.1:39818 - "POST /update/500 HTTP/1.1" 200 OK
Folder Exists
INFO:     127.0.0.1:39822 - "POST /update/100 HTTP/1.1" 200 OK
Folder Exists
INFO:     127.0.0.1:39828 - "POST /update/400 HTTP/1.1" 200 OK
Folder Exists
INFO:     127.0.0.1:39832 - "POST /update/300 HTTP/1.1" 200 OK
Folder Exists
INFO:     127.0.0.1:39842 - "POST /update/200 HTTP/1.1" 200 OK
Folder Exists
INFO:     127.0.0.1:39856 - "POST /update/500 HTTP/1.1" 200 OK
Folder Exists
INFO:     127.0.0.1:39864 - "POST /update/100 HTTP/1.1" 200 OK
Folder Exists
INFO:     127.0.0.1:39878 - "POST /update/400 HTTP/1.1" 200 OK
Folder Exists
INFO:     127.0.0.1:39884 - "POST /update/300 HTTP/1.1" 200 OK
Folder Exists
INFO:     127.0.0.1:39892 - "POST /update/200 HTTP/1.1" 200 OK
Folder Exists
INFO:     127.0.0.1:39906 - "POST /update/500 HTTP/1.1" 200 OK
Folder Exists
INFO:     127.0.0.1:39912 - "POST /update/400 HTTP/1.1" 200 OK
Folder Exists
INFO:     127.0.0.1:39922 - "POST /update/100 HTTP/1.1" 200 OK
Folder Exists
INFO:     127.0.0.1:39934 - "POST /update/300 HTTP/1.1" 200 OK
Folder Exists
INFO:     127.0.0.1:39942 - "POST /update/200 HTTP/1.1" 200 OK
Folder Exists
INFO:     127.0.0.1:39956 - "POST /update/500 HTTP/1.1" 200 OK
Folder Exists
INFO:     127.0.0.1:39962 - "POST /update/400 HTTP/1.1" 200 OK
Folder Exists
INFO:     127.0.0.1:39978 - "POST /update/100 HTTP/1.1" 200 OK
Folder Exists
INFO:     127.0.0.1:39992 - "POST /update/300 HTTP/1.1" 200 OK
Folder Exists
INFO:     127.0.0.1:40002 - "POST /update/200 HTTP/1.1" 200 OK
Folder Exists
INFO:     127.0.0.1:40010 - "POST /update/500 HTTP/1.1" 200 OK
Folder Exists
INFO:     127.0.0.1:40014 - "POST /update/400 HTTP/1.1" 200 OK
Folder Exists
INFO:     127.0.0.1:40022 - "POST /update/100 HTTP/1.1" 200 OK
Folder Exists
INFO:     127.0.0.1:40026 - "POST /update/300 HTTP/1.1" 200 OK
Folder Exists
INFO:     127.0.0.1:40038 - "POST /update/200 HTTP/1.1" 200 OK
Folder Exists
INFO:     127.0.0.1:54070 - "POST /update/500 HTTP/1.1" 200 OK
Folder Exists
INFO:     127.0.0.1:54080 - "POST /update/400 HTTP/1.1" 200 OK
Folder Exists
INFO:     127.0.0.1:54082 - "POST /update/100 HTTP/1.1" 200 OK
Folder Exists
INFO:     127.0.0.1:54098 - "POST /update/300 HTTP/1.1" 200 OK
Folder Exists
INFO:     127.0.0.1:54112 - "POST /update/200 HTTP/1.1" 200 OK
Folder Exists
INFO:     127.0.0.1:54120 - "POST /update/500 HTTP/1.1" 200 OK
Folder Exists
INFO:     127.0.0.1:54132 - "POST /update/400 HTTP/1.1" 200 OK
Folder Exists
INFO:     127.0.0.1:54140 - "POST /update/100 HTTP/1.1" 200 OK
Folder Exists
INFO:     127.0.0.1:54152 - "POST /update/300 HTTP/1.1" 200 OK
Folder Exists
INFO:     127.0.0.1:54164 - "POST /update/200 HTTP/1.1" 200 OK
Folder Exists
INFO:     127.0.0.1:54172 - "POST /update/500 HTTP/1.1" 200 OK
Folder Exists
INFO:     127.0.0.1:54182 - "POST /update/400 HTTP/1.1" 200 OK
Folder Exists
INFO:     127.0.0.1:54190 - "POST /update/100 HTTP/1.1" 200 OK
Folder Exists
INFO:     127.0.0.1:54204 - "POST /update/300 HTTP/1.1" 200 OK
Folder Exists
INFO:     127.0.0.1:54214 - "POST /update/200 HTTP/1.1" 200 OK
Folder Exists
INFO:     127.0.0.1:54226 - "POST /update/500 HTTP/1.1" 200 OK
Folder Exists
INFO:     127.0.0.1:54234 - "POST /update/400 HTTP/1.1" 200 OK
Folder Exists
INFO:     127.0.0.1:54242 - "POST /update/100 HTTP/1.1" 200 OK
Folder Exists
INFO:     127.0.0.1:54258 - "POST /update/300 HTTP/1.1" 200 OK
Folder Exists
INFO:     127.0.0.1:54274 - "POST /update/200 HTTP/1.1" 200 OK
Folder Exists
INFO:     127.0.0.1:54282 - "POST /update/500 HTTP/1.1" 200 OK
Folder Exists
INFO:     127.0.0.1:54292 - "POST /update/400 HTTP/1.1" 200 OK
Folder Exists
INFO:     127.0.0.1:54294 - "POST /update/100 HTTP/1.1" 200 OK
Folder Exists
INFO:     127.0.0.1:54300 - "POST /update/300 HTTP/1.1" 200 OK
Folder Exists
INFO:     127.0.0.1:54308 - "POST /update/200 HTTP/1.1" 200 OK
Folder Exists
INFO:     127.0.0.1:54310 - "POST /update/500 HTTP/1.1" 200 OK
Folder Exists
INFO:     127.0.0.1:54318 - "POST /update/400 HTTP/1.1" 200 OK
Folder Exists
INFO:     127.0.0.1:54320 - "POST /update/100 HTTP/1.1" 200 OK
Folder Exists
INFO:     127.0.0.1:54324 - "POST /update/300 HTTP/1.1" 200 OK
Folder Exists
INFO:     127.0.0.1:54336 - "POST /update/200 HTTP/1.1" 200 OK
Folder Exists
INFO:     127.0.0.1:54338 - "POST /update/500 HTTP/1.1" 200 OK
Folder Exists
INFO:     127.0.0.1:54340 - "POST /update/400 HTTP/1.1" 200 OK
Folder Exists
INFO:     127.0.0.1:54348 - "POST /update/100 HTTP/1.1" 200 OK
Folder Exists
INFO:     127.0.0.1:54362 - "POST /update/300 HTTP/1.1" 200 OK
Folder Exists
INFO:     127.0.0.1:54368 - "POST /update/200 HTTP/1.1" 200 OK
Folder Exists
INFO:     127.0.0.1:54380 - "POST /update/500 HTTP/1.1" 200 OK
Folder Exists
INFO:     127.0.0.1:54396 - "POST /update/400 HTTP/1.1" 200 OK
Folder Exists
INFO:     127.0.0.1:54410 - "POST /update/100 HTTP/1.1" 200 OK
Folder Exists
INFO:     127.0.0.1:54424 - "POST /update/300 HTTP/1.1" 200 OK
Folder Exists
INFO:     127.0.0.1:54430 - "POST /update/200 HTTP/1.1" 200 OK
Folder Exists
INFO:     127.0.0.1:54442 - "POST /update/500 HTTP/1.1" 200 OK
Folder Exists
INFO:     127.0.0.1:54458 - "POST /update/400 HTTP/1.1" 200 OK
Folder Exists
INFO:     127.0.0.1:54468 - "POST /update/100 HTTP/1.1" 200 OK
Folder Exists
INFO:     127.0.0.1:54480 - "POST /update/300 HTTP/1.1" 200 OK
Folder Exists
INFO:     127.0.0.1:54484 - "POST /update/200 HTTP/1.1" 200 OK
Folder Exists
INFO:     127.0.0.1:54486 - "POST /update/500 HTTP/1.1" 200 OK
Folder Exists
INFO:     127.0.0.1:54500 - "POST /update/400 HTTP/1.1" 200 OK
Folder Exists
INFO:     127.0.0.1:54514 - "POST /update/100 HTTP/1.1" 200 OK
Folder Exists
INFO:     127.0.0.1:54516 - "POST /update/300 HTTP/1.1" 200 OK
Folder Exists
INFO:     127.0.0.1:54526 - "POST /update/200 HTTP/1.1" 200 OK
Folder Exists
INFO:     127.0.0.1:54200 - "POST /update/500 HTTP/1.1" 200 OK
Folder Exists
INFO:     127.0.0.1:54210 - "POST /update/400 HTTP/1.1" 200 OK
Folder Exists
INFO:     127.0.0.1:54226 - "POST /update/100 HTTP/1.1" 200 OK
Folder Exists
INFO:     127.0.0.1:54238 - "POST /update/300 HTTP/1.1" 200 OK
Folder Exists
INFO:     127.0.0.1:54254 - "POST /update/200 HTTP/1.1" 200 OK
Folder Exists
INFO:     127.0.0.1:54270 - "POST /update/500 HTTP/1.1" 200 OK
Folder Exists
INFO:     127.0.0.1:54280 - "POST /update/400 HTTP/1.1" 200 OK
Folder Exists
INFO:     127.0.0.1:54296 - "POST /update/100 HTTP/1.1" 200 OK
Folder Exists
INFO:     127.0.0.1:54308 - "POST /update/300 HTTP/1.1" 200 OK
Folder Exists
INFO:     127.0.0.1:54314 - "POST /update/200 HTTP/1.1" 200 OK
Folder Exists
INFO:     127.0.0.1:54324 - "POST /update/500 HTTP/1.1" 200 OK
Folder Exists
INFO:     127.0.0.1:54334 - "POST /update/400 HTTP/1.1" 200 OK
Folder Exists
INFO:     127.0.0.1:54344 - "POST /update/100 HTTP/1.1" 200 OK
Folder Exists
INFO:     127.0.0.1:54354 - "POST /update/300 HTTP/1.1" 200 OK
Folder Exists
INFO:     127.0.0.1:54364 - "POST /update/200 HTTP/1.1" 200 OK
Folder Exists
INFO:     127.0.0.1:54378 - "POST /update/500 HTTP/1.1" 200 OK
Folder Exists
INFO:     127.0.0.1:54380 - "POST /update/400 HTTP/1.1" 200 OK
Folder Exists
INFO:     127.0.0.1:54386 - "POST /update/100 HTTP/1.1" 200 OK
Folder Exists
INFO:     127.0.0.1:54388 - "POST /update/300 HTTP/1.1" 200 OK
Folder Exists
INFO:     127.0.0.1:54398 - "POST /update/200 HTTP/1.1" 200 OK
Folder Exists
INFO:     127.0.0.1:54410 - "POST /update/500 HTTP/1.1" 200 OK
Folder Exists
INFO:     127.0.0.1:54426 - "POST /update/400 HTTP/1.1" 200 OK
Folder Exists
INFO:     127.0.0.1:54442 - "POST /update/100 HTTP/1.1" 200 OK
Folder Exists
INFO:     127.0.0.1:54452 - "POST /update/300 HTTP/1.1" 200 OK
Folder Exists
INFO:     127.0.0.1:54460 - "POST /update/200 HTTP/1.1" 200 OK
Folder Exists
INFO:     127.0.0.1:54462 - "POST /update/500 HTTP/1.1" 200 OK
Folder Exists
INFO:     127.0.0.1:54466 - "POST /update/400 HTTP/1.1" 200 OK
Folder Exists
INFO:     127.0.0.1:54480 - "POST /update/100 HTTP/1.1" 200 OK
Folder Exists
INFO:     127.0.0.1:54496 - "POST /update/300 HTTP/1.1" 200 OK
Folder Exists
INFO:     127.0.0.1:54500 - "POST /update/200 HTTP/1.1" 200 OK
Folder Exists
INFO:     127.0.0.1:54504 - "POST /update/500 HTTP/1.1" 200 OK
Folder Exists
INFO:     127.0.0.1:54514 - "POST /update/400 HTTP/1.1" 200 OK
Folder Exists
INFO:     127.0.0.1:54518 - "POST /update/100 HTTP/1.1" 200 OK
Folder Exists
INFO:     127.0.0.1:54532 - "POST /update/300 HTTP/1.1" 200 OK
Folder Exists
INFO:     127.0.0.1:54534 - "POST /update/200 HTTP/1.1" 200 OK
Folder Exists
INFO:     127.0.0.1:54536 - "POST /update/500 HTTP/1.1" 200 OK
Folder Exists
INFO:     127.0.0.1:54548 - "POST /update/400 HTTP/1.1" 200 OK
Folder Exists
INFO:     127.0.0.1:54564 - "POST /update/100 HTTP/1.1" 200 OK
Folder Exists
INFO:     127.0.0.1:54568 - "POST /update/300 HTTP/1.1" 200 OK
Folder Exists
INFO:     127.0.0.1:54578 - "POST /update/200 HTTP/1.1" 200 OK
Folder Exists
INFO:     127.0.0.1:54590 - "POST /update/500 HTTP/1.1" 200 OK
Folder Exists
INFO:     127.0.0.1:54606 - "POST /update/400 HTTP/1.1" 200 OK
Folder Exists
INFO:     127.0.0.1:54620 - "POST /update/100 HTTP/1.1" 200 OK
Folder Exists
INFO:     127.0.0.1:54628 - "POST /update/300 HTTP/1.1" 200 OK
Folder Exists
INFO:     127.0.0.1:54642 - "POST /update/200 HTTP/1.1" 200 OK
Folder Exists
INFO:     127.0.0.1:54658 - "POST /update/500 HTTP/1.1" 200 OK
Folder Exists
INFO:     127.0.0.1:54670 - "POST /update/400 HTTP/1.1" 200 OK
Folder Exists
INFO:     127.0.0.1:54672 - "POST /update/100 HTTP/1.1" 200 OK
Folder Exists
INFO:     127.0.0.1:54688 - "POST /update/300 HTTP/1.1" 200 OK
Folder Exists
INFO:     127.0.0.1:41062 - "POST /update/200 HTTP/1.1" 200 OK
Folder Exists
INFO:     127.0.0.1:41066 - "POST /update/500 HTTP/1.1" 200 OK
Folder Exists
INFO:     127.0.0.1:41076 - "POST /update/400 HTTP/1.1" 200 OK
Folder Exists
INFO:     127.0.0.1:41078 - "POST /update/100 HTTP/1.1" 200 OK
Folder Exists
INFO:     127.0.0.1:41090 - "POST /update/300 HTTP/1.1" 200 OK
Folder Exists
INFO:     127.0.0.1:41094 - "POST /update/200 HTTP/1.1" 200 OK
Folder Exists
INFO:     127.0.0.1:41110 - "POST /update/500 HTTP/1.1" 200 OK
Folder Exists
INFO:     127.0.0.1:41116 - "POST /update/400 HTTP/1.1" 200 OK
Folder Exists
INFO:     127.0.0.1:41126 - "POST /update/100 HTTP/1.1" 200 OK
Folder Exists
INFO:     127.0.0.1:41140 - "POST /update/300 HTTP/1.1" 200 OK
Folder Exists
INFO:     127.0.0.1:41144 - "POST /update/200 HTTP/1.1" 200 OK
Folder Exists
INFO:     127.0.0.1:41152 - "POST /update/500 HTTP/1.1" 200 OK
Folder Exists
INFO:     127.0.0.1:41156 - "POST /update/400 HTTP/1.1" 200 OK
Folder Exists
INFO:     127.0.0.1:41162 - "POST /update/100 HTTP/1.1" 200 OK
Folder Exists
INFO:     127.0.0.1:41164 - "POST /update/300 HTTP/1.1" 200 OK
Folder Exists
INFO:     127.0.0.1:41172 - "POST /update/200 HTTP/1.1" 200 OK
Folder Exists
INFO:     127.0.0.1:41174 - "POST /update/500 HTTP/1.1" 200 OK
Folder Exists
INFO:     127.0.0.1:41176 - "POST /update/400 HTTP/1.1" 200 OK
Folder Exists
INFO:     127.0.0.1:41178 - "POST /update/100 HTTP/1.1" 200 OK
Folder Exists
INFO:     127.0.0.1:41188 - "POST /update/300 HTTP/1.1" 200 OK
Folder Exists
INFO:     127.0.0.1:41190 - "POST /update/200 HTTP/1.1" 200 OK
Folder Exists
INFO:     127.0.0.1:41206 - "POST /update/500 HTTP/1.1" 200 OK
Folder Exists
INFO:     127.0.0.1:41222 - "POST /update/400 HTTP/1.1" 200 OK
Folder Exists
INFO:     127.0.0.1:41234 - "POST /update/100 HTTP/1.1" 200 OK
Folder Exists
INFO:     127.0.0.1:41240 - "POST /update/300 HTTP/1.1" 200 OK
Folder Exists
INFO:     127.0.0.1:41242 - "POST /update/200 HTTP/1.1" 200 OK
Folder Exists
INFO:     127.0.0.1:41256 - "POST /update/500 HTTP/1.1" 200 OK
Folder Exists
INFO:     127.0.0.1:41266 - "POST /update/400 HTTP/1.1" 200 OK
Folder Exists
INFO:     127.0.0.1:41270 - "POST /update/100 HTTP/1.1" 200 OK
Folder Exists
INFO:     127.0.0.1:41284 - "POST /update/300 HTTP/1.1" 200 OK
Folder Exists
INFO:     127.0.0.1:41286 - "POST /update/200 HTTP/1.1" 200 OK
Folder Exists
INFO:     127.0.0.1:41298 - "POST /update/500 HTTP/1.1" 200 OK
Folder Exists
INFO:     127.0.0.1:41310 - "POST /update/400 HTTP/1.1" 200 OK
Folder Exists
INFO:     127.0.0.1:41326 - "POST /update/100 HTTP/1.1" 200 OK
Folder Exists
INFO:     127.0.0.1:41334 - "POST /update/300 HTTP/1.1" 200 OK
Folder Exists
INFO:     127.0.0.1:41346 - "POST /update/200 HTTP/1.1" 200 OK
Folder Exists
INFO:     127.0.0.1:41354 - "POST /update/500 HTTP/1.1" 200 OK
Folder Exists
INFO:     127.0.0.1:41358 - "POST /update/100 HTTP/1.1" 200 OK
Folder Exists
INFO:     127.0.0.1:41364 - "POST /update/400 HTTP/1.1" 200 OK
Folder Exists
INFO:     127.0.0.1:41370 - "POST /update/300 HTTP/1.1" 200 OK
Folder Exists
INFO:     127.0.0.1:41378 - "POST /update/200 HTTP/1.1" 200 OK
Folder Exists
INFO:     127.0.0.1:41384 - "POST /update/500 HTTP/1.1" 200 OK
Folder Exists
INFO:     127.0.0.1:41386 - "POST /update/400 HTTP/1.1" 200 OK
Folder Exists
INFO:     127.0.0.1:41392 - "POST /update/100 HTTP/1.1" 200 OK
Folder Exists
INFO:     127.0.0.1:41398 - "POST /update/300 HTTP/1.1" 200 OK
Folder Exists
INFO:     127.0.0.1:41408 - "POST /update/200 HTTP/1.1" 200 OK
Folder Exists
INFO:     127.0.0.1:41412 - "POST /update/500 HTTP/1.1" 200 OK
Folder Exists
INFO:     127.0.0.1:41424 - "POST /update/100 HTTP/1.1" 200 OK
Folder Exists
INFO:     127.0.0.1:41430 - "POST /update/400 HTTP/1.1" 200 OK
Folder Exists
INFO:     127.0.0.1:41446 - "POST /update/300 HTTP/1.1" 200 OK
Folder Exists
INFO:     127.0.0.1:44636 - "POST /update/200 HTTP/1.1" 200 OK
Folder Exists
INFO:     127.0.0.1:44638 - "POST /update/500 HTTP/1.1" 200 OK
Folder Exists
INFO:     127.0.0.1:44644 - "POST /update/100 HTTP/1.1" 200 OK
Folder Exists
INFO:     127.0.0.1:44658 - "POST /update/400 HTTP/1.1" 200 OK
Folder Exists
INFO:     127.0.0.1:44674 - "POST /update/300 HTTP/1.1" 200 OK
Folder Exists
INFO:     127.0.0.1:44676 - "POST /update/200 HTTP/1.1" 200 OK
Folder Exists
INFO:     127.0.0.1:44680 - "POST /update/500 HTTP/1.1" 200 OK
Folder Exists
INFO:     127.0.0.1:44690 - "POST /update/100 HTTP/1.1" 200 OK
Folder Exists
INFO:     127.0.0.1:44700 - "POST /update/400 HTTP/1.1" 200 OK
Folder Exists
INFO:     127.0.0.1:44706 - "POST /update/300 HTTP/1.1" 200 OK
Folder Exists
INFO:     127.0.0.1:44708 - "POST /update/200 HTTP/1.1" 200 OK
Folder Exists
INFO:     127.0.0.1:44720 - "POST /update/500 HTTP/1.1" 200 OK
Folder Exists
INFO:     127.0.0.1:44730 - "POST /update/400 HTTP/1.1" 200 OK
Folder Exists
INFO:     127.0.0.1:44738 - "POST /update/100 HTTP/1.1" 200 OK
Folder Exists
INFO:     127.0.0.1:44740 - "POST /update/300 HTTP/1.1" 200 OK
Folder Exists
INFO:     127.0.0.1:44748 - "POST /update/200 HTTP/1.1" 200 OK
Folder Exists
INFO:     127.0.0.1:44756 - "POST /update/500 HTTP/1.1" 200 OK
Folder Exists
INFO:     127.0.0.1:44768 - "POST /update/100 HTTP/1.1" 200 OK
Folder Exists
INFO:     127.0.0.1:44766 - "POST /update/400 HTTP/1.1" 200 OK
Folder Exists
INFO:     127.0.0.1:44776 - "POST /update/300 HTTP/1.1" 200 OK
Folder Exists
INFO:     127.0.0.1:44792 - "POST /update/200 HTTP/1.1" 200 OK
Folder Exists
INFO:     127.0.0.1:44806 - "POST /update/500 HTTP/1.1" 200 OK
Folder Exists
INFO:     127.0.0.1:44810 - "POST /update/400 HTTP/1.1" 200 OK
Folder Exists
INFO:     127.0.0.1:44816 - "POST /update/100 HTTP/1.1" 200 OK
Folder Exists
INFO:     127.0.0.1:44826 - "POST /update/300 HTTP/1.1" 200 OK
Folder Exists
INFO:     127.0.0.1:44832 - "POST /update/200 HTTP/1.1" 200 OK
Folder Exists
INFO:     127.0.0.1:44848 - "POST /update/500 HTTP/1.1" 200 OK
Folder Exists
INFO:     127.0.0.1:44858 - "POST /update/400 HTTP/1.1" 200 OK
Folder Exists
INFO:     127.0.0.1:44864 - "POST /update/100 HTTP/1.1" 200 OK
Folder Exists
INFO:     127.0.0.1:44868 - "POST /update/300 HTTP/1.1" 200 OK
Folder Exists
INFO:     127.0.0.1:44870 - "POST /update/200 HTTP/1.1" 200 OK
Folder Exists
INFO:     127.0.0.1:44880 - "POST /update/500 HTTP/1.1" 200 OK
Folder Exists
INFO:     127.0.0.1:44892 - "POST /update/400 HTTP/1.1" 200 OK
Folder Exists
INFO:     127.0.0.1:44896 - "POST /update/100 HTTP/1.1" 200 OK
Folder Exists
INFO:     127.0.0.1:44898 - "POST /update/300 HTTP/1.1" 200 OK
Folder Exists
INFO:     127.0.0.1:44914 - "POST /update/200 HTTP/1.1" 200 OK
Folder Exists
INFO:     127.0.0.1:44930 - "POST /update/500 HTTP/1.1" 200 OK
Folder Exists
INFO:     127.0.0.1:44938 - "POST /update/400 HTTP/1.1" 200 OK
Folder Exists
INFO:     127.0.0.1:44946 - "POST /update/100 HTTP/1.1" 200 OK
Folder Exists
INFO:     127.0.0.1:44950 - "POST /update/300 HTTP/1.1" 200 OK
Folder Exists
INFO:     127.0.0.1:44960 - "POST /update/200 HTTP/1.1" 200 OK
Folder Exists
INFO:     127.0.0.1:44968 - "POST /update/500 HTTP/1.1" 200 OK
Folder Exists
INFO:     127.0.0.1:44980 - "POST /update/400 HTTP/1.1" 200 OK
Folder Exists
INFO:     127.0.0.1:44996 - "POST /update/100 HTTP/1.1" 200 OK
Folder Exists
INFO:     127.0.0.1:45004 - "POST /update/300 HTTP/1.1" 200 OK
Folder Exists
INFO:     127.0.0.1:45020 - "POST /update/200 HTTP/1.1" 200 OK
Folder Exists
INFO:     127.0.0.1:45026 - "POST /update/500 HTTP/1.1" 200 OK
Folder Exists
INFO:     127.0.0.1:45040 - "POST /update/100 HTTP/1.1" 200 OK
Folder Exists
INFO:     127.0.0.1:45056 - "POST /update/400 HTTP/1.1" 200 OK
Folder Exists
INFO:     127.0.0.1:57988 - "POST /update/300 HTTP/1.1" 200 OK
Folder Exists
INFO:     127.0.0.1:58000 - "POST /update/200 HTTP/1.1" 200 OK
Folder Exists
INFO:     127.0.0.1:58014 - "POST /update/500 HTTP/1.1" 200 OK
Folder Exists
INFO:     127.0.0.1:58020 - "POST /update/400 HTTP/1.1" 200 OK
Folder Exists
INFO:     127.0.0.1:58028 - "POST /update/100 HTTP/1.1" 200 OK
Folder Exists
INFO:     127.0.0.1:58032 - "POST /update/300 HTTP/1.1" 200 OK
Folder Exists
INFO:     127.0.0.1:58038 - "POST /update/200 HTTP/1.1" 200 OK
Folder Exists
INFO:     127.0.0.1:58040 - "POST /update/500 HTTP/1.1" 200 OK
Folder Exists
INFO:     127.0.0.1:58044 - "POST /update/100 HTTP/1.1" 200 OK
Folder Exists
INFO:     127.0.0.1:58050 - "POST /update/400 HTTP/1.1" 200 OK
Folder Exists
INFO:     127.0.0.1:58052 - "POST /update/300 HTTP/1.1" 200 OK
Folder Exists
INFO:     127.0.0.1:58068 - "POST /update/200 HTTP/1.1" 200 OK
Folder Exists
INFO:     127.0.0.1:58078 - "POST /update/500 HTTP/1.1" 200 OK
Folder Exists
INFO:     127.0.0.1:58086 - "POST /update/400 HTTP/1.1" 200 OK
Folder Exists
INFO:     127.0.0.1:58088 - "POST /update/100 HTTP/1.1" 200 OK
Folder Exists
INFO:     127.0.0.1:58092 - "POST /update/300 HTTP/1.1" 200 OK
Folder Exists
INFO:     127.0.0.1:58102 - "POST /update/200 HTTP/1.1" 200 OK
Folder Exists
INFO:     127.0.0.1:58110 - "POST /update/500 HTTP/1.1" 200 OK
Folder Exists
INFO:     127.0.0.1:58124 - "POST /update/100 HTTP/1.1" 200 OK
Folder Exists
INFO:     127.0.0.1:58126 - "POST /update/400 HTTP/1.1" 200 OK
Folder Exists
INFO:     127.0.0.1:58134 - "POST /update/300 HTTP/1.1" 200 OK
Folder Exists
INFO:     127.0.0.1:58136 - "POST /update/200 HTTP/1.1" 200 OK
Folder Exists
INFO:     127.0.0.1:58150 - "POST /update/500 HTTP/1.1" 200 OK
Folder Exists
INFO:     127.0.0.1:58166 - "POST /update/100 HTTP/1.1" 200 OK
Folder Exists
INFO:     127.0.0.1:58182 - "POST /update/400 HTTP/1.1" 200 OK
Folder Exists
INFO:     127.0.0.1:58184 - "POST /update/300 HTTP/1.1" 200 OK
Folder Exists
INFO:     127.0.0.1:58186 - "POST /update/200 HTTP/1.1" 200 OK
Folder Exists
INFO:     127.0.0.1:58196 - "POST /update/500 HTTP/1.1" 200 OK
Folder Exists
INFO:     127.0.0.1:58212 - "POST /update/400 HTTP/1.1" 200 OK
Folder Exists
INFO:     127.0.0.1:58226 - "POST /update/100 HTTP/1.1" 200 OK
Folder Exists
INFO:     127.0.0.1:58236 - "POST /update/300 HTTP/1.1" 200 OK
Folder Exists
INFO:     127.0.0.1:58252 - "POST /update/200 HTTP/1.1" 200 OK
Folder Exists
INFO:     127.0.0.1:58268 - "POST /update/500 HTTP/1.1" 200 OK
Folder Exists
INFO:     127.0.0.1:58274 - "POST /update/400 HTTP/1.1" 200 OK
Folder Exists
INFO:     127.0.0.1:58278 - "POST /update/100 HTTP/1.1" 200 OK
Folder Exists
INFO:     127.0.0.1:58284 - "POST /update/300 HTTP/1.1" 200 OK
Folder Exists
INFO:     127.0.0.1:58290 - "POST /update/200 HTTP/1.1" 200 OK
Folder Exists
INFO:     127.0.0.1:58292 - "POST /update/500 HTTP/1.1" 200 OK
Folder Exists
INFO:     127.0.0.1:58302 - "POST /update/100 HTTP/1.1" 200 OK
Folder Exists
INFO:     127.0.0.1:58304 - "POST /update/400 HTTP/1.1" 200 OK
Folder Exists
INFO:     127.0.0.1:58318 - "POST /update/300 HTTP/1.1" 200 OK
Folder Exists
INFO:     127.0.0.1:58330 - "POST /update/200 HTTP/1.1" 200 OK
Folder Exists
INFO:     127.0.0.1:58332 - "POST /update/500 HTTP/1.1" 200 OK
Folder Exists
INFO:     127.0.0.1:58342 - "POST /update/400 HTTP/1.1" 200 OK
Folder Exists
INFO:     127.0.0.1:58350 - "POST /update/100 HTTP/1.1" 200 OK
Folder Exists
INFO:     127.0.0.1:58364 - "POST /update/300 HTTP/1.1" 200 OK
Folder Exists
INFO:     127.0.0.1:58374 - "POST /update/200 HTTP/1.1" 200 OK
Folder Exists
INFO:     127.0.0.1:58382 - "POST /update/500 HTTP/1.1" 200 OK
Folder Exists
INFO:     127.0.0.1:58398 - "POST /update/100 HTTP/1.1" 200 OK
Folder Exists
INFO:     127.0.0.1:58400 - "POST /update/400 HTTP/1.1" 200 OK
Folder Exists
INFO:     127.0.0.1:47050 - "POST /update/300 HTTP/1.1" 200 OK
Folder Exists
INFO:     127.0.0.1:47066 - "POST /update/200 HTTP/1.1" 200 OK
Folder Exists
INFO:     127.0.0.1:47072 - "POST /update/500 HTTP/1.1" 200 OK
Folder Exists
INFO:     127.0.0.1:47082 - "POST /update/100 HTTP/1.1" 200 OK
Folder Exists
INFO:     127.0.0.1:47080 - "POST /update/400 HTTP/1.1" 200 OK
Folder Exists
INFO:     127.0.0.1:47112 - "POST /update/300 HTTP/1.1" 200 OK
Folder Exists
INFO:     127.0.0.1:47124 - "POST /update/200 HTTP/1.1" 200 OK
Folder Exists
INFO:     127.0.0.1:47126 - "POST /update/500 HTTP/1.1" 200 OK
Folder Exists
INFO:     127.0.0.1:47138 - "POST /update/100 HTTP/1.1" 200 OK
Folder Exists
INFO:     127.0.0.1:47140 - "POST /update/400 HTTP/1.1" 200 OK
Folder Exists
INFO:     127.0.0.1:47158 - "POST /update/300 HTTP/1.1" 200 OK
Folder Exists
INFO:     127.0.0.1:47168 - "POST /update/200 HTTP/1.1" 200 OK
Folder Exists
INFO:     127.0.0.1:47172 - "POST /update/500 HTTP/1.1" 200 OK
Folder Exists
INFO:     127.0.0.1:47182 - "POST /update/400 HTTP/1.1" 200 OK
Folder Exists
INFO:     127.0.0.1:47198 - "POST /update/100 HTTP/1.1" 200 OK
Folder Exists
INFO:     127.0.0.1:47200 - "POST /update/300 HTTP/1.1" 200 OK
Folder Exists
INFO:     127.0.0.1:47208 - "POST /update/200 HTTP/1.1" 200 OK
Folder Exists
INFO:     127.0.0.1:47224 - "POST /update/500 HTTP/1.1" 200 OK
Folder Exists
INFO:     127.0.0.1:47232 - "POST /update/100 HTTP/1.1" 200 OK
Folder Exists
INFO:     127.0.0.1:47248 - "POST /update/400 HTTP/1.1" 200 OK
Folder Exists
INFO:     127.0.0.1:47262 - "POST /update/300 HTTP/1.1" 200 OK
Folder Exists
INFO:     127.0.0.1:47272 - "POST /update/200 HTTP/1.1" 200 OK
Folder Exists
INFO:     127.0.0.1:47276 - "POST /update/500 HTTP/1.1" 200 OK
Folder Exists
INFO:     127.0.0.1:47290 - "POST /update/100 HTTP/1.1" 200 OK
Folder Exists
INFO:     127.0.0.1:47300 - "POST /update/400 HTTP/1.1" 200 OK
Folder Exists
INFO:     127.0.0.1:47308 - "POST /update/300 HTTP/1.1" 200 OK
Folder Exists
INFO:     127.0.0.1:47310 - "POST /update/200 HTTP/1.1" 200 OK
Folder Exists
INFO:     127.0.0.1:47316 - "POST /update/500 HTTP/1.1" 200 OK
Folder Exists
INFO:     127.0.0.1:47330 - "POST /update/400 HTTP/1.1" 200 OK
Folder Exists
INFO:     127.0.0.1:47340 - "POST /update/100 HTTP/1.1" 200 OK
Folder Exists
INFO:     127.0.0.1:47344 - "POST /update/300 HTTP/1.1" 200 OK
Folder Exists
INFO:     127.0.0.1:47358 - "POST /update/200 HTTP/1.1" 200 OK
Folder Exists
INFO:     127.0.0.1:47372 - "POST /update/500 HTTP/1.1" 200 OK
Folder Exists
INFO:     127.0.0.1:47388 - "POST /update/400 HTTP/1.1" 200 OK
Folder Exists
INFO:     127.0.0.1:47392 - "POST /update/100 HTTP/1.1" 200 OK
Folder Exists
INFO:     127.0.0.1:47404 - "POST /update/300 HTTP/1.1" 200 OK
Folder Exists
INFO:     127.0.0.1:47412 - "POST /update/200 HTTP/1.1" 200 OK
Folder Exists
INFO:     127.0.0.1:47414 - "POST /update/500 HTTP/1.1" 200 OK
Folder Exists
INFO:     127.0.0.1:47428 - "POST /update/100 HTTP/1.1" 200 OK
Folder Exists
INFO:     127.0.0.1:47430 - "POST /update/400 HTTP/1.1" 200 OK
Folder Exists
INFO:     127.0.0.1:47448 - "POST /update/300 HTTP/1.1" 200 OK
Folder Exists
INFO:     127.0.0.1:47460 - "POST /update/200 HTTP/1.1" 200 OK
Folder Exists
INFO:     127.0.0.1:47476 - "POST /update/500 HTTP/1.1" 200 OK
Folder Exists
INFO:     127.0.0.1:47490 - "POST /update/100 HTTP/1.1" 200 OK
Folder Exists
INFO:     127.0.0.1:47498 - "POST /update/400 HTTP/1.1" 200 OK
Folder Exists
INFO:     127.0.0.1:47508 - "POST /update/300 HTTP/1.1" 200 OK
Folder Exists
INFO:     127.0.0.1:47512 - "POST /update/200 HTTP/1.1" 200 OK
Folder Exists
INFO:     127.0.0.1:47526 - "POST /update/500 HTTP/1.1" 200 OK
Folder Exists
INFO:     127.0.0.1:47532 - "POST /update/400 HTTP/1.1" 200 OK
Folder Exists
INFO:     127.0.0.1:47548 - "POST /update/100 HTTP/1.1" 200 OK
Folder Exists
INFO:     127.0.0.1:51262 - "POST /update/300 HTTP/1.1" 200 OK
Folder Exists
INFO:     127.0.0.1:51266 - "POST /update/200 HTTP/1.1" 200 OK
Folder Exists
INFO:     127.0.0.1:51268 - "POST /update/500 HTTP/1.1" 200 OK
Folder Exists
INFO:     127.0.0.1:51276 - "POST /update/100 HTTP/1.1" 200 OK
Folder Exists
INFO:     127.0.0.1:51286 - "POST /update/400 HTTP/1.1" 200 OK
Folder Exists
INFO:     127.0.0.1:51294 - "POST /update/300 HTTP/1.1" 200 OK
Folder Exists
INFO:     127.0.0.1:51310 - "POST /update/200 HTTP/1.1" 200 OK
Folder Exists
INFO:     127.0.0.1:51318 - "POST /update/500 HTTP/1.1" 200 OK
Folder Exists
INFO:     127.0.0.1:51326 - "POST /update/400 HTTP/1.1" 200 OK
Folder Exists
INFO:     127.0.0.1:51336 - "POST /update/300 HTTP/1.1" 200 OK
Folder Exists
INFO:     127.0.0.1:51346 - "POST /update/200 HTTP/1.1" 200 OK
Folder Exists
INFO:     127.0.0.1:51350 - "POST /update/500 HTTP/1.1" 200 OK
Folder Exists
INFO:     127.0.0.1:51366 - "POST /update/400 HTTP/1.1" 200 OK
Folder Exists
INFO:     127.0.0.1:51382 - "POST /update/300 HTTP/1.1" 200 OK
Folder Exists
INFO:     127.0.0.1:51394 - "POST /update/200 HTTP/1.1" 200 OK
Folder Exists
INFO:     127.0.0.1:51400 - "POST /update/500 HTTP/1.1" 200 OK
Folder Exists
INFO:     127.0.0.1:51408 - "POST /update/400 HTTP/1.1" 200 OK
Folder Exists
INFO:     127.0.0.1:51420 - "POST /update/300 HTTP/1.1" 200 OK
Folder Exists
INFO:     127.0.0.1:51436 - "POST /update/200 HTTP/1.1" 200 OK
Folder Exists
INFO:     127.0.0.1:51450 - "POST /update/500 HTTP/1.1" 200 OK
Folder Exists
INFO:     127.0.0.1:51462 - "POST /update/400 HTTP/1.1" 200 OK
Folder Exists
INFO:     127.0.0.1:51474 - "POST /update/300 HTTP/1.1" 200 OK
Folder Exists
INFO:     127.0.0.1:51488 - "POST /update/200 HTTP/1.1" 200 OK
Folder Exists
INFO:     127.0.0.1:51494 - "POST /update/500 HTTP/1.1" 200 OK
Folder Exists
INFO:     127.0.0.1:51502 - "POST /update/400 HTTP/1.1" 200 OK
Folder Exists
INFO:     127.0.0.1:51504 - "POST /update/300 HTTP/1.1" 200 OK
Folder Exists
INFO:     127.0.0.1:51510 - "POST /update/200 HTTP/1.1" 200 OK
Folder Exists
INFO:     127.0.0.1:51514 - "POST /update/500 HTTP/1.1" 200 OK
Folder Exists
INFO:     127.0.0.1:51518 - "POST /update/400 HTTP/1.1" 200 OK
Folder Exists
INFO:     127.0.0.1:51526 - "POST /update/300 HTTP/1.1" 200 OK
Folder Exists
INFO:     127.0.0.1:51534 - "POST /update/200 HTTP/1.1" 200 OK
Folder Exists
INFO:     127.0.0.1:51538 - "POST /update/500 HTTP/1.1" 200 OK
Folder Exists
INFO:     127.0.0.1:51550 - "POST /update/400 HTTP/1.1" 200 OK
Folder Exists
INFO:     127.0.0.1:51566 - "POST /update/300 HTTP/1.1" 200 OK
Folder Exists
INFO:     127.0.0.1:51580 - "POST /update/200 HTTP/1.1" 200 OK
Folder Exists
INFO:     127.0.0.1:51586 - "POST /update/500 HTTP/1.1" 200 OK
Folder Exists
INFO:     127.0.0.1:51588 - "POST /update/400 HTTP/1.1" 200 OK
Folder Exists
INFO:     127.0.0.1:51596 - "POST /update/300 HTTP/1.1" 200 OK
Folder Exists
INFO:     127.0.0.1:51598 - "POST /update/200 HTTP/1.1" 200 OK
Folder Exists
INFO:     127.0.0.1:51614 - "POST /update/500 HTTP/1.1" 200 OK
Folder Exists
INFO:     127.0.0.1:51622 - "POST /update/400 HTTP/1.1" 200 OK
Folder Exists
INFO:     127.0.0.1:55576 - "POST /update/300 HTTP/1.1" 200 OK
Folder Exists
INFO:     127.0.0.1:55582 - "POST /update/200 HTTP/1.1" 200 OK
Folder Exists
INFO:     127.0.0.1:55584 - "POST /update/500 HTTP/1.1" 200 OK
Folder Exists
INFO:     127.0.0.1:55596 - "POST /update/400 HTTP/1.1" 200 OK
Folder Exists
INFO:     127.0.0.1:55600 - "POST /update/300 HTTP/1.1" 200 OK
Folder Exists
INFO:     127.0.0.1:55602 - "POST /update/200 HTTP/1.1" 200 OK
Folder Exists
INFO:     127.0.0.1:55616 - "POST /update/500 HTTP/1.1" 200 OK
Folder Exists
INFO:     127.0.0.1:55624 - "POST /update/400 HTTP/1.1" 200 OK
Folder Exists
INFO:     127.0.0.1:55638 - "POST /update/300 HTTP/1.1" 200 OK
Folder Exists
INFO:     127.0.0.1:55646 - "POST /update/200 HTTP/1.1" 200 OK
Folder Exists
INFO:     127.0.0.1:55660 - "POST /update/500 HTTP/1.1" 200 OK
Folder Exists
INFO:     127.0.0.1:55674 - "POST /update/400 HTTP/1.1" 200 OK
Folder Exists
INFO:     127.0.0.1:55684 - "POST /update/300 HTTP/1.1" 200 OK
Folder Exists
INFO:     127.0.0.1:55694 - "POST /update/200 HTTP/1.1" 200 OK
Folder Exists
INFO:     127.0.0.1:55706 - "POST /update/500 HTTP/1.1" 200 OK
Folder Exists
INFO:     127.0.0.1:55720 - "POST /update/400 HTTP/1.1" 200 OK
Folder Exists
INFO:     127.0.0.1:55734 - "POST /update/300 HTTP/1.1" 200 OK
Folder Exists
INFO:     127.0.0.1:55736 - "POST /update/200 HTTP/1.1" 200 OK
Folder Exists
INFO:     127.0.0.1:55750 - "POST /update/500 HTTP/1.1" 200 OK
Folder Exists
INFO:     127.0.0.1:55762 - "POST /update/400 HTTP/1.1" 200 OK
Folder Exists
INFO:     127.0.0.1:55764 - "POST /update/300 HTTP/1.1" 200 OK
Folder Exists
INFO:     127.0.0.1:55776 - "POST /update/200 HTTP/1.1" 200 OK
Folder Exists
INFO:     127.0.0.1:55780 - "POST /update/500 HTTP/1.1" 200 OK
Folder Exists
INFO:     127.0.0.1:55782 - "POST /update/400 HTTP/1.1" 200 OK
Folder Exists
INFO:     127.0.0.1:55786 - "POST /update/300 HTTP/1.1" 200 OK
Folder Exists
INFO:     127.0.0.1:55802 - "POST /update/200 HTTP/1.1" 200 OK
Folder Exists
INFO:     127.0.0.1:55812 - "POST /update/500 HTTP/1.1" 200 OK
Folder Exists
INFO:     127.0.0.1:55828 - "POST /update/400 HTTP/1.1" 200 OK
Folder Exists
INFO:     127.0.0.1:55842 - "POST /update/300 HTTP/1.1" 200 OK
Folder Exists
INFO:     127.0.0.1:55844 - "POST /update/200 HTTP/1.1" 200 OK
Folder Exists
INFO:     127.0.0.1:55850 - "POST /update/500 HTTP/1.1" 200 OK
Folder Exists
INFO:     127.0.0.1:55854 - "POST /update/400 HTTP/1.1" 200 OK
Folder Exists
INFO:     127.0.0.1:55856 - "POST /update/300 HTTP/1.1" 200 OK
Folder Exists
INFO:     127.0.0.1:55862 - "POST /update/200 HTTP/1.1" 200 OK
Folder Exists
INFO:     127.0.0.1:55872 - "POST /update/500 HTTP/1.1" 200 OK
Folder Exists
INFO:     127.0.0.1:55886 - "POST /update/400 HTTP/1.1" 200 OK
Folder Exists
INFO:     127.0.0.1:35182 - "POST /update/100 HTTP/1.1" 200 OK
Folder Exists
INFO:     127.0.0.1:35192 - "POST /update/100 HTTP/1.1" 200 OK
Folder Exists
INFO:     127.0.0.1:35206 - "POST /update/100 HTTP/1.1" 200 OK
Folder Exists
INFO:     127.0.0.1:35216 - "POST /update/100 HTTP/1.1" 200 OK
Folder Exists
INFO:     127.0.0.1:32934 - "POST /update/100 HTTP/1.1" 200 OK
Folder Exists
INFO:     127.0.0.1:32944 - "POST /update/100 HTTP/1.1" 200 OK
Folder Exists
INFO:     127.0.0.1:32960 - "POST /update/100 HTTP/1.1" 200 OK
Folder Exists
INFO:     127.0.0.1:59468 - "POST /update/100 HTTP/1.1" 200 OK
Folder Exists
INFO:     127.0.0.1:32846 - "POST /update/100 HTTP/1.1" 200 OK
Folder Exists
INFO:     127.0.0.1:32854 - "POST /update/100 HTTP/1.1" 200 OK
Folder Exists
INFO:     127.0.0.1:33072 - "POST /update/100 HTTP/1.1" 200 OK
Folder Exists
INFO:     127.0.0.1:33086 - "POST /update/100 HTTP/1.1" 200 OK
Folder Exists
INFO:     127.0.0.1:33100 - "POST /update/100 HTTP/1.1" 200 OK
Folder Exists
INFO:     127.0.0.1:33110 - "POST /update/100 HTTP/1.1" 200 OK
Folder Exists
INFO:     127.0.0.1:42772 - "POST /update/100 HTTP/1.1" 200 OK
Folder Exists
INFO:     127.0.0.1:42782 - "POST /update/100 HTTP/1.1" 200 OK
Folder Exists
INFO:     127.0.0.1:42792 - "POST /update/100 HTTP/1.1" 200 OK
Folder Exists
INFO:     127.0.0.1:42794 - "POST /update/100 HTTP/1.1" 200 OK
Folder Exists
INFO:     127.0.0.1:58658 - "POST /update/100 HTTP/1.1" 200 OK
Folder Exists
INFO:     127.0.0.1:58662 - "POST /update/100 HTTP/1.1" 200 OK
Folder Exists
INFO:     127.0.0.1:58668 - "POST /update/100 HTTP/1.1" 200 OK
Folder Exists
INFO:     127.0.0.1:55986 - "POST /update/100 HTTP/1.1" 200 OK
Folder Exists
INFO:     127.0.0.1:55988 - "POST /update/100 HTTP/1.1" 200 OK
INFO:     Shutting down
INFO:     Waiting for application shutdown.
INFO:     Application shutdown complete.
INFO:     Finished server process [605690]
INFO:     Started server process [690691]
INFO:     Waiting for application startup.
INFO:     Application startup complete.
INFO:     Uvicorn running on http://0.0.0.0:8000 (Press CTRL+C to quit)
INFO:     Shutting down
INFO:     Waiting for application shutdown.
INFO:     Application shutdown complete.
INFO:     Finished server process [690691]
INFO:     Started server process [690818]
INFO:     Waiting for application startup.
INFO:     Application startup complete.
INFO:     Uvicorn running on http://0.0.0.0:8000 (Press CTRL+C to quit)
2023-11-02
INFO:     127.0.0.1:32968 - "POST /update/100 HTTP/1.1" 200 OK
2023-11-02
Folder Exists
INFO:     127.0.0.1:32970 - "POST /update/100 HTTP/1.1" 200 OK
2023-11-02
Folder Exists
INFO:     127.0.0.1:32986 - "POST /update/100 HTTP/1.1" 200 OK
2023-11-02
Folder Exists
INFO:     127.0.0.1:57504 - "POST /update/100 HTTP/1.1" 200 OK
2023-11-02
Folder Exists
INFO:     127.0.0.1:57506 - "POST /update/100 HTTP/1.1" 200 OK
2023-11-02
Folder Exists
INFO:     127.0.0.1:57508 - "POST /update/100 HTTP/1.1" 200 OK
2023-11-02
Folder Exists
INFO:     127.0.0.1:57510 - "POST /update/100 HTTP/1.1" 200 OK
/home/hooniegit/git/fastapi-load/utils/update_parquet.py:27: UserWarning: pandas only supports SQLAlchemy connectable (engine/connection) or database string URI or sqlite3 DBAPI2 connection. Other DBAPI2 objects are not tested. Please consider using SQLAlchemy.
  df = pd.read_sql(query, conn, params=params)
INFO:     192.168.0.5:56182 - "GET /parquet/local/100?date=2023-11-02&time=1 HTTP/1.1" 500 Internal Server Error
ERROR:    Exception in ASGI application
Traceback (most recent call last):
  File "/home/hooniegit/.local/lib/python3.10/site-packages/pandas/io/sql.py", line 2264, in execute
    cur.execute(sql, *args)
  File "/home/hooniegit/.local/lib/python3.10/site-packages/mysql/connector/cursor_cext.py", line 317, in execute
    prepared = self._cnx.prepare_for_mysql(params)
  File "/home/hooniegit/.local/lib/python3.10/site-packages/mysql/connector/connection_cext.py", line 808, in prepare_for_mysql
    result = self._cmysql.convert_to_mysql(*params)
_mysql_connector.MySQLInterfaceError: Python type tuple cannot be converted

The above exception was the direct cause of the following exception:

Traceback (most recent call last):
  File "/home/hooniegit/.local/lib/python3.10/site-packages/uvicorn/protocols/http/httptools_impl.py", line 426, in run_asgi
    result = await app(  # type: ignore[func-returns-value]
  File "/home/hooniegit/.local/lib/python3.10/site-packages/uvicorn/middleware/proxy_headers.py", line 84, in __call__
    return await self.app(scope, receive, send)
  File "/home/hooniegit/.local/lib/python3.10/site-packages/fastapi/applications.py", line 1115, in __call__
    await super().__call__(scope, receive, send)
  File "/home/hooniegit/.local/lib/python3.10/site-packages/starlette/applications.py", line 122, in __call__
    await self.middleware_stack(scope, receive, send)
  File "/home/hooniegit/.local/lib/python3.10/site-packages/starlette/middleware/errors.py", line 184, in __call__
    raise exc
  File "/home/hooniegit/.local/lib/python3.10/site-packages/starlette/middleware/errors.py", line 162, in __call__
    await self.app(scope, receive, _send)
  File "/home/hooniegit/.local/lib/python3.10/site-packages/starlette/middleware/exceptions.py", line 79, in __call__
    raise exc
  File "/home/hooniegit/.local/lib/python3.10/site-packages/starlette/middleware/exceptions.py", line 68, in __call__
    await self.app(scope, receive, sender)
  File "/home/hooniegit/.local/lib/python3.10/site-packages/fastapi/middleware/asyncexitstack.py", line 20, in __call__
    raise e
  File "/home/hooniegit/.local/lib/python3.10/site-packages/fastapi/middleware/asyncexitstack.py", line 17, in __call__
    await self.app(scope, receive, send)
  File "/home/hooniegit/.local/lib/python3.10/site-packages/starlette/routing.py", line 718, in __call__
    await route.handle(scope, receive, send)
  File "/home/hooniegit/.local/lib/python3.10/site-packages/starlette/routing.py", line 276, in handle
    await self.app(scope, receive, send)
  File "/home/hooniegit/.local/lib/python3.10/site-packages/starlette/routing.py", line 66, in app
    response = await func(request)
  File "/home/hooniegit/.local/lib/python3.10/site-packages/fastapi/routing.py", line 274, in app
    raw_response = await run_endpoint_function(
  File "/home/hooniegit/.local/lib/python3.10/site-packages/fastapi/routing.py", line 191, in run_endpoint_function
    return await dependant.call(**values)
  File "/home/hooniegit/git/fastapi-load/routers/update_parquet_router.py", line 15, in update_parquet_local_100
    return update_parquet_local(table_name, location_id, sensor_id, date, time)
  File "/home/hooniegit/git/fastapi-load/utils/update_parquet.py", line 27, in update_parquet_local
    df = pd.read_sql(query, conn, params=params)
  File "/home/hooniegit/.local/lib/python3.10/site-packages/pandas/io/sql.py", line 654, in read_sql
    return pandas_sql.read_query(
  File "/home/hooniegit/.local/lib/python3.10/site-packages/pandas/io/sql.py", line 2328, in read_query
    cursor = self.execute(sql, params)
  File "/home/hooniegit/.local/lib/python3.10/site-packages/pandas/io/sql.py", line 2276, in execute
    raise ex from exc
pandas.errors.DatabaseError: Execution failed on sql 'SELECT date, DATE_FORMAT(time, %s) as hour, DATE_FORMAT(time, %s) as time, location_id, sensor_id, value_type, value, unit FROM matrix 
                WHERE date = %s 
                AND location_id = %s
                AND sensor_id = %s
                AND time BETWEEN %s AND %s': Python type tuple cannot be converted
INFO:     192.168.0.5:34398 - "GET /parquet/local/100?date=2023-11-02&time=1 HTTP/1.1" 500 Internal Server Error
ERROR:    Exception in ASGI application
Traceback (most recent call last):
  File "/home/hooniegit/.local/lib/python3.10/site-packages/pandas/io/sql.py", line 2264, in execute
    cur.execute(sql, *args)
  File "/home/hooniegit/.local/lib/python3.10/site-packages/mysql/connector/cursor_cext.py", line 317, in execute
    prepared = self._cnx.prepare_for_mysql(params)
  File "/home/hooniegit/.local/lib/python3.10/site-packages/mysql/connector/connection_cext.py", line 808, in prepare_for_mysql
    result = self._cmysql.convert_to_mysql(*params)
_mysql_connector.MySQLInterfaceError: Python type tuple cannot be converted

The above exception was the direct cause of the following exception:

Traceback (most recent call last):
  File "/home/hooniegit/.local/lib/python3.10/site-packages/uvicorn/protocols/http/httptools_impl.py", line 426, in run_asgi
    result = await app(  # type: ignore[func-returns-value]
  File "/home/hooniegit/.local/lib/python3.10/site-packages/uvicorn/middleware/proxy_headers.py", line 84, in __call__
    return await self.app(scope, receive, send)
  File "/home/hooniegit/.local/lib/python3.10/site-packages/fastapi/applications.py", line 1115, in __call__
    await super().__call__(scope, receive, send)
  File "/home/hooniegit/.local/lib/python3.10/site-packages/starlette/applications.py", line 122, in __call__
    await self.middleware_stack(scope, receive, send)
  File "/home/hooniegit/.local/lib/python3.10/site-packages/starlette/middleware/errors.py", line 184, in __call__
    raise exc
  File "/home/hooniegit/.local/lib/python3.10/site-packages/starlette/middleware/errors.py", line 162, in __call__
    await self.app(scope, receive, _send)
  File "/home/hooniegit/.local/lib/python3.10/site-packages/starlette/middleware/exceptions.py", line 79, in __call__
    raise exc
  File "/home/hooniegit/.local/lib/python3.10/site-packages/starlette/middleware/exceptions.py", line 68, in __call__
    await self.app(scope, receive, sender)
  File "/home/hooniegit/.local/lib/python3.10/site-packages/fastapi/middleware/asyncexitstack.py", line 20, in __call__
    raise e
  File "/home/hooniegit/.local/lib/python3.10/site-packages/fastapi/middleware/asyncexitstack.py", line 17, in __call__
    await self.app(scope, receive, send)
  File "/home/hooniegit/.local/lib/python3.10/site-packages/starlette/routing.py", line 718, in __call__
    await route.handle(scope, receive, send)
  File "/home/hooniegit/.local/lib/python3.10/site-packages/starlette/routing.py", line 276, in handle
    await self.app(scope, receive, send)
  File "/home/hooniegit/.local/lib/python3.10/site-packages/starlette/routing.py", line 66, in app
    response = await func(request)
  File "/home/hooniegit/.local/lib/python3.10/site-packages/fastapi/routing.py", line 274, in app
    raw_response = await run_endpoint_function(
  File "/home/hooniegit/.local/lib/python3.10/site-packages/fastapi/routing.py", line 191, in run_endpoint_function
    return await dependant.call(**values)
  File "/home/hooniegit/git/fastapi-load/routers/update_parquet_router.py", line 15, in update_parquet_local_100
    return update_parquet_local(table_name, location_id, sensor_id, date, time)
  File "/home/hooniegit/git/fastapi-load/utils/update_parquet.py", line 27, in update_parquet_local
    df = pd.read_sql(query, conn, params=params)
  File "/home/hooniegit/.local/lib/python3.10/site-packages/pandas/io/sql.py", line 654, in read_sql
    return pandas_sql.read_query(
  File "/home/hooniegit/.local/lib/python3.10/site-packages/pandas/io/sql.py", line 2328, in read_query
    cursor = self.execute(sql, params)
  File "/home/hooniegit/.local/lib/python3.10/site-packages/pandas/io/sql.py", line 2276, in execute
    raise ex from exc
pandas.errors.DatabaseError: Execution failed on sql 'SELECT date, DATE_FORMAT(time, %s) as hour, DATE_FORMAT(time, %s) as time, location_id, sensor_id, value_type, value, unit FROM matrix 
                WHERE date = %s 
                AND location_id = %s
                AND sensor_id = %s
                AND time BETWEEN %s AND %s': Python type tuple cannot be converted
INFO:     192.168.0.5:44534 - "GET /parquet/local/100?date=2023-11-02&time=1 HTTP/1.1" 500 Internal Server Error
ERROR:    Exception in ASGI application
Traceback (most recent call last):
  File "/home/hooniegit/.local/lib/python3.10/site-packages/pandas/io/sql.py", line 2264, in execute
    cur.execute(sql, *args)
  File "/home/hooniegit/.local/lib/python3.10/site-packages/mysql/connector/cursor_cext.py", line 317, in execute
    prepared = self._cnx.prepare_for_mysql(params)
  File "/home/hooniegit/.local/lib/python3.10/site-packages/mysql/connector/connection_cext.py", line 808, in prepare_for_mysql
    result = self._cmysql.convert_to_mysql(*params)
_mysql_connector.MySQLInterfaceError: Python type tuple cannot be converted

The above exception was the direct cause of the following exception:

Traceback (most recent call last):
  File "/home/hooniegit/.local/lib/python3.10/site-packages/uvicorn/protocols/http/httptools_impl.py", line 426, in run_asgi
    result = await app(  # type: ignore[func-returns-value]
  File "/home/hooniegit/.local/lib/python3.10/site-packages/uvicorn/middleware/proxy_headers.py", line 84, in __call__
    return await self.app(scope, receive, send)
  File "/home/hooniegit/.local/lib/python3.10/site-packages/fastapi/applications.py", line 1115, in __call__
    await super().__call__(scope, receive, send)
  File "/home/hooniegit/.local/lib/python3.10/site-packages/starlette/applications.py", line 122, in __call__
    await self.middleware_stack(scope, receive, send)
  File "/home/hooniegit/.local/lib/python3.10/site-packages/starlette/middleware/errors.py", line 184, in __call__
    raise exc
  File "/home/hooniegit/.local/lib/python3.10/site-packages/starlette/middleware/errors.py", line 162, in __call__
    await self.app(scope, receive, _send)
  File "/home/hooniegit/.local/lib/python3.10/site-packages/starlette/middleware/exceptions.py", line 79, in __call__
    raise exc
  File "/home/hooniegit/.local/lib/python3.10/site-packages/starlette/middleware/exceptions.py", line 68, in __call__
    await self.app(scope, receive, sender)
  File "/home/hooniegit/.local/lib/python3.10/site-packages/fastapi/middleware/asyncexitstack.py", line 20, in __call__
    raise e
  File "/home/hooniegit/.local/lib/python3.10/site-packages/fastapi/middleware/asyncexitstack.py", line 17, in __call__
    await self.app(scope, receive, send)
  File "/home/hooniegit/.local/lib/python3.10/site-packages/starlette/routing.py", line 718, in __call__
    await route.handle(scope, receive, send)
  File "/home/hooniegit/.local/lib/python3.10/site-packages/starlette/routing.py", line 276, in handle
    await self.app(scope, receive, send)
  File "/home/hooniegit/.local/lib/python3.10/site-packages/starlette/routing.py", line 66, in app
    response = await func(request)
  File "/home/hooniegit/.local/lib/python3.10/site-packages/fastapi/routing.py", line 274, in app
    raw_response = await run_endpoint_function(
  File "/home/hooniegit/.local/lib/python3.10/site-packages/fastapi/routing.py", line 191, in run_endpoint_function
    return await dependant.call(**values)
  File "/home/hooniegit/git/fastapi-load/routers/update_parquet_router.py", line 15, in update_parquet_local_100
    return update_parquet_local(table_name, location_id, sensor_id, date, time)
  File "/home/hooniegit/git/fastapi-load/utils/update_parquet.py", line 27, in update_parquet_local
    df = pd.read_sql(query, conn, params=params)
  File "/home/hooniegit/.local/lib/python3.10/site-packages/pandas/io/sql.py", line 654, in read_sql
    return pandas_sql.read_query(
  File "/home/hooniegit/.local/lib/python3.10/site-packages/pandas/io/sql.py", line 2328, in read_query
    cursor = self.execute(sql, params)
  File "/home/hooniegit/.local/lib/python3.10/site-packages/pandas/io/sql.py", line 2276, in execute
    raise ex from exc
pandas.errors.DatabaseError: Execution failed on sql 'SELECT date, DATE_FORMAT(time, %s) as hour, DATE_FORMAT(time, %s) as time, location_id, sensor_id, value_type, value, unit FROM matrix 
                WHERE date = %s 
                AND location_id = %s
                AND sensor_id = %s
                AND time BETWEEN %s AND %s': Python type tuple cannot be converted
INFO:     192.168.0.5:52400 - "GET /parquet/local/100?date=2023-11-02&time=1 HTTP/1.1" 500 Internal Server Error
ERROR:    Exception in ASGI application
Traceback (most recent call last):
  File "/home/hooniegit/.local/lib/python3.10/site-packages/pandas/io/sql.py", line 2264, in execute
    cur.execute(sql, *args)
  File "/home/hooniegit/.local/lib/python3.10/site-packages/mysql/connector/cursor_cext.py", line 317, in execute
    prepared = self._cnx.prepare_for_mysql(params)
  File "/home/hooniegit/.local/lib/python3.10/site-packages/mysql/connector/connection_cext.py", line 808, in prepare_for_mysql
    result = self._cmysql.convert_to_mysql(*params)
_mysql_connector.MySQLInterfaceError: Python type tuple cannot be converted

The above exception was the direct cause of the following exception:

Traceback (most recent call last):
  File "/home/hooniegit/.local/lib/python3.10/site-packages/uvicorn/protocols/http/httptools_impl.py", line 426, in run_asgi
    result = await app(  # type: ignore[func-returns-value]
  File "/home/hooniegit/.local/lib/python3.10/site-packages/uvicorn/middleware/proxy_headers.py", line 84, in __call__
    return await self.app(scope, receive, send)
  File "/home/hooniegit/.local/lib/python3.10/site-packages/fastapi/applications.py", line 1115, in __call__
    await super().__call__(scope, receive, send)
  File "/home/hooniegit/.local/lib/python3.10/site-packages/starlette/applications.py", line 122, in __call__
    await self.middleware_stack(scope, receive, send)
  File "/home/hooniegit/.local/lib/python3.10/site-packages/starlette/middleware/errors.py", line 184, in __call__
    raise exc
  File "/home/hooniegit/.local/lib/python3.10/site-packages/starlette/middleware/errors.py", line 162, in __call__
    await self.app(scope, receive, _send)
  File "/home/hooniegit/.local/lib/python3.10/site-packages/starlette/middleware/exceptions.py", line 79, in __call__
    raise exc
  File "/home/hooniegit/.local/lib/python3.10/site-packages/starlette/middleware/exceptions.py", line 68, in __call__
    await self.app(scope, receive, sender)
  File "/home/hooniegit/.local/lib/python3.10/site-packages/fastapi/middleware/asyncexitstack.py", line 20, in __call__
    raise e
  File "/home/hooniegit/.local/lib/python3.10/site-packages/fastapi/middleware/asyncexitstack.py", line 17, in __call__
    await self.app(scope, receive, send)
  File "/home/hooniegit/.local/lib/python3.10/site-packages/starlette/routing.py", line 718, in __call__
    await route.handle(scope, receive, send)
  File "/home/hooniegit/.local/lib/python3.10/site-packages/starlette/routing.py", line 276, in handle
    await self.app(scope, receive, send)
  File "/home/hooniegit/.local/lib/python3.10/site-packages/starlette/routing.py", line 66, in app
    response = await func(request)
  File "/home/hooniegit/.local/lib/python3.10/site-packages/fastapi/routing.py", line 274, in app
    raw_response = await run_endpoint_function(
  File "/home/hooniegit/.local/lib/python3.10/site-packages/fastapi/routing.py", line 191, in run_endpoint_function
    return await dependant.call(**values)
  File "/home/hooniegit/git/fastapi-load/routers/update_parquet_router.py", line 15, in update_parquet_local_100
    return update_parquet_local(table_name, location_id, sensor_id, date, time)
  File "/home/hooniegit/git/fastapi-load/utils/update_parquet.py", line 27, in update_parquet_local
    df = pd.read_sql(query, conn, params=params)
  File "/home/hooniegit/.local/lib/python3.10/site-packages/pandas/io/sql.py", line 654, in read_sql
    return pandas_sql.read_query(
  File "/home/hooniegit/.local/lib/python3.10/site-packages/pandas/io/sql.py", line 2328, in read_query
    cursor = self.execute(sql, params)
  File "/home/hooniegit/.local/lib/python3.10/site-packages/pandas/io/sql.py", line 2276, in execute
    raise ex from exc
pandas.errors.DatabaseError: Execution failed on sql 'SELECT date, DATE_FORMAT(time, %s) as hour, DATE_FORMAT(time, %s) as time, location_id, sensor_id, value_type, value, unit FROM matrix 
                WHERE date = %s 
                AND location_id = %s
                AND sensor_id = %s
                AND time BETWEEN %s AND %s': Python type tuple cannot be converted
INFO:     192.168.0.5:39940 - "GET /parquet/local/100?date="2023-10-28"&time=16 HTTP/1.1" 500 Internal Server Error
ERROR:    Exception in ASGI application
Traceback (most recent call last):
  File "/home/hooniegit/.local/lib/python3.10/site-packages/pandas/io/sql.py", line 2264, in execute
    cur.execute(sql, *args)
  File "/home/hooniegit/.local/lib/python3.10/site-packages/mysql/connector/cursor_cext.py", line 317, in execute
    prepared = self._cnx.prepare_for_mysql(params)
  File "/home/hooniegit/.local/lib/python3.10/site-packages/mysql/connector/connection_cext.py", line 808, in prepare_for_mysql
    result = self._cmysql.convert_to_mysql(*params)
_mysql_connector.MySQLInterfaceError: Python type tuple cannot be converted

The above exception was the direct cause of the following exception:

Traceback (most recent call last):
  File "/home/hooniegit/.local/lib/python3.10/site-packages/uvicorn/protocols/http/httptools_impl.py", line 426, in run_asgi
    result = await app(  # type: ignore[func-returns-value]
  File "/home/hooniegit/.local/lib/python3.10/site-packages/uvicorn/middleware/proxy_headers.py", line 84, in __call__
    return await self.app(scope, receive, send)
  File "/home/hooniegit/.local/lib/python3.10/site-packages/fastapi/applications.py", line 1115, in __call__
    await super().__call__(scope, receive, send)
  File "/home/hooniegit/.local/lib/python3.10/site-packages/starlette/applications.py", line 122, in __call__
    await self.middleware_stack(scope, receive, send)
  File "/home/hooniegit/.local/lib/python3.10/site-packages/starlette/middleware/errors.py", line 184, in __call__
    raise exc
  File "/home/hooniegit/.local/lib/python3.10/site-packages/starlette/middleware/errors.py", line 162, in __call__
    await self.app(scope, receive, _send)
  File "/home/hooniegit/.local/lib/python3.10/site-packages/starlette/middleware/exceptions.py", line 79, in __call__
    raise exc
  File "/home/hooniegit/.local/lib/python3.10/site-packages/starlette/middleware/exceptions.py", line 68, in __call__
    await self.app(scope, receive, sender)
  File "/home/hooniegit/.local/lib/python3.10/site-packages/fastapi/middleware/asyncexitstack.py", line 20, in __call__
    raise e
  File "/home/hooniegit/.local/lib/python3.10/site-packages/fastapi/middleware/asyncexitstack.py", line 17, in __call__
    await self.app(scope, receive, send)
  File "/home/hooniegit/.local/lib/python3.10/site-packages/starlette/routing.py", line 718, in __call__
    await route.handle(scope, receive, send)
  File "/home/hooniegit/.local/lib/python3.10/site-packages/starlette/routing.py", line 276, in handle
    await self.app(scope, receive, send)
  File "/home/hooniegit/.local/lib/python3.10/site-packages/starlette/routing.py", line 66, in app
    response = await func(request)
  File "/home/hooniegit/.local/lib/python3.10/site-packages/fastapi/routing.py", line 274, in app
    raw_response = await run_endpoint_function(
  File "/home/hooniegit/.local/lib/python3.10/site-packages/fastapi/routing.py", line 191, in run_endpoint_function
    return await dependant.call(**values)
  File "/home/hooniegit/git/fastapi-load/routers/update_parquet_router.py", line 15, in update_parquet_local_100
    return update_parquet_local(table_name, location_id, sensor_id, date, time)
  File "/home/hooniegit/git/fastapi-load/utils/update_parquet.py", line 27, in update_parquet_local
    df = pd.read_sql(query, conn, params=params)
  File "/home/hooniegit/.local/lib/python3.10/site-packages/pandas/io/sql.py", line 654, in read_sql
    return pandas_sql.read_query(
  File "/home/hooniegit/.local/lib/python3.10/site-packages/pandas/io/sql.py", line 2328, in read_query
    cursor = self.execute(sql, params)
  File "/home/hooniegit/.local/lib/python3.10/site-packages/pandas/io/sql.py", line 2276, in execute
    raise ex from exc
pandas.errors.DatabaseError: Execution failed on sql 'SELECT date, DATE_FORMAT(time, %s) as hour, DATE_FORMAT(time, %s) as time, location_id, sensor_id, value_type, value, unit FROM matrix 
                WHERE date = %s 
                AND location_id = %s
                AND sensor_id = %s
                AND time BETWEEN %s AND %s': Python type tuple cannot be converted
INFO:     192.168.0.5:58710 - "GET /parquet/local/100?date=2023-10-28&time=16 HTTP/1.1" 500 Internal Server Error
ERROR:    Exception in ASGI application
Traceback (most recent call last):
  File "/home/hooniegit/.local/lib/python3.10/site-packages/pandas/io/sql.py", line 2264, in execute
    cur.execute(sql, *args)
  File "/home/hooniegit/.local/lib/python3.10/site-packages/mysql/connector/cursor_cext.py", line 317, in execute
    prepared = self._cnx.prepare_for_mysql(params)
  File "/home/hooniegit/.local/lib/python3.10/site-packages/mysql/connector/connection_cext.py", line 808, in prepare_for_mysql
    result = self._cmysql.convert_to_mysql(*params)
_mysql_connector.MySQLInterfaceError: Python type tuple cannot be converted

The above exception was the direct cause of the following exception:

Traceback (most recent call last):
  File "/home/hooniegit/.local/lib/python3.10/site-packages/uvicorn/protocols/http/httptools_impl.py", line 426, in run_asgi
    result = await app(  # type: ignore[func-returns-value]
  File "/home/hooniegit/.local/lib/python3.10/site-packages/uvicorn/middleware/proxy_headers.py", line 84, in __call__
    return await self.app(scope, receive, send)
  File "/home/hooniegit/.local/lib/python3.10/site-packages/fastapi/applications.py", line 1115, in __call__
    await super().__call__(scope, receive, send)
  File "/home/hooniegit/.local/lib/python3.10/site-packages/starlette/applications.py", line 122, in __call__
    await self.middleware_stack(scope, receive, send)
  File "/home/hooniegit/.local/lib/python3.10/site-packages/starlette/middleware/errors.py", line 184, in __call__
    raise exc
  File "/home/hooniegit/.local/lib/python3.10/site-packages/starlette/middleware/errors.py", line 162, in __call__
    await self.app(scope, receive, _send)
  File "/home/hooniegit/.local/lib/python3.10/site-packages/starlette/middleware/exceptions.py", line 79, in __call__
    raise exc
  File "/home/hooniegit/.local/lib/python3.10/site-packages/starlette/middleware/exceptions.py", line 68, in __call__
    await self.app(scope, receive, sender)
  File "/home/hooniegit/.local/lib/python3.10/site-packages/fastapi/middleware/asyncexitstack.py", line 20, in __call__
    raise e
  File "/home/hooniegit/.local/lib/python3.10/site-packages/fastapi/middleware/asyncexitstack.py", line 17, in __call__
    await self.app(scope, receive, send)
  File "/home/hooniegit/.local/lib/python3.10/site-packages/starlette/routing.py", line 718, in __call__
    await route.handle(scope, receive, send)
  File "/home/hooniegit/.local/lib/python3.10/site-packages/starlette/routing.py", line 276, in handle
    await self.app(scope, receive, send)
  File "/home/hooniegit/.local/lib/python3.10/site-packages/starlette/routing.py", line 66, in app
    response = await func(request)
  File "/home/hooniegit/.local/lib/python3.10/site-packages/fastapi/routing.py", line 274, in app
    raw_response = await run_endpoint_function(
  File "/home/hooniegit/.local/lib/python3.10/site-packages/fastapi/routing.py", line 191, in run_endpoint_function
    return await dependant.call(**values)
  File "/home/hooniegit/git/fastapi-load/routers/update_parquet_router.py", line 15, in update_parquet_local_100
    return update_parquet_local(table_name, location_id, sensor_id, date, time)
  File "/home/hooniegit/git/fastapi-load/utils/update_parquet.py", line 27, in update_parquet_local
    df = pd.read_sql(query, conn, params=params)
  File "/home/hooniegit/.local/lib/python3.10/site-packages/pandas/io/sql.py", line 654, in read_sql
    return pandas_sql.read_query(
  File "/home/hooniegit/.local/lib/python3.10/site-packages/pandas/io/sql.py", line 2328, in read_query
    cursor = self.execute(sql, params)
  File "/home/hooniegit/.local/lib/python3.10/site-packages/pandas/io/sql.py", line 2276, in execute
    raise ex from exc
pandas.errors.DatabaseError: Execution failed on sql 'SELECT date, DATE_FORMAT(time, %s) as hour, DATE_FORMAT(time, %s) as time, location_id, sensor_id, value_type, value, unit FROM matrix 
                WHERE date = %s 
                AND location_id = %s
                AND sensor_id = %s
                AND time BETWEEN %s AND %s': Python type tuple cannot be converted
INFO:     192.168.0.5:43326 - "GET /parquet/local/100?date="2023-10-28"&time=16 HTTP/1.1" 500 Internal Server Error
ERROR:    Exception in ASGI application
Traceback (most recent call last):
  File "/home/hooniegit/.local/lib/python3.10/site-packages/pandas/io/sql.py", line 2264, in execute
    cur.execute(sql, *args)
  File "/home/hooniegit/.local/lib/python3.10/site-packages/mysql/connector/cursor_cext.py", line 317, in execute
    prepared = self._cnx.prepare_for_mysql(params)
  File "/home/hooniegit/.local/lib/python3.10/site-packages/mysql/connector/connection_cext.py", line 808, in prepare_for_mysql
    result = self._cmysql.convert_to_mysql(*params)
_mysql_connector.MySQLInterfaceError: Python type tuple cannot be converted

The above exception was the direct cause of the following exception:

Traceback (most recent call last):
  File "/home/hooniegit/.local/lib/python3.10/site-packages/uvicorn/protocols/http/httptools_impl.py", line 426, in run_asgi
    result = await app(  # type: ignore[func-returns-value]
  File "/home/hooniegit/.local/lib/python3.10/site-packages/uvicorn/middleware/proxy_headers.py", line 84, in __call__
    return await self.app(scope, receive, send)
  File "/home/hooniegit/.local/lib/python3.10/site-packages/fastapi/applications.py", line 1115, in __call__
    await super().__call__(scope, receive, send)
  File "/home/hooniegit/.local/lib/python3.10/site-packages/starlette/applications.py", line 122, in __call__
    await self.middleware_stack(scope, receive, send)
  File "/home/hooniegit/.local/lib/python3.10/site-packages/starlette/middleware/errors.py", line 184, in __call__
    raise exc
  File "/home/hooniegit/.local/lib/python3.10/site-packages/starlette/middleware/errors.py", line 162, in __call__
    await self.app(scope, receive, _send)
  File "/home/hooniegit/.local/lib/python3.10/site-packages/starlette/middleware/exceptions.py", line 79, in __call__
    raise exc
  File "/home/hooniegit/.local/lib/python3.10/site-packages/starlette/middleware/exceptions.py", line 68, in __call__
    await self.app(scope, receive, sender)
  File "/home/hooniegit/.local/lib/python3.10/site-packages/fastapi/middleware/asyncexitstack.py", line 20, in __call__
    raise e
  File "/home/hooniegit/.local/lib/python3.10/site-packages/fastapi/middleware/asyncexitstack.py", line 17, in __call__
    await self.app(scope, receive, send)
  File "/home/hooniegit/.local/lib/python3.10/site-packages/starlette/routing.py", line 718, in __call__
    await route.handle(scope, receive, send)
  File "/home/hooniegit/.local/lib/python3.10/site-packages/starlette/routing.py", line 276, in handle
    await self.app(scope, receive, send)
  File "/home/hooniegit/.local/lib/python3.10/site-packages/starlette/routing.py", line 66, in app
    response = await func(request)
  File "/home/hooniegit/.local/lib/python3.10/site-packages/fastapi/routing.py", line 274, in app
    raw_response = await run_endpoint_function(
  File "/home/hooniegit/.local/lib/python3.10/site-packages/fastapi/routing.py", line 191, in run_endpoint_function
    return await dependant.call(**values)
  File "/home/hooniegit/git/fastapi-load/routers/update_parquet_router.py", line 15, in update_parquet_local_100
    return update_parquet_local(table_name, location_id, sensor_id, date, time)
  File "/home/hooniegit/git/fastapi-load/utils/update_parquet.py", line 27, in update_parquet_local
    df = pd.read_sql(query, conn, params=params)
  File "/home/hooniegit/.local/lib/python3.10/site-packages/pandas/io/sql.py", line 654, in read_sql
    return pandas_sql.read_query(
  File "/home/hooniegit/.local/lib/python3.10/site-packages/pandas/io/sql.py", line 2328, in read_query
    cursor = self.execute(sql, params)
  File "/home/hooniegit/.local/lib/python3.10/site-packages/pandas/io/sql.py", line 2276, in execute
    raise ex from exc
pandas.errors.DatabaseError: Execution failed on sql 'SELECT date, DATE_FORMAT(time, %s) as hour, DATE_FORMAT(time, %s) as time, location_id, sensor_id, value_type, value, unit FROM matrix 
                WHERE date = %s 
                AND location_id = %s
                AND sensor_id = %s
                AND time BETWEEN %s AND %s': Python type tuple cannot be converted
INFO:     192.168.0.5:51498 - "GET /parquet/local/500?date="2023-10-28"&time=16 HTTP/1.1" 500 Internal Server Error
ERROR:    Exception in ASGI application
Traceback (most recent call last):
  File "/home/hooniegit/.local/lib/python3.10/site-packages/mysql/connector/connection_cext.py", line 639, in cmd_query
    self._cmysql.query(
_mysql_connector.MySQLInterfaceError: Incorrect DATE value: '"2023-10-28"'

The above exception was the direct cause of the following exception:

Traceback (most recent call last):
  File "/home/hooniegit/.local/lib/python3.10/site-packages/pandas/io/sql.py", line 2264, in execute
    cur.execute(sql, *args)
  File "/home/hooniegit/.local/lib/python3.10/site-packages/mysql/connector/cursor_cext.py", line 330, in execute
    result = self._cnx.cmd_query(
  File "/home/hooniegit/.local/lib/python3.10/site-packages/mysql/connector/opentelemetry/context_propagation.py", line 77, in wrapper
    return method(cnx, *args, **kwargs)
  File "/home/hooniegit/.local/lib/python3.10/site-packages/mysql/connector/connection_cext.py", line 647, in cmd_query
    raise get_mysql_exception(
mysql.connector.errors.DatabaseError: 1525 (HY000): Incorrect DATE value: '"2023-10-28"'

The above exception was the direct cause of the following exception:

Traceback (most recent call last):
  File "/home/hooniegit/.local/lib/python3.10/site-packages/uvicorn/protocols/http/httptools_impl.py", line 426, in run_asgi
    result = await app(  # type: ignore[func-returns-value]
  File "/home/hooniegit/.local/lib/python3.10/site-packages/uvicorn/middleware/proxy_headers.py", line 84, in __call__
    return await self.app(scope, receive, send)
  File "/home/hooniegit/.local/lib/python3.10/site-packages/fastapi/applications.py", line 1115, in __call__
    await super().__call__(scope, receive, send)
  File "/home/hooniegit/.local/lib/python3.10/site-packages/starlette/applications.py", line 122, in __call__
    await self.middleware_stack(scope, receive, send)
  File "/home/hooniegit/.local/lib/python3.10/site-packages/starlette/middleware/errors.py", line 184, in __call__
    raise exc
  File "/home/hooniegit/.local/lib/python3.10/site-packages/starlette/middleware/errors.py", line 162, in __call__
    await self.app(scope, receive, _send)
  File "/home/hooniegit/.local/lib/python3.10/site-packages/starlette/middleware/exceptions.py", line 79, in __call__
    raise exc
  File "/home/hooniegit/.local/lib/python3.10/site-packages/starlette/middleware/exceptions.py", line 68, in __call__
    await self.app(scope, receive, sender)
  File "/home/hooniegit/.local/lib/python3.10/site-packages/fastapi/middleware/asyncexitstack.py", line 20, in __call__
    raise e
  File "/home/hooniegit/.local/lib/python3.10/site-packages/fastapi/middleware/asyncexitstack.py", line 17, in __call__
    await self.app(scope, receive, send)
  File "/home/hooniegit/.local/lib/python3.10/site-packages/starlette/routing.py", line 718, in __call__
    await route.handle(scope, receive, send)
  File "/home/hooniegit/.local/lib/python3.10/site-packages/starlette/routing.py", line 276, in handle
    await self.app(scope, receive, send)
  File "/home/hooniegit/.local/lib/python3.10/site-packages/starlette/routing.py", line 66, in app
    response = await func(request)
  File "/home/hooniegit/.local/lib/python3.10/site-packages/fastapi/routing.py", line 274, in app
    raw_response = await run_endpoint_function(
  File "/home/hooniegit/.local/lib/python3.10/site-packages/fastapi/routing.py", line 191, in run_endpoint_function
    return await dependant.call(**values)
  File "/home/hooniegit/git/fastapi-load/routers/update_parquet_router.py", line 47, in update_parquet_local_500
    return update_parquet_local(table_name, location_id, sensor_id, date, time)
  File "/home/hooniegit/git/fastapi-load/utils/update_parquet.py", line 27, in update_parquet_local
    df = pd.read_sql(query, conn, params=params)
  File "/home/hooniegit/.local/lib/python3.10/site-packages/pandas/io/sql.py", line 654, in read_sql
    return pandas_sql.read_query(
  File "/home/hooniegit/.local/lib/python3.10/site-packages/pandas/io/sql.py", line 2328, in read_query
    cursor = self.execute(sql, params)
  File "/home/hooniegit/.local/lib/python3.10/site-packages/pandas/io/sql.py", line 2276, in execute
    raise ex from exc
pandas.errors.DatabaseError: Execution failed on sql 'SELECT date, DATE_FORMAT(time, %s) as hour, DATE_FORMAT(time, %s) as time, location_id, sensor_id, value_type, value, unit FROM single 
                WHERE date = %s 
                AND location_id = %s
                AND sensor_id = %s
                AND time BETWEEN %s AND %s': 1525 (HY000): Incorrect DATE value: '"2023-10-28"'
INFO:     127.0.0.1:51204 - "GET /parquet/local/500?date="2023=10-28"&time=16 HTTP/1.1" 500 Internal Server Error
ERROR:    Exception in ASGI application
Traceback (most recent call last):
  File "/home/hooniegit/.local/lib/python3.10/site-packages/mysql/connector/connection_cext.py", line 639, in cmd_query
    self._cmysql.query(
_mysql_connector.MySQLInterfaceError: Incorrect DATE value: '"2023=10-28"'

The above exception was the direct cause of the following exception:

Traceback (most recent call last):
  File "/home/hooniegit/.local/lib/python3.10/site-packages/pandas/io/sql.py", line 2264, in execute
    cur.execute(sql, *args)
  File "/home/hooniegit/.local/lib/python3.10/site-packages/mysql/connector/cursor_cext.py", line 330, in execute
    result = self._cnx.cmd_query(
  File "/home/hooniegit/.local/lib/python3.10/site-packages/mysql/connector/opentelemetry/context_propagation.py", line 77, in wrapper
    return method(cnx, *args, **kwargs)
  File "/home/hooniegit/.local/lib/python3.10/site-packages/mysql/connector/connection_cext.py", line 647, in cmd_query
    raise get_mysql_exception(
mysql.connector.errors.DatabaseError: 1525 (HY000): Incorrect DATE value: '"2023=10-28"'

The above exception was the direct cause of the following exception:

Traceback (most recent call last):
  File "/home/hooniegit/.local/lib/python3.10/site-packages/uvicorn/protocols/http/httptools_impl.py", line 426, in run_asgi
    result = await app(  # type: ignore[func-returns-value]
  File "/home/hooniegit/.local/lib/python3.10/site-packages/uvicorn/middleware/proxy_headers.py", line 84, in __call__
    return await self.app(scope, receive, send)
  File "/home/hooniegit/.local/lib/python3.10/site-packages/fastapi/applications.py", line 1115, in __call__
    await super().__call__(scope, receive, send)
  File "/home/hooniegit/.local/lib/python3.10/site-packages/starlette/applications.py", line 122, in __call__
    await self.middleware_stack(scope, receive, send)
  File "/home/hooniegit/.local/lib/python3.10/site-packages/starlette/middleware/errors.py", line 184, in __call__
    raise exc
  File "/home/hooniegit/.local/lib/python3.10/site-packages/starlette/middleware/errors.py", line 162, in __call__
    await self.app(scope, receive, _send)
  File "/home/hooniegit/.local/lib/python3.10/site-packages/starlette/middleware/exceptions.py", line 79, in __call__
    raise exc
  File "/home/hooniegit/.local/lib/python3.10/site-packages/starlette/middleware/exceptions.py", line 68, in __call__
    await self.app(scope, receive, sender)
  File "/home/hooniegit/.local/lib/python3.10/site-packages/fastapi/middleware/asyncexitstack.py", line 20, in __call__
    raise e
  File "/home/hooniegit/.local/lib/python3.10/site-packages/fastapi/middleware/asyncexitstack.py", line 17, in __call__
    await self.app(scope, receive, send)
  File "/home/hooniegit/.local/lib/python3.10/site-packages/starlette/routing.py", line 718, in __call__
    await route.handle(scope, receive, send)
  File "/home/hooniegit/.local/lib/python3.10/site-packages/starlette/routing.py", line 276, in handle
    await self.app(scope, receive, send)
  File "/home/hooniegit/.local/lib/python3.10/site-packages/starlette/routing.py", line 66, in app
    response = await func(request)
  File "/home/hooniegit/.local/lib/python3.10/site-packages/fastapi/routing.py", line 274, in app
    raw_response = await run_endpoint_function(
  File "/home/hooniegit/.local/lib/python3.10/site-packages/fastapi/routing.py", line 191, in run_endpoint_function
    return await dependant.call(**values)
  File "/home/hooniegit/git/fastapi-load/routers/update_parquet_router.py", line 47, in update_parquet_local_500
    return update_parquet_local(table_name, location_id, sensor_id, date, time)
  File "/home/hooniegit/git/fastapi-load/utils/update_parquet.py", line 27, in update_parquet_local
    df = pd.read_sql(query, conn, params=params)
  File "/home/hooniegit/.local/lib/python3.10/site-packages/pandas/io/sql.py", line 654, in read_sql
    return pandas_sql.read_query(
  File "/home/hooniegit/.local/lib/python3.10/site-packages/pandas/io/sql.py", line 2328, in read_query
    cursor = self.execute(sql, params)
  File "/home/hooniegit/.local/lib/python3.10/site-packages/pandas/io/sql.py", line 2276, in execute
    raise ex from exc
pandas.errors.DatabaseError: Execution failed on sql 'SELECT date, DATE_FORMAT(time, %s) as hour, DATE_FORMAT(time, %s) as time, location_id, sensor_id, value_type, value, unit FROM single 
                WHERE date = %s 
                AND location_id = %s
                AND sensor_id = %s
                AND time BETWEEN %s AND %s': 1525 (HY000): Incorrect DATE value: '"2023=10-28"'
         date hour      time  location_id  sensor_id   value_type  value unit
0  2023-10-28   16  16:15:31            7        500  temperature   32.0   C
1  2023-10-28   16  16:15:31            7        500     moisture   52.0    %
2  2023-10-28   16  16:15:31            7        500  temperature   32.0   C
3  2023-10-28   16  16:15:31            7        500     moisture   52.0    %
4  2023-10-28   16  16:15:31            7        500  temperature   32.0   C
5  2023-10-28   16  16:15:31            7        500     moisture   52.0    %
6  2023-10-28   16  16:15:31            7        500  temperature   32.0   C
7  2023-10-28   16  16:15:31            7        500     moisture   52.0    %
8  2023-10-28   16  16:15:31            7        500  temperature   32.0   C
9  2023-10-28   16  16:15:31            7        500     moisture   52.0    %
INFO:     192.168.0.5:45828 - "GET /parquet/local/500?date=2023-10-28&time=16 HTTP/1.1" 200 OK
/home/hooniegit/git/fastapi-load/utils/update_parquet.py:27: UserWarning: pandas only supports SQLAlchemy connectable (engine/connection) or database string URI or sqlite3 DBAPI2 connection. Other DBAPI2 objects are not tested. Please consider using SQLAlchemy.
  df = pd.read_sql(query, conn, params=params)
INFO:     192.168.0.5:49922 - "GET /parquet/local/100?date=2023-10-28&time=16 HTTP/1.1" 500 Internal Server Error
ERROR:    Exception in ASGI application
Traceback (most recent call last):
  File "/home/hooniegit/.local/lib/python3.10/site-packages/pandas/io/sql.py", line 2264, in execute
    cur.execute(sql, *args)
  File "/home/hooniegit/.local/lib/python3.10/site-packages/mysql/connector/cursor_cext.py", line 317, in execute
    prepared = self._cnx.prepare_for_mysql(params)
  File "/home/hooniegit/.local/lib/python3.10/site-packages/mysql/connector/connection_cext.py", line 808, in prepare_for_mysql
    result = self._cmysql.convert_to_mysql(*params)
_mysql_connector.MySQLInterfaceError: Python type tuple cannot be converted

The above exception was the direct cause of the following exception:

Traceback (most recent call last):
  File "/home/hooniegit/.local/lib/python3.10/site-packages/uvicorn/protocols/http/httptools_impl.py", line 426, in run_asgi
    result = await app(  # type: ignore[func-returns-value]
  File "/home/hooniegit/.local/lib/python3.10/site-packages/uvicorn/middleware/proxy_headers.py", line 84, in __call__
    return await self.app(scope, receive, send)
  File "/home/hooniegit/.local/lib/python3.10/site-packages/fastapi/applications.py", line 1115, in __call__
    await super().__call__(scope, receive, send)
  File "/home/hooniegit/.local/lib/python3.10/site-packages/starlette/applications.py", line 122, in __call__
    await self.middleware_stack(scope, receive, send)
  File "/home/hooniegit/.local/lib/python3.10/site-packages/starlette/middleware/errors.py", line 184, in __call__
    raise exc
  File "/home/hooniegit/.local/lib/python3.10/site-packages/starlette/middleware/errors.py", line 162, in __call__
    await self.app(scope, receive, _send)
  File "/home/hooniegit/.local/lib/python3.10/site-packages/starlette/middleware/exceptions.py", line 79, in __call__
    raise exc
  File "/home/hooniegit/.local/lib/python3.10/site-packages/starlette/middleware/exceptions.py", line 68, in __call__
    await self.app(scope, receive, sender)
  File "/home/hooniegit/.local/lib/python3.10/site-packages/fastapi/middleware/asyncexitstack.py", line 20, in __call__
    raise e
  File "/home/hooniegit/.local/lib/python3.10/site-packages/fastapi/middleware/asyncexitstack.py", line 17, in __call__
    await self.app(scope, receive, send)
  File "/home/hooniegit/.local/lib/python3.10/site-packages/starlette/routing.py", line 718, in __call__
    await route.handle(scope, receive, send)
  File "/home/hooniegit/.local/lib/python3.10/site-packages/starlette/routing.py", line 276, in handle
    await self.app(scope, receive, send)
  File "/home/hooniegit/.local/lib/python3.10/site-packages/starlette/routing.py", line 66, in app
    response = await func(request)
  File "/home/hooniegit/.local/lib/python3.10/site-packages/fastapi/routing.py", line 274, in app
    raw_response = await run_endpoint_function(
  File "/home/hooniegit/.local/lib/python3.10/site-packages/fastapi/routing.py", line 191, in run_endpoint_function
    return await dependant.call(**values)
  File "/home/hooniegit/git/fastapi-load/routers/update_parquet_router.py", line 15, in update_parquet_local_100
    return update_parquet_local(table_name, location_id, sensor_id, date, time)
  File "/home/hooniegit/git/fastapi-load/utils/update_parquet.py", line 27, in update_parquet_local
    df = pd.read_sql(query, conn, params=params)
  File "/home/hooniegit/.local/lib/python3.10/site-packages/pandas/io/sql.py", line 654, in read_sql
    return pandas_sql.read_query(
  File "/home/hooniegit/.local/lib/python3.10/site-packages/pandas/io/sql.py", line 2328, in read_query
    cursor = self.execute(sql, params)
  File "/home/hooniegit/.local/lib/python3.10/site-packages/pandas/io/sql.py", line 2276, in execute
    raise ex from exc
pandas.errors.DatabaseError: Execution failed on sql 'SELECT date, DATE_FORMAT(time, %s) as hour, DATE_FORMAT(time, %s) as time, location_id, sensor_id, value_type, value, unit FROM matrix 
                WHERE date = %s 
                AND location_id = %s
                AND sensor_id = %s
                AND time BETWEEN %s AND %s': Python type tuple cannot be converted
           date hour  ...                                              value  unit
0    2023-11-01   18  ...  [[20, 28, 18, 25, 30, 27, 29, 19, 26, 16, 20, ...    C
1    2023-11-01   18  ...  [[23, 18, 34, 27, 30, 32, 28, 27, 24, 17, 26, ...    C
2    2023-11-01   18  ...  [[23, 31, 21, 16, 34, 19, 22, 30, 21, 21, 28, ...    C
3    2023-11-01   18  ...  [[15, 23, 33, 20, 23, 18, 20, 22, 29, 15, 27, ...    C
4    2023-11-01   18  ...  [[22, 25, 25, 25, 17, 34, 20, 32, 20, 29, 18, ...    C
..          ...  ...  ...                                                ...   ...
244  2023-11-01   18  ...  [[27, 21, 19, 27, 22, 23, 20, 34, 19, 19, 33, ...    C
245  2023-11-01   18  ...  [[19, 20, 30, 29, 19, 29, 18, 16, 29, 15, 23, ...    C
246  2023-11-01   18  ...  [[15, 16, 26, 30, 24, 23, 30, 26, 29, 24, 28, ...    C
247  2023-11-01   18  ...  [[18, 25, 25, 32, 21, 29, 34, 34, 28, 29, 20, ...    C
248  2023-11-01   18  ...  [[18, 25, 30, 33, 24, 28, 15, 32, 33, 15, 32, ...    C

[249 rows x 8 columns]
INFO:     192.168.0.5:56450 - "GET /parquet/local/200?date=2023-11-01&time=18 HTTP/1.1" 200 OK
/home/hooniegit/git/fastapi-load/utils/update_parquet.py:27: UserWarning: pandas only supports SQLAlchemy connectable (engine/connection) or database string URI or sqlite3 DBAPI2 connection. Other DBAPI2 objects are not tested. Please consider using SQLAlchemy.
  df = pd.read_sql(query, conn, params=params)
           date hour      time  location_id  sensor_id value_type  value unit
0    2023-11-01   18  18:12:58           10        300        CH4    0.2  ppm
1    2023-11-01   18  18:12:59           10        300        CH4    0.6  ppm
2    2023-11-01   18  18:13:00           10        300        CH4    0.1  ppm
3    2023-11-01   18  18:13:01           10        300        CH4    0.3  ppm
4    2023-11-01   18  18:13:02           10        300        CH4    0.1  ppm
..          ...  ...       ...          ...        ...        ...    ...  ...
233  2023-11-01   18  18:26:54           10        300        CH4    0.4  ppm
234  2023-11-01   18  18:26:55           10        300        CH4    0.4  ppm
235  2023-11-01   18  18:26:56           10        300        CH4    0.6  ppm
236  2023-11-01   18  18:26:57           10        300        CH4    0.7  ppm
237  2023-11-01   18  18:26:58           10        300        CH4    0.0  ppm

[238 rows x 8 columns]
INFO:     192.168.0.5:36778 - "GET /parquet/local/300?date=2023-11-01&time=18 HTTP/1.1" 200 OK
/home/hooniegit/git/fastapi-load/utils/update_parquet.py:27: UserWarning: pandas only supports SQLAlchemy connectable (engine/connection) or database string URI or sqlite3 DBAPI2 connection. Other DBAPI2 objects are not tested. Please consider using SQLAlchemy.
  df = pd.read_sql(query, conn, params=params)
INFO:     192.168.0.5:60200 - "GET /parquet/local/100?date=2023-10-28&time=16 HTTP/1.1" 500 Internal Server Error
ERROR:    Exception in ASGI application
Traceback (most recent call last):
  File "/home/hooniegit/.local/lib/python3.10/site-packages/pandas/io/sql.py", line 2264, in execute
    cur.execute(sql, *args)
  File "/home/hooniegit/.local/lib/python3.10/site-packages/mysql/connector/cursor_cext.py", line 317, in execute
    prepared = self._cnx.prepare_for_mysql(params)
  File "/home/hooniegit/.local/lib/python3.10/site-packages/mysql/connector/connection_cext.py", line 808, in prepare_for_mysql
    result = self._cmysql.convert_to_mysql(*params)
_mysql_connector.MySQLInterfaceError: Python type tuple cannot be converted

The above exception was the direct cause of the following exception:

Traceback (most recent call last):
  File "/home/hooniegit/.local/lib/python3.10/site-packages/uvicorn/protocols/http/httptools_impl.py", line 426, in run_asgi
    result = await app(  # type: ignore[func-returns-value]
  File "/home/hooniegit/.local/lib/python3.10/site-packages/uvicorn/middleware/proxy_headers.py", line 84, in __call__
    return await self.app(scope, receive, send)
  File "/home/hooniegit/.local/lib/python3.10/site-packages/fastapi/applications.py", line 1115, in __call__
    await super().__call__(scope, receive, send)
  File "/home/hooniegit/.local/lib/python3.10/site-packages/starlette/applications.py", line 122, in __call__
    await self.middleware_stack(scope, receive, send)
  File "/home/hooniegit/.local/lib/python3.10/site-packages/starlette/middleware/errors.py", line 184, in __call__
    raise exc
  File "/home/hooniegit/.local/lib/python3.10/site-packages/starlette/middleware/errors.py", line 162, in __call__
    await self.app(scope, receive, _send)
  File "/home/hooniegit/.local/lib/python3.10/site-packages/starlette/middleware/exceptions.py", line 79, in __call__
    raise exc
  File "/home/hooniegit/.local/lib/python3.10/site-packages/starlette/middleware/exceptions.py", line 68, in __call__
    await self.app(scope, receive, sender)
  File "/home/hooniegit/.local/lib/python3.10/site-packages/fastapi/middleware/asyncexitstack.py", line 20, in __call__
    raise e
  File "/home/hooniegit/.local/lib/python3.10/site-packages/fastapi/middleware/asyncexitstack.py", line 17, in __call__
    await self.app(scope, receive, send)
  File "/home/hooniegit/.local/lib/python3.10/site-packages/starlette/routing.py", line 718, in __call__
    await route.handle(scope, receive, send)
  File "/home/hooniegit/.local/lib/python3.10/site-packages/starlette/routing.py", line 276, in handle
    await self.app(scope, receive, send)
  File "/home/hooniegit/.local/lib/python3.10/site-packages/starlette/routing.py", line 66, in app
    response = await func(request)
  File "/home/hooniegit/.local/lib/python3.10/site-packages/fastapi/routing.py", line 274, in app
    raw_response = await run_endpoint_function(
  File "/home/hooniegit/.local/lib/python3.10/site-packages/fastapi/routing.py", line 191, in run_endpoint_function
    return await dependant.call(**values)
  File "/home/hooniegit/git/fastapi-load/routers/update_parquet_router.py", line 15, in update_parquet_local_100
    return update_parquet_local(table_name, location_id, sensor_id, date, time)
  File "/home/hooniegit/git/fastapi-load/utils/update_parquet.py", line 27, in update_parquet_local
    df = pd.read_sql(query, conn, params=params)
  File "/home/hooniegit/.local/lib/python3.10/site-packages/pandas/io/sql.py", line 654, in read_sql
    return pandas_sql.read_query(
  File "/home/hooniegit/.local/lib/python3.10/site-packages/pandas/io/sql.py", line 2328, in read_query
    cursor = self.execute(sql, params)
  File "/home/hooniegit/.local/lib/python3.10/site-packages/pandas/io/sql.py", line 2276, in execute
    raise ex from exc
pandas.errors.DatabaseError: Execution failed on sql 'SELECT date, DATE_FORMAT(time, %s) as hour, DATE_FORMAT(time, %s) as time, location_id, sensor_id, value_type, value, unit FROM matrix 
                WHERE date = %s 
                AND location_id = %s
                AND sensor_id = %s
                AND time BETWEEN %s AND %s': Python type tuple cannot be converted
           date hour  ...                                              value  unit
0    2023-11-01   18  ...  [[20, 28, 18, 25, 30, 27, 29, 19, 26, 16, 20, ...    C
1    2023-11-01   18  ...  [[23, 18, 34, 27, 30, 32, 28, 27, 24, 17, 26, ...    C
2    2023-11-01   18  ...  [[23, 31, 21, 16, 34, 19, 22, 30, 21, 21, 28, ...    C
3    2023-11-01   18  ...  [[15, 23, 33, 20, 23, 18, 20, 22, 29, 15, 27, ...    C
4    2023-11-01   18  ...  [[22, 25, 25, 25, 17, 34, 20, 32, 20, 29, 18, ...    C
..          ...  ...  ...                                                ...   ...
244  2023-11-01   18  ...  [[27, 21, 19, 27, 22, 23, 20, 34, 19, 19, 33, ...    C
245  2023-11-01   18  ...  [[19, 20, 30, 29, 19, 29, 18, 16, 29, 15, 23, ...    C
246  2023-11-01   18  ...  [[15, 16, 26, 30, 24, 23, 30, 26, 29, 24, 28, ...    C
247  2023-11-01   18  ...  [[18, 25, 25, 32, 21, 29, 34, 34, 28, 29, 20, ...    C
248  2023-11-01   18  ...  [[18, 25, 30, 33, 24, 28, 15, 32, 33, 15, 32, ...    C

[249 rows x 8 columns]
INFO:     192.168.0.5:56794 - "GET /parquet/local/200?date=2023-11-01&time=18 HTTP/1.1" 200 OK
/home/hooniegit/git/fastapi-load/utils/update_parquet.py:27: UserWarning: pandas only supports SQLAlchemy connectable (engine/connection) or database string URI or sqlite3 DBAPI2 connection. Other DBAPI2 objects are not tested. Please consider using SQLAlchemy.
  df = pd.read_sql(query, conn, params=params)
INFO:     192.168.0.5:51764 - "GET /parquet/local/100?date=2023-11-02&time=00 HTTP/1.1" 500 Internal Server Error
ERROR:    Exception in ASGI application
Traceback (most recent call last):
  File "/home/hooniegit/.local/lib/python3.10/site-packages/pandas/io/sql.py", line 2264, in execute
    cur.execute(sql, *args)
  File "/home/hooniegit/.local/lib/python3.10/site-packages/mysql/connector/cursor_cext.py", line 317, in execute
    prepared = self._cnx.prepare_for_mysql(params)
  File "/home/hooniegit/.local/lib/python3.10/site-packages/mysql/connector/connection_cext.py", line 808, in prepare_for_mysql
    result = self._cmysql.convert_to_mysql(*params)
_mysql_connector.MySQLInterfaceError: Python type tuple cannot be converted

The above exception was the direct cause of the following exception:

Traceback (most recent call last):
  File "/home/hooniegit/.local/lib/python3.10/site-packages/uvicorn/protocols/http/httptools_impl.py", line 426, in run_asgi
    result = await app(  # type: ignore[func-returns-value]
  File "/home/hooniegit/.local/lib/python3.10/site-packages/uvicorn/middleware/proxy_headers.py", line 84, in __call__
    return await self.app(scope, receive, send)
  File "/home/hooniegit/.local/lib/python3.10/site-packages/fastapi/applications.py", line 1115, in __call__
    await super().__call__(scope, receive, send)
  File "/home/hooniegit/.local/lib/python3.10/site-packages/starlette/applications.py", line 122, in __call__
    await self.middleware_stack(scope, receive, send)
  File "/home/hooniegit/.local/lib/python3.10/site-packages/starlette/middleware/errors.py", line 184, in __call__
    raise exc
  File "/home/hooniegit/.local/lib/python3.10/site-packages/starlette/middleware/errors.py", line 162, in __call__
    await self.app(scope, receive, _send)
  File "/home/hooniegit/.local/lib/python3.10/site-packages/starlette/middleware/exceptions.py", line 79, in __call__
    raise exc
  File "/home/hooniegit/.local/lib/python3.10/site-packages/starlette/middleware/exceptions.py", line 68, in __call__
    await self.app(scope, receive, sender)
  File "/home/hooniegit/.local/lib/python3.10/site-packages/fastapi/middleware/asyncexitstack.py", line 20, in __call__
    raise e
  File "/home/hooniegit/.local/lib/python3.10/site-packages/fastapi/middleware/asyncexitstack.py", line 17, in __call__
    await self.app(scope, receive, send)
  File "/home/hooniegit/.local/lib/python3.10/site-packages/starlette/routing.py", line 718, in __call__
    await route.handle(scope, receive, send)
  File "/home/hooniegit/.local/lib/python3.10/site-packages/starlette/routing.py", line 276, in handle
    await self.app(scope, receive, send)
  File "/home/hooniegit/.local/lib/python3.10/site-packages/starlette/routing.py", line 66, in app
    response = await func(request)
  File "/home/hooniegit/.local/lib/python3.10/site-packages/fastapi/routing.py", line 274, in app
    raw_response = await run_endpoint_function(
  File "/home/hooniegit/.local/lib/python3.10/site-packages/fastapi/routing.py", line 191, in run_endpoint_function
    return await dependant.call(**values)
  File "/home/hooniegit/git/fastapi-load/routers/update_parquet_router.py", line 15, in update_parquet_local_100
    return update_parquet_local(table_name, location_id, sensor_id, date, time)
  File "/home/hooniegit/git/fastapi-load/utils/update_parquet.py", line 27, in update_parquet_local
    df = pd.read_sql(query, conn, params=params)
  File "/home/hooniegit/.local/lib/python3.10/site-packages/pandas/io/sql.py", line 654, in read_sql
    return pandas_sql.read_query(
  File "/home/hooniegit/.local/lib/python3.10/site-packages/pandas/io/sql.py", line 2328, in read_query
    cursor = self.execute(sql, params)
  File "/home/hooniegit/.local/lib/python3.10/site-packages/pandas/io/sql.py", line 2276, in execute
    raise ex from exc
pandas.errors.DatabaseError: Execution failed on sql 'SELECT date, DATE_FORMAT(time, %s) as hour, DATE_FORMAT(time, %s) as time, location_id, sensor_id, value_type, value, unit FROM matrix 
                WHERE date = %s 
                AND location_id = %s
                AND sensor_id = %s
                AND time BETWEEN %s AND %s': Python type tuple cannot be converted
INFO:     Shutting down
INFO:     Waiting for application shutdown.
INFO:     Application shutdown complete.
INFO:     Finished server process [690818]
INFO:     Started server process [705321]
INFO:     Waiting for application startup.
INFO:     Application startup complete.
INFO:     Uvicorn running on http://0.0.0.0:8000 (Press CTRL+C to quit)
/home/hooniegit/git/fastapi-load/utils/update_parquet.py:27: UserWarning: pandas only supports SQLAlchemy connectable (engine/connection) or database string URI or sqlite3 DBAPI2 connection. Other DBAPI2 objects are not tested. Please consider using SQLAlchemy.
  df = pd.read_sql(query, conn, params=params)
          date hour  ...                                              value  unit
0   2023-11-02   00  ...  [[15, 29, 23, 23, 29, 30, 16, 22], [27, 34, 28...    C
1   2023-11-02   00  ...  [[32, 28, 29, 33, 26, 21, 15, 28], [21, 32, 26...    C
2   2023-11-02   00  ...  [[29, 30, 18, 29, 33, 29, 29, 22], [16, 34, 30...    C
3   2023-11-02   00  ...  [[20, 19, 28, 34, 17, 31, 15, 30], [31, 19, 30...    C
4   2023-11-02   00  ...  [[25, 16, 33, 15, 25, 19, 16, 22], [32, 26, 33...    C
5   2023-11-02   00  ...  [[26, 32, 25, 32, 33, 34, 31, 28], [26, 27, 20...    C
6   2023-11-02   00  ...  [[27, 19, 26, 19, 32, 19, 25, 34], [28, 20, 31...    C
7   2023-11-02   00  ...  [[17, 22, 30, 21, 33, 32, 16, 32], [26, 27, 16...    C
8   2023-11-02   00  ...  [[32, 25, 25, 27, 33, 24, 16, 18], [15, 22, 29...    C
9   2023-11-02   00  ...  [[24, 25, 18, 21, 20, 17, 29, 21], [23, 20, 26...    C
10  2023-11-02   00  ...  [[32, 30, 27, 23, 31, 34, 25, 25], [24, 29, 34...    C
11  2023-11-02   00  ...  [[16, 29, 20, 23, 20, 25, 27, 27], [17, 19, 30...    C
12  2023-11-02   00  ...  [[16, 32, 19, 23, 33, 34, 20, 16], [34, 23, 20...    C
13  2023-11-02   00  ...  [[25, 23, 26, 27, 24, 26, 28, 32], [19, 29, 23...    C
14  2023-11-02   00  ...  [[29, 34, 34, 26, 31, 19, 29, 21], [33, 28, 22...    C
15  2023-11-02   00  ...  [[32, 26, 29, 29, 20, 22, 15, 33], [16, 32, 19...    C
16  2023-11-02   00  ...  [[17, 18, 15, 17, 26, 31, 16, 18], [16, 23, 24...    C
17  2023-11-02   00  ...  [[25, 22, 19, 19, 22, 18, 17, 19], [19, 27, 30...    C
18  2023-11-02   00  ...  [[19, 33, 30, 32, 15, 17, 23, 34], [25, 33, 34...    C
19  2023-11-02   00  ...  [[18, 33, 31, 32, 20, 21, 30, 23], [21, 21, 16...    C
20  2023-11-02   00  ...  [[16, 30, 26, 27, 15, 15, 19, 29], [21, 19, 17...    C
21  2023-11-02   00  ...  [[26, 28, 30, 23, 22, 17, 24, 25], [30, 16, 22...    C
22  2023-11-02   00  ...  [[29, 34, 20, 18, 21, 32, 23, 32], [19, 18, 21...    C
23  2023-11-02   00  ...  [[25, 33, 34, 15, 31, 18, 29, 17], [27, 18, 19...    C
24  2023-11-02   00  ...  [[26, 16, 24, 28, 34, 29, 31, 22], [23, 24, 22...    C
25  2023-11-02   00  ...  [[20, 25, 30, 21, 17, 16, 31, 31], [25, 29, 31...    C
26  2023-11-02   00  ...  [[33, 34, 30, 17, 16, 24, 29, 21], [25, 30, 31...    C
27  2023-11-02   00  ...  [[24, 20, 33, 16, 32, 24, 22, 31], [16, 22, 15...    C
28  2023-11-02   00  ...  [[29, 23, 22, 18, 27, 15, 26, 33], [27, 17, 31...    C
29  2023-11-02   00  ...  [[33, 27, 23, 17, 24, 27, 32, 16], [21, 34, 34...    C

[30 rows x 8 columns]
INFO:     192.168.0.5:50442 - "GET /parquet/local/100?date=2023-11-02&time=00 HTTP/1.1" 200 OK
Created HDFS directory: /hanul/measurement/location_id=7/sensor_id=100/date=2023-11-02/hour=0
b''
b"put: `/home/hooniegit/git/fastapi-load/lib/../data/parquet/location_id=7/sensor_id=100/date=2023-11-02/hour=0': No such file or directory\n"
INFO:     192.168.0.5:59330 - "GET /parquet/hdfs/100?date=2023-11-02&time=00 HTTP/1.1" 200 OK
Created HDFS directory: /hanul/measurement/location_id=7/sensor_id=100/date=2023-11-02/hour=0
b''
b"put: `/home/hooniegit/git/fastapi-load/lib/../data/parquet/location_id=7/sensor_id=100/date=2023-11-02/hour=0': No such file or directory\n"
INFO:     192.168.0.5:46508 - "GET /parquet/hdfs/100?date=2023-11-02&time=00 HTTP/1.1" 200 OK
Created HDFS directory: /hanul/measurement/location_id=7/sensor_id=100/date=2023-11-02/hour=0
b''
b"put: `/home/hooniegit/git/fastapi-load/lib/../data/parquet/location_id=7/sensor_id=100/date=2023-11-02/hour=0': No such file or directory\n"
INFO:     192.168.0.5:56908 - "GET /parquet/hdfs/100?date=2023-11-02&time=00 HTTP/1.1" 200 OK
Created HDFS directory: /hanul/measurement/location_id=7/sensor_id=100/date=2023-11-02/hour=0
b''
b"put: `/home/hooniegit/git/fastapi-load/lib/../data/parquet/location_id=7/sensor_id=100/date=2023-11-02/hour=0': No such file or directory\n"
INFO:     192.168.0.5:36948 - "GET /parquet/hdfs/100?date=2023-11-02&time=00 HTTP/1.1" 200 OK
